<?xml version="1.0" encoding="utf-8"?>
<CoverageSession xmlns:xsd="http://www.w3.org/2001/XMLSchema" xmlns:xsi="http://www.w3.org/2001/XMLSchema-instance" Version="4.7.922.0">
  <Summary numSequencePoints="384" visitedSequencePoints="285" numBranchPoints="169" visitedBranchPoints="119" sequenceCoverage="74.22" branchCoverage="70.41" maxCyclomaticComplexity="11" minCyclomaticComplexity="1" maxCrapScore="42" minCrapScore="1" visitedClasses="15" numClasses="16" visitedMethods="61" numMethods="85" />
  <Modules>
    <Module hash="59-C8-D3-73-C5-7D-E6-FB-4C-94-AF-C8-3F-F1-8F-A4-17-43-CE-17">
      <Summary numSequencePoints="104" visitedSequencePoints="102" numBranchPoints="29" visitedBranchPoints="27" sequenceCoverage="98.08" branchCoverage="93.10" maxCyclomaticComplexity="3" minCyclomaticComplexity="1" maxCrapScore="3" minCrapScore="1" visitedClasses="6" numClasses="6" visitedMethods="25" numMethods="25" />
      <ModulePath>C:\Users\2sust\source\repos\OOP_LABS\LabWorkNo11\Task2Test\bin\Debug\fine-code-coverage\build-output\Task2Test.dll</ModulePath>
      <ModuleTime>2021-11-27T07:34:39.2964881Z</ModuleTime>
      <ModuleName>Task2Test</ModuleName>
      <Files>
        <File uid="1" fullPath="C:\Users\2sust\source\repos\OOP_LABS\LabWorkNo11\Task2Test\TrainTests.cs" />
        <File uid="4" fullPath="C:\Users\2sust\source\repos\OOP_LABS\LabWorkNo11\Task2Test\ExpressTests.cs" />
        <File uid="5" fullPath="C:\Users\2sust\source\repos\OOP_LABS\LabWorkNo11\Task2Test\RequestTests.cs" />
      </Files>
      <Classes>
        <Class>
          <Summary numSequencePoints="37" visitedSequencePoints="37" numBranchPoints="14" visitedBranchPoints="12" sequenceCoverage="100" branchCoverage="85.71" maxCyclomaticComplexity="3" minCyclomaticComplexity="1" maxCrapScore="3" minCrapScore="1" visitedClasses="1" numClasses="1" visitedMethods="10" numMethods="10" />
          <FullName>Task2Test.TrainTests</FullName>
          <Methods>
            <Method visited="true" cyclomaticComplexity="1" nPathComplexity="0" sequenceCoverage="100" branchCoverage="100" crapScore="1" isConstructor="false" isStatic="false" isGetter="false" isSetter="false">
              <Summary numSequencePoints="3" visitedSequencePoints="3" numBranchPoints="1" visitedBranchPoints="1" sequenceCoverage="100" branchCoverage="100" maxCyclomaticComplexity="1" minCyclomaticComplexity="1" maxCrapScore="1" minCrapScore="1" visitedClasses="0" numClasses="0" visitedMethods="1" numMethods="1" />
              <MetadataToken>100663297</MetadataToken>
              <Name>System.Void Task2Test.TrainTests::PassengerCarsInitialization()</Name>
              <FileRef uid="1" />
              <SequencePoints>
                <SequencePoint vc="1" uspid="1" ordinal="0" offset="0" sl="12" sc="9" el="12" ec="10" bec="0" bev="0" fileid="1" />
                <SequencePoint vc="1" uspid="2" ordinal="1" offset="1" sl="13" sc="13" el="13" ec="48" bec="0" bev="0" fileid="1" />
                <SequencePoint vc="1" uspid="3" ordinal="2" offset="13" sl="14" sc="9" el="14" ec="10" bec="0" bev="0" fileid="1" />
              </SequencePoints>
              <BranchPoints />
              <MethodPoint xsi:type="SequencePoint" vc="1" uspid="1" ordinal="0" offset="0" sl="12" sc="9" el="12" ec="10" bec="0" bev="0" fileid="1" />
            </Method>
            <Method visited="true" cyclomaticComplexity="1" nPathComplexity="0" sequenceCoverage="100" branchCoverage="100" crapScore="1" isConstructor="false" isStatic="false" isGetter="false" isSetter="false">
              <Summary numSequencePoints="6" visitedSequencePoints="6" numBranchPoints="1" visitedBranchPoints="1" sequenceCoverage="100" branchCoverage="100" maxCyclomaticComplexity="1" minCyclomaticComplexity="1" maxCrapScore="1" minCrapScore="1" visitedClasses="0" numClasses="0" visitedMethods="1" numMethods="1" />
              <MetadataToken>100663298</MetadataToken>
              <Name>System.Void Task2Test.TrainTests::PassengerCarInvalidInitialization()</Name>
              <FileRef uid="1" />
              <SequencePoints>
                <SequencePoint vc="1" uspid="4" ordinal="0" offset="0" sl="18" sc="9" el="18" ec="10" bec="0" bev="0" fileid="1" />
                <SequencePoint vc="1" uspid="5" ordinal="1" offset="1" sl="19" sc="13" el="19" ec="97" bec="0" bev="0" fileid="1" />
                <SequencePoint vc="1" uspid="6" ordinal="2" offset="19" sl="20" sc="13" el="20" ec="97" bec="0" bev="0" fileid="1" />
                <SequencePoint vc="1" uspid="7" ordinal="3" offset="37" sl="21" sc="13" el="21" ec="97" bec="0" bev="0" fileid="1" />
                <SequencePoint vc="1" uspid="8" ordinal="4" offset="55" sl="22" sc="13" el="22" ec="97" bec="0" bev="0" fileid="1" />
                <SequencePoint vc="1" uspid="9" ordinal="5" offset="73" sl="23" sc="9" el="23" ec="10" bec="0" bev="0" fileid="1" />
              </SequencePoints>
              <BranchPoints />
              <MethodPoint xsi:type="SequencePoint" vc="1" uspid="4" ordinal="0" offset="0" sl="18" sc="9" el="18" ec="10" bec="0" bev="0" fileid="1" />
            </Method>
            <Method visited="true" cyclomaticComplexity="1" nPathComplexity="0" sequenceCoverage="100" branchCoverage="100" crapScore="1" isConstructor="false" isStatic="false" isGetter="false" isSetter="false">
              <Summary numSequencePoints="11" visitedSequencePoints="11" numBranchPoints="1" visitedBranchPoints="1" sequenceCoverage="100" branchCoverage="100" maxCyclomaticComplexity="1" minCyclomaticComplexity="1" maxCrapScore="1" minCrapScore="1" visitedClasses="0" numClasses="0" visitedMethods="1" numMethods="1" />
              <MetadataToken>100663299</MetadataToken>
              <Name>System.Void Task2Test.TrainTests::InitiatePassengerCars(System.Int32,System.Int32,System.Int32,System.Int32)</Name>
              <FileRef uid="1" />
              <SequencePoints>
                <SequencePoint vc="5" uspid="10" ordinal="0" offset="0" sl="26" sc="9" el="26" ec="10" bec="0" bev="0" fileid="1" />
                <SequencePoint vc="5" uspid="11" ordinal="1" offset="1" sl="27" sc="13" el="31" ec="41" bec="0" bev="0" fileid="1" />
                <SequencePoint vc="1" uspid="12" ordinal="2" offset="12" sl="33" sc="13" el="37" ec="46" bec="0" bev="0" fileid="1" />
                <SequencePoint vc="1" uspid="13" ordinal="3" offset="22" sl="39" sc="13" el="39" ec="53" bec="0" bev="0" fileid="1" />
                <SequencePoint vc="1" uspid="14" ordinal="4" offset="35" sl="40" sc="13" el="40" ec="57" bec="0" bev="0" fileid="1" />
                <SequencePoint vc="1" uspid="15" ordinal="5" offset="48" sl="41" sc="13" el="41" ec="70" bec="0" bev="0" fileid="1" />
                <SequencePoint vc="1" uspid="16" ordinal="6" offset="61" sl="42" sc="13" el="42" ec="65" bec="0" bev="0" fileid="1" />
                <SequencePoint vc="1" uspid="17" ordinal="7" offset="75" sl="44" sc="13" el="50" ec="15" bec="0" bev="0" fileid="1" />
                <SequencePoint vc="1" uspid="18" ordinal="8" offset="114" sl="52" sc="13" el="52" ec="51" bec="0" bev="0" fileid="1" />
                <SequencePoint vc="1" uspid="19" ordinal="9" offset="122" sl="53" sc="13" el="53" ec="76" bec="0" bev="0" fileid="1" />
                <SequencePoint vc="1" uspid="20" ordinal="10" offset="137" sl="54" sc="9" el="54" ec="10" bec="0" bev="0" fileid="1" />
              </SequencePoints>
              <BranchPoints />
              <MethodPoint xsi:type="SequencePoint" vc="5" uspid="10" ordinal="0" offset="0" sl="26" sc="9" el="26" ec="10" bec="0" bev="0" fileid="1" />
            </Method>
            <Method visited="true" cyclomaticComplexity="1" nPathComplexity="0" sequenceCoverage="100" branchCoverage="100" crapScore="1" isConstructor="false" isStatic="false" isGetter="false" isSetter="false">
              <Summary numSequencePoints="4" visitedSequencePoints="4" numBranchPoints="1" visitedBranchPoints="1" sequenceCoverage="100" branchCoverage="100" maxCyclomaticComplexity="1" minCyclomaticComplexity="1" maxCrapScore="1" minCrapScore="1" visitedClasses="0" numClasses="0" visitedMethods="1" numMethods="1" />
              <MetadataToken>100663300</MetadataToken>
              <Name>System.Void Task2Test.TrainTests::AddTooManyPassengers()</Name>
              <FileRef uid="1" />
              <SequencePoints>
                <SequencePoint vc="1" uspid="21" ordinal="0" offset="6" sl="58" sc="9" el="58" ec="10" bec="0" bev="0" fileid="1" />
                <SequencePoint vc="1" uspid="22" ordinal="1" offset="7" sl="59" sc="13" el="63" ec="32" bec="0" bev="0" fileid="1" />
                <SequencePoint vc="1" uspid="23" ordinal="2" offset="22" sl="65" sc="13" el="70" ec="30" bec="0" bev="0" fileid="1" />
                <SequencePoint vc="1" uspid="24" ordinal="3" offset="40" sl="71" sc="9" el="71" ec="10" bec="0" bev="0" fileid="1" />
              </SequencePoints>
              <BranchPoints />
              <MethodPoint vc="1" uspid="25" ordinal="0" offset="0" />
            </Method>
            <Method visited="true" cyclomaticComplexity="3" nPathComplexity="4" sequenceCoverage="100" branchCoverage="60" crapScore="3" isConstructor="false" isStatic="false" isGetter="false" isSetter="false">
              <Summary numSequencePoints="4" visitedSequencePoints="4" numBranchPoints="5" visitedBranchPoints="3" sequenceCoverage="100" branchCoverage="60" maxCyclomaticComplexity="3" minCyclomaticComplexity="3" maxCrapScore="3" minCrapScore="3" visitedClasses="0" numClasses="0" visitedMethods="1" numMethods="1" />
              <MetadataToken>100663301</MetadataToken>
              <Name>System.Void Task2Test.TrainTests::SetInvalidAdditionalParameters()</Name>
              <FileRef uid="1" />
              <SequencePoints>
                <SequencePoint vc="1" uspid="26" ordinal="0" offset="0" sl="75" sc="9" el="75" ec="10" bec="0" bev="0" fileid="1" />
                <SequencePoint vc="1" uspid="27" ordinal="1" offset="1" sl="76" sc="13" el="82" ec="16" bec="2" bev="1" fileid="1" />
                <SequencePoint vc="1" uspid="28" ordinal="2" offset="38" sl="84" sc="13" el="90" ec="16" bec="2" bev="1" fileid="1" />
                <SequencePoint vc="1" uspid="29" ordinal="3" offset="75" sl="91" sc="9" el="91" ec="10" bec="0" bev="0" fileid="1" />
              </SequencePoints>
              <BranchPoints>
                <BranchPoint vc="1" uspid="30" ordinal="0" offset="7" sl="76" path="0" offsetend="9" fileid="1" />
                <BranchPoint vc="0" uspid="31" ordinal="1" offset="7" sl="76" path="1" offsetend="32" fileid="1" />
                <BranchPoint vc="1" uspid="32" ordinal="2" offset="44" sl="84" path="0" offsetend="46" fileid="1" />
                <BranchPoint vc="0" uspid="33" ordinal="3" offset="44" sl="84" path="1" offsetend="69" fileid="1" />
              </BranchPoints>
              <MethodPoint xsi:type="SequencePoint" vc="1" uspid="26" ordinal="0" offset="0" sl="75" sc="9" el="75" ec="10" bec="0" bev="0" fileid="1" />
            </Method>
            <Method visited="true" cyclomaticComplexity="1" nPathComplexity="0" sequenceCoverage="100" branchCoverage="100" crapScore="1" isConstructor="false" isStatic="false" isGetter="false" isSetter="false">
              <Summary numSequencePoints="5" visitedSequencePoints="5" numBranchPoints="1" visitedBranchPoints="1" sequenceCoverage="100" branchCoverage="100" maxCyclomaticComplexity="1" minCyclomaticComplexity="1" maxCrapScore="1" minCrapScore="1" visitedClasses="0" numClasses="0" visitedMethods="1" numMethods="1" />
              <MetadataToken>100663302</MetadataToken>
              <Name>System.Void Task2Test.TrainTests::InitiateServiceCars()</Name>
              <FileRef uid="1" />
              <SequencePoints>
                <SequencePoint vc="1" uspid="34" ordinal="0" offset="0" sl="95" sc="9" el="95" ec="10" bec="0" bev="0" fileid="1" />
                <SequencePoint vc="1" uspid="35" ordinal="1" offset="1" sl="96" sc="13" el="100" ec="30" bec="0" bev="0" fileid="1" />
                <SequencePoint vc="1" uspid="36" ordinal="2" offset="11" sl="102" sc="13" el="102" ec="56" bec="0" bev="0" fileid="1" />
                <SequencePoint vc="1" uspid="37" ordinal="3" offset="24" sl="103" sc="13" el="103" ec="53" bec="0" bev="0" fileid="1" />
                <SequencePoint vc="1" uspid="38" ordinal="4" offset="37" sl="104" sc="9" el="104" ec="10" bec="0" bev="0" fileid="1" />
              </SequencePoints>
              <BranchPoints />
              <MethodPoint xsi:type="SequencePoint" vc="1" uspid="34" ordinal="0" offset="0" sl="95" sc="9" el="95" ec="10" bec="0" bev="0" fileid="1" />
            </Method>
            <Method visited="false" cyclomaticComplexity="1" nPathComplexity="0" sequenceCoverage="0" branchCoverage="0" crapScore="2" isConstructor="true" isStatic="false" isGetter="false" isSetter="false">
              <Summary numSequencePoints="0" visitedSequencePoints="0" numBranchPoints="0" visitedBranchPoints="0" sequenceCoverage="0" branchCoverage="0" maxCyclomaticComplexity="1" minCyclomaticComplexity="1" maxCrapScore="2" minCrapScore="2" visitedClasses="0" numClasses="0" visitedMethods="0" numMethods="0" />
              <MetadataToken>100663303</MetadataToken>
              <Name>System.Void Task2Test.TrainTests::.ctor()</Name>
              <SequencePoints />
              <BranchPoints />
              <MethodPoint vc="0" uspid="39" ordinal="0" offset="0" />
            </Method>
            <Method visited="true" cyclomaticComplexity="1" nPathComplexity="0" sequenceCoverage="100" branchCoverage="100" crapScore="1" isConstructor="false" isStatic="false" isGetter="false" isSetter="false">
              <Summary numSequencePoints="1" visitedSequencePoints="1" numBranchPoints="1" visitedBranchPoints="1" sequenceCoverage="100" branchCoverage="100" maxCyclomaticComplexity="1" minCyclomaticComplexity="1" maxCrapScore="1" minCrapScore="1" visitedClasses="0" numClasses="0" visitedMethods="1" numMethods="1" />
              <MetadataToken>100663304</MetadataToken>
              <Name>System.Void Task2Test.TrainTests::&lt;PassengerCarInvalidInitialization&gt;b__1_0()</Name>
              <FileRef uid="1" />
              <SequencePoints>
                <SequencePoint vc="1" uspid="40" ordinal="0" offset="0" sl="19" sc="61" el="19" ec="95" bec="0" bev="0" fileid="1" />
              </SequencePoints>
              <BranchPoints />
              <MethodPoint xsi:type="SequencePoint" vc="1" uspid="40" ordinal="0" offset="0" sl="19" sc="61" el="19" ec="95" bec="0" bev="0" fileid="1" />
            </Method>
            <Method visited="true" cyclomaticComplexity="1" nPathComplexity="0" sequenceCoverage="100" branchCoverage="100" crapScore="1" isConstructor="false" isStatic="false" isGetter="false" isSetter="false">
              <Summary numSequencePoints="1" visitedSequencePoints="1" numBranchPoints="1" visitedBranchPoints="1" sequenceCoverage="100" branchCoverage="100" maxCyclomaticComplexity="1" minCyclomaticComplexity="1" maxCrapScore="1" minCrapScore="1" visitedClasses="0" numClasses="0" visitedMethods="1" numMethods="1" />
              <MetadataToken>100663305</MetadataToken>
              <Name>System.Void Task2Test.TrainTests::&lt;PassengerCarInvalidInitialization&gt;b__1_1()</Name>
              <FileRef uid="1" />
              <SequencePoints>
                <SequencePoint vc="1" uspid="41" ordinal="0" offset="0" sl="20" sc="61" el="20" ec="95" bec="0" bev="0" fileid="1" />
              </SequencePoints>
              <BranchPoints />
              <MethodPoint xsi:type="SequencePoint" vc="1" uspid="41" ordinal="0" offset="0" sl="20" sc="61" el="20" ec="95" bec="0" bev="0" fileid="1" />
            </Method>
            <Method visited="true" cyclomaticComplexity="1" nPathComplexity="0" sequenceCoverage="100" branchCoverage="100" crapScore="1" isConstructor="false" isStatic="false" isGetter="false" isSetter="false">
              <Summary numSequencePoints="1" visitedSequencePoints="1" numBranchPoints="1" visitedBranchPoints="1" sequenceCoverage="100" branchCoverage="100" maxCyclomaticComplexity="1" minCyclomaticComplexity="1" maxCrapScore="1" minCrapScore="1" visitedClasses="0" numClasses="0" visitedMethods="1" numMethods="1" />
              <MetadataToken>100663306</MetadataToken>
              <Name>System.Void Task2Test.TrainTests::&lt;PassengerCarInvalidInitialization&gt;b__1_2()</Name>
              <FileRef uid="1" />
              <SequencePoints>
                <SequencePoint vc="1" uspid="42" ordinal="0" offset="0" sl="21" sc="61" el="21" ec="95" bec="0" bev="0" fileid="1" />
              </SequencePoints>
              <BranchPoints />
              <MethodPoint xsi:type="SequencePoint" vc="1" uspid="42" ordinal="0" offset="0" sl="21" sc="61" el="21" ec="95" bec="0" bev="0" fileid="1" />
            </Method>
            <Method visited="true" cyclomaticComplexity="1" nPathComplexity="0" sequenceCoverage="100" branchCoverage="100" crapScore="1" isConstructor="false" isStatic="false" isGetter="false" isSetter="false">
              <Summary numSequencePoints="1" visitedSequencePoints="1" numBranchPoints="1" visitedBranchPoints="1" sequenceCoverage="100" branchCoverage="100" maxCyclomaticComplexity="1" minCyclomaticComplexity="1" maxCrapScore="1" minCrapScore="1" visitedClasses="0" numClasses="0" visitedMethods="1" numMethods="1" />
              <MetadataToken>100663307</MetadataToken>
              <Name>System.Void Task2Test.TrainTests::&lt;PassengerCarInvalidInitialization&gt;b__1_3()</Name>
              <FileRef uid="1" />
              <SequencePoints>
                <SequencePoint vc="1" uspid="43" ordinal="0" offset="0" sl="22" sc="61" el="22" ec="95" bec="0" bev="0" fileid="1" />
              </SequencePoints>
              <BranchPoints />
              <MethodPoint xsi:type="SequencePoint" vc="1" uspid="43" ordinal="0" offset="0" sl="22" sc="61" el="22" ec="95" bec="0" bev="0" fileid="1" />
            </Method>
          </Methods>
        </Class>
        <Class>
          <Summary numSequencePoints="1" visitedSequencePoints="1" numBranchPoints="1" visitedBranchPoints="1" sequenceCoverage="100" branchCoverage="100" maxCyclomaticComplexity="1" minCyclomaticComplexity="1" maxCrapScore="2" minCrapScore="1" visitedClasses="1" numClasses="1" visitedMethods="1" numMethods="1" />
          <FullName>Task2Test.TrainTests/&lt;&gt;c__DisplayClass3_0</FullName>
          <Methods>
            <Method visited="false" cyclomaticComplexity="1" nPathComplexity="0" sequenceCoverage="0" branchCoverage="0" crapScore="2" isConstructor="true" isStatic="false" isGetter="false" isSetter="false">
              <Summary numSequencePoints="0" visitedSequencePoints="0" numBranchPoints="0" visitedBranchPoints="0" sequenceCoverage="0" branchCoverage="0" maxCyclomaticComplexity="1" minCyclomaticComplexity="1" maxCrapScore="2" minCrapScore="2" visitedClasses="0" numClasses="0" visitedMethods="0" numMethods="0" />
              <MetadataToken>100663320</MetadataToken>
              <Name>System.Void Task2Test.TrainTests/&lt;&gt;c__DisplayClass3_0::.ctor()</Name>
              <SequencePoints />
              <BranchPoints />
              <MethodPoint vc="0" uspid="44" ordinal="0" offset="0" />
            </Method>
            <Method visited="true" cyclomaticComplexity="1" nPathComplexity="0" sequenceCoverage="100" branchCoverage="100" crapScore="1" isConstructor="false" isStatic="false" isGetter="false" isSetter="false">
              <Summary numSequencePoints="1" visitedSequencePoints="1" numBranchPoints="1" visitedBranchPoints="1" sequenceCoverage="100" branchCoverage="100" maxCyclomaticComplexity="1" minCyclomaticComplexity="1" maxCrapScore="1" minCrapScore="1" visitedClasses="0" numClasses="0" visitedMethods="1" numMethods="1" />
              <MetadataToken>100663321</MetadataToken>
              <Name>System.Void Task2Test.TrainTests/&lt;&gt;c__DisplayClass3_0::&lt;AddTooManyPassengers&gt;b__0()</Name>
              <FileRef uid="1" />
              <SequencePoints>
                <SequencePoint vc="1" uspid="45" ordinal="0" offset="0" sl="66" sc="23" el="70" ec="28" bec="0" bev="0" fileid="1" />
              </SequencePoints>
              <BranchPoints />
              <MethodPoint xsi:type="SequencePoint" vc="1" uspid="45" ordinal="0" offset="0" sl="66" sc="23" el="70" ec="28" bec="0" bev="0" fileid="1" />
            </Method>
          </Methods>
        </Class>
        <Class>
          <Summary numSequencePoints="6" visitedSequencePoints="4" numBranchPoints="2" visitedBranchPoints="2" sequenceCoverage="66.67" branchCoverage="100" maxCyclomaticComplexity="1" minCyclomaticComplexity="1" maxCrapScore="2" minCrapScore="1.04" visitedClasses="1" numClasses="1" visitedMethods="2" numMethods="2" />
          <FullName>Task2Test.TrainTests/&lt;&gt;c</FullName>
          <Methods>
            <Method visited="false" cyclomaticComplexity="1" nPathComplexity="0" sequenceCoverage="0" branchCoverage="0" crapScore="2" isConstructor="true" isStatic="true" isGetter="false" isSetter="false">
              <Summary numSequencePoints="0" visitedSequencePoints="0" numBranchPoints="0" visitedBranchPoints="0" sequenceCoverage="0" branchCoverage="0" maxCyclomaticComplexity="1" minCyclomaticComplexity="1" maxCrapScore="2" minCrapScore="2" visitedClasses="0" numClasses="0" visitedMethods="0" numMethods="0" />
              <MetadataToken>100663322</MetadataToken>
              <Name>System.Void Task2Test.TrainTests/&lt;&gt;c::.cctor()</Name>
              <SequencePoints />
              <BranchPoints />
              <MethodPoint vc="0" uspid="46" ordinal="0" offset="0" />
            </Method>
            <Method visited="false" cyclomaticComplexity="1" nPathComplexity="0" sequenceCoverage="0" branchCoverage="0" crapScore="2" isConstructor="true" isStatic="false" isGetter="false" isSetter="false">
              <Summary numSequencePoints="0" visitedSequencePoints="0" numBranchPoints="0" visitedBranchPoints="0" sequenceCoverage="0" branchCoverage="0" maxCyclomaticComplexity="1" minCyclomaticComplexity="1" maxCrapScore="2" minCrapScore="2" visitedClasses="0" numClasses="0" visitedMethods="0" numMethods="0" />
              <MetadataToken>100663323</MetadataToken>
              <Name>System.Void Task2Test.TrainTests/&lt;&gt;c::.ctor()</Name>
              <SequencePoints />
              <BranchPoints />
              <MethodPoint vc="0" uspid="47" ordinal="0" offset="0" />
            </Method>
            <Method visited="true" cyclomaticComplexity="1" nPathComplexity="0" sequenceCoverage="66.67" branchCoverage="100" crapScore="1.04" isConstructor="false" isStatic="false" isGetter="false" isSetter="false">
              <Summary numSequencePoints="3" visitedSequencePoints="2" numBranchPoints="1" visitedBranchPoints="1" sequenceCoverage="66.67" branchCoverage="100" maxCyclomaticComplexity="1" minCyclomaticComplexity="1" maxCrapScore="1.04" minCrapScore="1.04" visitedClasses="0" numClasses="0" visitedMethods="1" numMethods="1" />
              <MetadataToken>100663324</MetadataToken>
              <Name>System.Void Task2Test.TrainTests/&lt;&gt;c::&lt;SetInvalidAdditionalParameters&gt;b__4_0()</Name>
              <FileRef uid="1" />
              <SequencePoints>
                <SequencePoint vc="1" uspid="48" ordinal="0" offset="0" sl="76" sc="61" el="76" ec="62" bec="0" bev="0" fileid="1" />
                <SequencePoint vc="1" uspid="49" ordinal="1" offset="1" sl="77" sc="17" el="81" ec="34" bec="0" bev="0" fileid="1" />
                <SequencePoint vc="0" uspid="50" ordinal="2" offset="12" sl="82" sc="13" el="82" ec="14" bec="0" bev="0" fileid="1" />
              </SequencePoints>
              <BranchPoints />
              <MethodPoint xsi:type="SequencePoint" vc="1" uspid="48" ordinal="0" offset="0" sl="76" sc="61" el="76" ec="62" bec="0" bev="0" fileid="1" />
            </Method>
            <Method visited="true" cyclomaticComplexity="1" nPathComplexity="0" sequenceCoverage="66.67" branchCoverage="100" crapScore="1.04" isConstructor="false" isStatic="false" isGetter="false" isSetter="false">
              <Summary numSequencePoints="3" visitedSequencePoints="2" numBranchPoints="1" visitedBranchPoints="1" sequenceCoverage="66.67" branchCoverage="100" maxCyclomaticComplexity="1" minCyclomaticComplexity="1" maxCrapScore="1.04" minCrapScore="1.04" visitedClasses="0" numClasses="0" visitedMethods="1" numMethods="1" />
              <MetadataToken>100663325</MetadataToken>
              <Name>System.Void Task2Test.TrainTests/&lt;&gt;c::&lt;SetInvalidAdditionalParameters&gt;b__4_1()</Name>
              <FileRef uid="1" />
              <SequencePoints>
                <SequencePoint vc="1" uspid="51" ordinal="0" offset="0" sl="84" sc="61" el="84" ec="62" bec="0" bev="0" fileid="1" />
                <SequencePoint vc="1" uspid="52" ordinal="1" offset="1" sl="85" sc="17" el="89" ec="35" bec="0" bev="0" fileid="1" />
                <SequencePoint vc="0" uspid="53" ordinal="2" offset="12" sl="90" sc="13" el="90" ec="14" bec="0" bev="0" fileid="1" />
              </SequencePoints>
              <BranchPoints />
              <MethodPoint xsi:type="SequencePoint" vc="1" uspid="51" ordinal="0" offset="0" sl="84" sc="61" el="84" ec="62" bec="0" bev="0" fileid="1" />
            </Method>
          </Methods>
        </Class>
        <Class>
          <Summary numSequencePoints="27" visitedSequencePoints="27" numBranchPoints="4" visitedBranchPoints="4" sequenceCoverage="100" branchCoverage="100" maxCyclomaticComplexity="1" minCyclomaticComplexity="1" maxCrapScore="2" minCrapScore="1" visitedClasses="1" numClasses="1" visitedMethods="4" numMethods="4" />
          <FullName>Task2Test.ExpressTests</FullName>
          <Methods>
            <Method visited="true" cyclomaticComplexity="1" nPathComplexity="0" sequenceCoverage="100" branchCoverage="100" crapScore="1" isConstructor="false" isStatic="false" isGetter="false" isSetter="false">
              <Summary numSequencePoints="5" visitedSequencePoints="5" numBranchPoints="1" visitedBranchPoints="1" sequenceCoverage="100" branchCoverage="100" maxCyclomaticComplexity="1" minCyclomaticComplexity="1" maxCrapScore="1" minCrapScore="1" visitedClasses="0" numClasses="0" visitedMethods="1" numMethods="1" />
              <MetadataToken>100663308</MetadataToken>
              <Name>System.Void Task2Test.ExpressTests::InitiateUsableExpress()</Name>
              <FileRef uid="4" />
              <SequencePoints>
                <SequencePoint vc="1" uspid="54" ordinal="0" offset="0" sl="13" sc="9" el="13" ec="10" bec="0" bev="0" fileid="4" />
                <SequencePoint vc="1" uspid="55" ordinal="1" offset="1" sl="14" sc="13" el="42" ec="15" bec="0" bev="0" fileid="4" />
                <SequencePoint vc="1" uspid="56" ordinal="2" offset="109" sl="44" sc="13" el="44" ec="52" bec="0" bev="0" fileid="4" />
                <SequencePoint vc="1" uspid="57" ordinal="3" offset="121" sl="45" sc="13" el="45" ec="56" bec="0" bev="0" fileid="4" />
                <SequencePoint vc="1" uspid="58" ordinal="4" offset="134" sl="46" sc="9" el="46" ec="10" bec="0" bev="0" fileid="4" />
              </SequencePoints>
              <BranchPoints />
              <MethodPoint xsi:type="SequencePoint" vc="1" uspid="54" ordinal="0" offset="0" sl="13" sc="9" el="13" ec="10" bec="0" bev="0" fileid="4" />
            </Method>
            <Method visited="true" cyclomaticComplexity="1" nPathComplexity="0" sequenceCoverage="100" branchCoverage="100" crapScore="1" isConstructor="false" isStatic="false" isGetter="false" isSetter="false">
              <Summary numSequencePoints="7" visitedSequencePoints="7" numBranchPoints="1" visitedBranchPoints="1" sequenceCoverage="100" branchCoverage="100" maxCyclomaticComplexity="1" minCyclomaticComplexity="1" maxCrapScore="1" minCrapScore="1" visitedClasses="0" numClasses="0" visitedMethods="1" numMethods="1" />
              <MetadataToken>100663309</MetadataToken>
              <Name>System.Void Task2Test.ExpressTests::InitiateUnusableExpress()</Name>
              <FileRef uid="4" />
              <SequencePoints>
                <SequencePoint vc="1" uspid="59" ordinal="0" offset="0" sl="50" sc="9" el="50" ec="10" bec="0" bev="0" fileid="4" />
                <SequencePoint vc="1" uspid="60" ordinal="1" offset="1" sl="51" sc="13" el="51" ec="59" bec="0" bev="0" fileid="4" />
                <SequencePoint vc="1" uspid="61" ordinal="2" offset="7" sl="53" sc="13" el="53" ec="54" bec="0" bev="0" fileid="4" />
                <SequencePoint vc="1" uspid="62" ordinal="3" offset="19" sl="54" sc="13" el="54" ec="61" bec="0" bev="0" fileid="4" />
                <SequencePoint vc="1" uspid="63" ordinal="4" offset="31" sl="56" sc="13" el="56" ec="57" bec="0" bev="0" fileid="4" />
                <SequencePoint vc="1" uspid="64" ordinal="5" offset="44" sl="57" sc="13" el="57" ec="61" bec="0" bev="0" fileid="4" />
                <SequencePoint vc="1" uspid="65" ordinal="6" offset="57" sl="58" sc="9" el="58" ec="10" bec="0" bev="0" fileid="4" />
              </SequencePoints>
              <BranchPoints />
              <MethodPoint xsi:type="SequencePoint" vc="1" uspid="59" ordinal="0" offset="0" sl="50" sc="9" el="50" ec="10" bec="0" bev="0" fileid="4" />
            </Method>
            <Method visited="true" cyclomaticComplexity="1" nPathComplexity="0" sequenceCoverage="100" branchCoverage="100" crapScore="1" isConstructor="false" isStatic="false" isGetter="false" isSetter="false">
              <Summary numSequencePoints="9" visitedSequencePoints="9" numBranchPoints="1" visitedBranchPoints="1" sequenceCoverage="100" branchCoverage="100" maxCyclomaticComplexity="1" minCyclomaticComplexity="1" maxCrapScore="1" minCrapScore="1" visitedClasses="0" numClasses="0" visitedMethods="1" numMethods="1" />
              <MetadataToken>100663310</MetadataToken>
              <Name>System.Void Task2Test.ExpressTests::GetValidCountOfPassengers()</Name>
              <FileRef uid="4" />
              <SequencePoints>
                <SequencePoint vc="1" uspid="66" ordinal="0" offset="0" sl="62" sc="9" el="62" ec="10" bec="0" bev="0" fileid="4" />
                <SequencePoint vc="1" uspid="67" ordinal="1" offset="1" sl="63" sc="13" el="82" ec="15" bec="0" bev="0" fileid="4" />
                <SequencePoint vc="1" uspid="68" ordinal="2" offset="57" sl="84" sc="13" el="89" ec="15" bec="0" bev="0" fileid="4" />
                <SequencePoint vc="1" uspid="69" ordinal="3" offset="88" sl="91" sc="13" el="96" ec="15" bec="0" bev="0" fileid="4" />
                <SequencePoint vc="1" uspid="70" ordinal="4" offset="119" sl="98" sc="13" el="98" ec="65" bec="0" bev="0" fileid="4" />
                <SequencePoint vc="1" uspid="71" ordinal="5" offset="138" sl="99" sc="13" el="99" ec="70" bec="0" bev="0" fileid="4" />
                <SequencePoint vc="1" uspid="72" ordinal="6" offset="157" sl="101" sc="13" el="101" ec="61" bec="0" bev="0" fileid="4" />
                <SequencePoint vc="1" uspid="73" ordinal="7" offset="169" sl="102" sc="13" el="102" ec="94" bec="0" bev="0" fileid="4" />
                <SequencePoint vc="1" uspid="74" ordinal="8" offset="188" sl="103" sc="9" el="103" ec="10" bec="0" bev="0" fileid="4" />
              </SequencePoints>
              <BranchPoints />
              <MethodPoint xsi:type="SequencePoint" vc="1" uspid="66" ordinal="0" offset="0" sl="62" sc="9" el="62" ec="10" bec="0" bev="0" fileid="4" />
            </Method>
            <Method visited="true" cyclomaticComplexity="1" nPathComplexity="0" sequenceCoverage="100" branchCoverage="100" crapScore="1" isConstructor="false" isStatic="false" isGetter="false" isSetter="false">
              <Summary numSequencePoints="6" visitedSequencePoints="6" numBranchPoints="1" visitedBranchPoints="1" sequenceCoverage="100" branchCoverage="100" maxCyclomaticComplexity="1" minCyclomaticComplexity="1" maxCrapScore="1" minCrapScore="1" visitedClasses="0" numClasses="0" visitedMethods="1" numMethods="1" />
              <MetadataToken>100663311</MetadataToken>
              <Name>System.Void Task2Test.ExpressTests::GetInvalidCountOfPassengers()</Name>
              <FileRef uid="4" />
              <SequencePoints>
                <SequencePoint vc="1" uspid="75" ordinal="0" offset="0" sl="107" sc="9" el="107" ec="10" bec="0" bev="0" fileid="4" />
                <SequencePoint vc="1" uspid="76" ordinal="1" offset="1" sl="108" sc="13" el="108" ec="54" bec="0" bev="0" fileid="4" />
                <SequencePoint vc="1" uspid="77" ordinal="2" offset="13" sl="109" sc="13" el="109" ec="56" bec="0" bev="0" fileid="4" />
                <SequencePoint vc="1" uspid="78" ordinal="3" offset="26" sl="111" sc="13" el="111" ec="70" bec="0" bev="0" fileid="4" />
                <SequencePoint vc="1" uspid="79" ordinal="4" offset="42" sl="112" sc="13" el="112" ec="57" bec="0" bev="0" fileid="4" />
                <SequencePoint vc="1" uspid="80" ordinal="5" offset="55" sl="113" sc="9" el="113" ec="10" bec="0" bev="0" fileid="4" />
              </SequencePoints>
              <BranchPoints />
              <MethodPoint xsi:type="SequencePoint" vc="1" uspid="75" ordinal="0" offset="0" sl="107" sc="9" el="107" ec="10" bec="0" bev="0" fileid="4" />
            </Method>
            <Method visited="false" cyclomaticComplexity="1" nPathComplexity="0" sequenceCoverage="0" branchCoverage="0" crapScore="2" isConstructor="true" isStatic="false" isGetter="false" isSetter="false">
              <Summary numSequencePoints="0" visitedSequencePoints="0" numBranchPoints="0" visitedBranchPoints="0" sequenceCoverage="0" branchCoverage="0" maxCyclomaticComplexity="1" minCyclomaticComplexity="1" maxCrapScore="2" minCrapScore="2" visitedClasses="0" numClasses="0" visitedMethods="0" numMethods="0" />
              <MetadataToken>100663312</MetadataToken>
              <Name>System.Void Task2Test.ExpressTests::.ctor()</Name>
              <SequencePoints />
              <BranchPoints />
              <MethodPoint vc="0" uspid="81" ordinal="0" offset="0" />
            </Method>
          </Methods>
        </Class>
        <Class>
          <Summary numSequencePoints="30" visitedSequencePoints="30" numBranchPoints="7" visitedBranchPoints="7" sequenceCoverage="100" branchCoverage="100" maxCyclomaticComplexity="1" minCyclomaticComplexity="1" maxCrapScore="1" minCrapScore="1" visitedClasses="1" numClasses="1" visitedMethods="7" numMethods="7" />
          <FullName>Task2Test.RequestTests</FullName>
          <Methods>
            <Method visited="true" cyclomaticComplexity="1" nPathComplexity="0" sequenceCoverage="100" branchCoverage="100" crapScore="1" isConstructor="false" isStatic="false" isGetter="false" isSetter="false">
              <Summary numSequencePoints="4" visitedSequencePoints="4" numBranchPoints="1" visitedBranchPoints="1" sequenceCoverage="100" branchCoverage="100" maxCyclomaticComplexity="1" minCyclomaticComplexity="1" maxCrapScore="1" minCrapScore="1" visitedClasses="0" numClasses="0" visitedMethods="1" numMethods="1" />
              <MetadataToken>100663313</MetadataToken>
              <Name>System.Void Task2Test.RequestTests::GetMassEngineCoefficient()</Name>
              <FileRef uid="5" />
              <SequencePoints>
                <SequencePoint vc="1" uspid="82" ordinal="0" offset="0" sl="57" sc="9" el="57" ec="10" bec="0" bev="0" fileid="5" />
                <SequencePoint vc="1" uspid="83" ordinal="1" offset="1" sl="58" sc="13" el="58" ec="33" bec="0" bev="0" fileid="5" />
                <SequencePoint vc="1" uspid="84" ordinal="2" offset="7" sl="59" sc="13" el="59" ec="83" bec="0" bev="0" fileid="5" />
                <SequencePoint vc="1" uspid="85" ordinal="3" offset="26" sl="60" sc="9" el="60" ec="10" bec="0" bev="0" fileid="5" />
              </SequencePoints>
              <BranchPoints />
              <MethodPoint xsi:type="SequencePoint" vc="1" uspid="82" ordinal="0" offset="0" sl="57" sc="9" el="57" ec="10" bec="0" bev="0" fileid="5" />
            </Method>
            <Method visited="true" cyclomaticComplexity="1" nPathComplexity="0" sequenceCoverage="100" branchCoverage="100" crapScore="1" isConstructor="false" isStatic="false" isGetter="false" isSetter="false">
              <Summary numSequencePoints="11" visitedSequencePoints="11" numBranchPoints="1" visitedBranchPoints="1" sequenceCoverage="100" branchCoverage="100" maxCyclomaticComplexity="1" minCyclomaticComplexity="1" maxCrapScore="1" minCrapScore="1" visitedClasses="0" numClasses="0" visitedMethods="1" numMethods="1" />
              <MetadataToken>100663314</MetadataToken>
              <Name>System.Void Task2Test.RequestTests::InvalidCarCountRequest()</Name>
              <FileRef uid="5" />
              <SequencePoints>
                <SequencePoint vc="1" uspid="86" ordinal="0" offset="6" sl="64" sc="9" el="64" ec="10" bec="0" bev="0" fileid="5" />
                <SequencePoint vc="1" uspid="87" ordinal="1" offset="7" sl="65" sc="13" el="65" ec="32" bec="0" bev="0" fileid="5" />
                <SequencePoint vc="1" uspid="88" ordinal="2" offset="9" sl="66" sc="13" el="66" ec="38" bec="0" bev="0" fileid="5" />
                <SequencePoint vc="1" uspid="89" ordinal="3" offset="16" sl="68" sc="13" el="71" ec="15" bec="0" bev="0" fileid="5" />
                <SequencePoint vc="1" uspid="90" ordinal="4" offset="34" sl="73" sc="13" el="73" ec="59" bec="0" bev="0" fileid="5" />
                <SequencePoint vc="1" uspid="91" ordinal="5" offset="47" sl="74" sc="13" el="74" ec="57" bec="0" bev="0" fileid="5" />
                <SequencePoint vc="1" uspid="92" ordinal="6" offset="64" sl="77" sc="13" el="77" ec="48" bec="0" bev="0" fileid="5" />
                <SequencePoint vc="1" uspid="93" ordinal="7" offset="72" sl="78" sc="13" el="78" ec="56" bec="0" bev="0" fileid="5" />
                <SequencePoint vc="1" uspid="94" ordinal="8" offset="89" sl="80" sc="13" el="80" ec="48" bec="0" bev="0" fileid="5" />
                <SequencePoint vc="1" uspid="95" ordinal="9" offset="97" sl="81" sc="13" el="81" ec="53" bec="0" bev="0" fileid="5" />
                <SequencePoint vc="1" uspid="96" ordinal="10" offset="114" sl="82" sc="9" el="82" ec="10" bec="0" bev="0" fileid="5" />
              </SequencePoints>
              <BranchPoints />
              <MethodPoint vc="1" uspid="97" ordinal="0" offset="0" />
            </Method>
            <Method visited="true" cyclomaticComplexity="1" nPathComplexity="0" sequenceCoverage="100" branchCoverage="100" crapScore="1" isConstructor="false" isStatic="false" isGetter="false" isSetter="false">
              <Summary numSequencePoints="3" visitedSequencePoints="3" numBranchPoints="1" visitedBranchPoints="1" sequenceCoverage="100" branchCoverage="100" maxCyclomaticComplexity="1" minCyclomaticComplexity="1" maxCrapScore="1" minCrapScore="1" visitedClasses="0" numClasses="0" visitedMethods="1" numMethods="1" />
              <MetadataToken>100663315</MetadataToken>
              <Name>System.Void Task2Test.RequestTests::CarCountRequest()</Name>
              <FileRef uid="5" />
              <SequencePoints>
                <SequencePoint vc="1" uspid="98" ordinal="0" offset="0" sl="86" sc="9" el="86" ec="10" bec="0" bev="0" fileid="5" />
                <SequencePoint vc="1" uspid="99" ordinal="1" offset="1" sl="87" sc="13" el="87" ec="66" bec="0" bev="0" fileid="5" />
                <SequencePoint vc="1" uspid="100" ordinal="2" offset="20" sl="88" sc="9" el="88" ec="10" bec="0" bev="0" fileid="5" />
              </SequencePoints>
              <BranchPoints />
              <MethodPoint xsi:type="SequencePoint" vc="1" uspid="98" ordinal="0" offset="0" sl="86" sc="9" el="86" ec="10" bec="0" bev="0" fileid="5" />
            </Method>
            <Method visited="true" cyclomaticComplexity="1" nPathComplexity="0" sequenceCoverage="100" branchCoverage="100" crapScore="1" isConstructor="false" isStatic="false" isGetter="false" isSetter="false">
              <Summary numSequencePoints="4" visitedSequencePoints="4" numBranchPoints="1" visitedBranchPoints="1" sequenceCoverage="100" branchCoverage="100" maxCyclomaticComplexity="1" minCyclomaticComplexity="1" maxCrapScore="1" minCrapScore="1" visitedClasses="0" numClasses="0" visitedMethods="1" numMethods="1" />
              <MetadataToken>100663316</MetadataToken>
              <Name>System.Void Task2Test.RequestTests::GetServiceLocomotiveCount()</Name>
              <FileRef uid="5" />
              <SequencePoints>
                <SequencePoint vc="1" uspid="101" ordinal="0" offset="0" sl="92" sc="9" el="92" ec="10" bec="0" bev="0" fileid="5" />
                <SequencePoint vc="1" uspid="102" ordinal="1" offset="1" sl="93" sc="13" el="93" ec="75" bec="0" bev="0" fileid="5" />
                <SequencePoint vc="1" uspid="103" ordinal="2" offset="20" sl="94" sc="13" el="94" ec="75" bec="0" bev="0" fileid="5" />
                <SequencePoint vc="1" uspid="104" ordinal="3" offset="39" sl="95" sc="9" el="95" ec="10" bec="0" bev="0" fileid="5" />
              </SequencePoints>
              <BranchPoints />
              <MethodPoint xsi:type="SequencePoint" vc="1" uspid="101" ordinal="0" offset="0" sl="92" sc="9" el="92" ec="10" bec="0" bev="0" fileid="5" />
            </Method>
            <Method visited="true" cyclomaticComplexity="1" nPathComplexity="0" sequenceCoverage="100" branchCoverage="100" crapScore="1" isConstructor="false" isStatic="false" isGetter="false" isSetter="false">
              <Summary numSequencePoints="3" visitedSequencePoints="3" numBranchPoints="1" visitedBranchPoints="1" sequenceCoverage="100" branchCoverage="100" maxCyclomaticComplexity="1" minCyclomaticComplexity="1" maxCrapScore="1" minCrapScore="1" visitedClasses="0" numClasses="0" visitedMethods="1" numMethods="1" />
              <MetadataToken>100663317</MetadataToken>
              <Name>System.Void Task2Test.RequestTests::GetCountOfAllPassengers()</Name>
              <FileRef uid="5" />
              <SequencePoints>
                <SequencePoint vc="1" uspid="105" ordinal="0" offset="0" sl="99" sc="9" el="99" ec="10" bec="0" bev="0" fileid="5" />
                <SequencePoint vc="1" uspid="106" ordinal="1" offset="1" sl="100" sc="13" el="102" ec="60" bec="0" bev="0" fileid="5" />
                <SequencePoint vc="1" uspid="107" ordinal="2" offset="31" sl="103" sc="9" el="103" ec="10" bec="0" bev="0" fileid="5" />
              </SequencePoints>
              <BranchPoints />
              <MethodPoint xsi:type="SequencePoint" vc="1" uspid="105" ordinal="0" offset="0" sl="99" sc="9" el="99" ec="10" bec="0" bev="0" fileid="5" />
            </Method>
            <Method visited="true" cyclomaticComplexity="1" nPathComplexity="0" sequenceCoverage="100" branchCoverage="100" crapScore="1" isConstructor="false" isStatic="false" isGetter="false" isSetter="false">
              <Summary numSequencePoints="4" visitedSequencePoints="4" numBranchPoints="1" visitedBranchPoints="1" sequenceCoverage="100" branchCoverage="100" maxCyclomaticComplexity="1" minCyclomaticComplexity="1" maxCrapScore="1" minCrapScore="1" visitedClasses="0" numClasses="0" visitedMethods="1" numMethods="1" />
              <MetadataToken>100663318</MetadataToken>
              <Name>System.Void Task2Test.RequestTests::CallNullEvents()</Name>
              <FileRef uid="5" />
              <SequencePoints>
                <SequencePoint vc="1" uspid="108" ordinal="0" offset="0" sl="107" sc="9" el="107" ec="10" bec="0" bev="0" fileid="5" />
                <SequencePoint vc="1" uspid="109" ordinal="1" offset="1" sl="108" sc="13" el="108" ec="59" bec="0" bev="0" fileid="5" />
                <SequencePoint vc="1" uspid="110" ordinal="2" offset="14" sl="109" sc="13" el="109" ec="63" bec="0" bev="0" fileid="5" />
                <SequencePoint vc="1" uspid="111" ordinal="3" offset="27" sl="110" sc="9" el="110" ec="10" bec="0" bev="0" fileid="5" />
              </SequencePoints>
              <BranchPoints />
              <MethodPoint xsi:type="SequencePoint" vc="1" uspid="108" ordinal="0" offset="0" sl="107" sc="9" el="107" ec="10" bec="0" bev="0" fileid="5" />
            </Method>
            <Method visited="true" cyclomaticComplexity="1" nPathComplexity="0" sequenceCoverage="100" branchCoverage="100" crapScore="1" isConstructor="true" isStatic="false" isGetter="false" isSetter="false">
              <Summary numSequencePoints="1" visitedSequencePoints="1" numBranchPoints="1" visitedBranchPoints="1" sequenceCoverage="100" branchCoverage="100" maxCyclomaticComplexity="1" minCyclomaticComplexity="1" maxCrapScore="1" minCrapScore="1" visitedClasses="0" numClasses="0" visitedMethods="1" numMethods="1" />
              <MetadataToken>100663319</MetadataToken>
              <Name>System.Void Task2Test.RequestTests::.ctor()</Name>
              <FileRef uid="5" />
              <SequencePoints>
                <SequencePoint vc="6" uspid="112" ordinal="0" offset="0" sl="11" sc="9" el="53" ec="12" bec="0" bev="0" fileid="5" />
              </SequencePoints>
              <BranchPoints />
              <MethodPoint xsi:type="SequencePoint" vc="6" uspid="112" ordinal="0" offset="0" sl="11" sc="9" el="53" ec="12" bec="0" bev="0" fileid="5" />
            </Method>
          </Methods>
        </Class>
        <Class>
          <Summary numSequencePoints="3" visitedSequencePoints="3" numBranchPoints="1" visitedBranchPoints="1" sequenceCoverage="100" branchCoverage="100" maxCyclomaticComplexity="1" minCyclomaticComplexity="1" maxCrapScore="2" minCrapScore="1" visitedClasses="1" numClasses="1" visitedMethods="1" numMethods="1" />
          <FullName>Task2Test.RequestTests/&lt;&gt;c__DisplayClass2_0</FullName>
          <Methods>
            <Method visited="false" cyclomaticComplexity="1" nPathComplexity="0" sequenceCoverage="0" branchCoverage="0" crapScore="2" isConstructor="true" isStatic="false" isGetter="false" isSetter="false">
              <Summary numSequencePoints="0" visitedSequencePoints="0" numBranchPoints="0" visitedBranchPoints="0" sequenceCoverage="0" branchCoverage="0" maxCyclomaticComplexity="1" minCyclomaticComplexity="1" maxCrapScore="2" minCrapScore="2" visitedClasses="0" numClasses="0" visitedMethods="0" numMethods="0" />
              <MetadataToken>100663326</MetadataToken>
              <Name>System.Void Task2Test.RequestTests/&lt;&gt;c__DisplayClass2_0::.ctor()</Name>
              <SequencePoints />
              <BranchPoints />
              <MethodPoint vc="0" uspid="113" ordinal="0" offset="0" />
            </Method>
            <Method visited="true" cyclomaticComplexity="1" nPathComplexity="0" sequenceCoverage="100" branchCoverage="100" crapScore="1" isConstructor="false" isStatic="false" isGetter="false" isSetter="false">
              <Summary numSequencePoints="3" visitedSequencePoints="3" numBranchPoints="1" visitedBranchPoints="1" sequenceCoverage="100" branchCoverage="100" maxCyclomaticComplexity="1" minCyclomaticComplexity="1" maxCrapScore="1" minCrapScore="1" visitedClasses="0" numClasses="0" visitedMethods="1" numMethods="1" />
              <MetadataToken>100663327</MetadataToken>
              <Name>System.Void Task2Test.RequestTests/&lt;&gt;c__DisplayClass2_0::&lt;InvalidCarCountRequest&gt;b__0(System.String)</Name>
              <FileRef uid="5" />
              <SequencePoints>
                <SequencePoint vc="10" uspid="114" ordinal="0" offset="0" sl="69" sc="13" el="69" ec="14" bec="0" bev="0" fileid="5" />
                <SequencePoint vc="10" uspid="115" ordinal="1" offset="1" sl="70" sc="17" el="70" ec="41" bec="0" bev="0" fileid="5" />
                <SequencePoint vc="10" uspid="116" ordinal="2" offset="12" sl="71" sc="13" el="71" ec="14" bec="0" bev="0" fileid="5" />
              </SequencePoints>
              <BranchPoints />
              <MethodPoint xsi:type="SequencePoint" vc="10" uspid="114" ordinal="0" offset="0" sl="69" sc="13" el="69" ec="14" bec="0" bev="0" fileid="5" />
            </Method>
          </Methods>
        </Class>
      </Classes>
    </Module>
    <Module hash="60-EA-D2-B5-18-F8-5B-84-16-C6-00-4F-84-70-00-D5-D5-43-3E-A8">
      <Summary numSequencePoints="280" visitedSequencePoints="183" numBranchPoints="140" visitedBranchPoints="92" sequenceCoverage="65.36" branchCoverage="65.71" maxCyclomaticComplexity="11" minCyclomaticComplexity="1" maxCrapScore="42" minCrapScore="1" visitedClasses="9" numClasses="10" visitedMethods="36" numMethods="60" />
      <ModulePath>C:\Users\2sust\source\repos\OOP_LABS\LabWorkNo11\Task2Test\bin\Debug\fine-code-coverage\build-output\Task 2 DynamicTypeIdentification.exe</ModulePath>
      <ModuleTime>2021-11-27T07:34:38.9054832Z</ModuleTime>
      <ModuleName>Task 2 DynamicTypeIdentification</ModuleName>
      <Files>
        <File uid="13" fullPath="C:\Users\2sust\source\repos\OOP_LABS\LabWorkNo11\Task 2 DynamicTypeIdentification\Express.cs" />
        <File uid="14" fullPath="C:\Users\2sust\source\repos\OOP_LABS\LabWorkNo11\Task 2 DynamicTypeIdentification\Program.cs" />
        <File uid="15" fullPath="C:\Users\2sust\source\repos\OOP_LABS\LabWorkNo11\Task 2 DynamicTypeIdentification\Request.cs" />
        <File uid="17" fullPath="C:\Users\2sust\source\repos\OOP_LABS\LabWorkNo11\Task 2 DynamicTypeIdentification\TrainCars\PassengerCars\CompartmentalCar.cs" />
        <File uid="18" fullPath="C:\Users\2sust\source\repos\OOP_LABS\LabWorkNo11\Task 2 DynamicTypeIdentification\TrainCars\PassengerCars\EconomClass.cs" />
        <File uid="19" fullPath="C:\Users\2sust\source\repos\OOP_LABS\LabWorkNo11\Task 2 DynamicTypeIdentification\TrainCars\PassengerCars\PassengerCar.cs" />
        <File uid="20" fullPath="C:\Users\2sust\source\repos\OOP_LABS\LabWorkNo11\Task 2 DynamicTypeIdentification\TrainCars\ServiceCars\KitchenCar.cs" />
        <File uid="21" fullPath="C:\Users\2sust\source\repos\OOP_LABS\LabWorkNo11\Task 2 DynamicTypeIdentification\TrainCars\ServiceCars\Locomotive.cs" />
        <File uid="22" fullPath="C:\Users\2sust\source\repos\OOP_LABS\LabWorkNo11\Task 2 DynamicTypeIdentification\TrainCars\TrainCar.cs" />
      </Files>
      <Classes>
        <Class>
          <Summary numSequencePoints="65" visitedSequencePoints="45" numBranchPoints="30" visitedBranchPoints="21" sequenceCoverage="69.23" branchCoverage="70" maxCyclomaticComplexity="7" minCyclomaticComplexity="1" maxCrapScore="42" minCrapScore="1" visitedClasses="1" numClasses="1" visitedMethods="6" numMethods="8" />
          <FullName>Task_2_DynamicTypeIdentification.Express</FullName>
          <Methods>
            <Method visited="false" cyclomaticComplexity="1" nPathComplexity="0" sequenceCoverage="0" branchCoverage="0" crapScore="2" isConstructor="false" isStatic="false" isGetter="true" isSetter="false">
              <Summary numSequencePoints="1" visitedSequencePoints="0" numBranchPoints="1" visitedBranchPoints="0" sequenceCoverage="0" branchCoverage="0" maxCyclomaticComplexity="1" minCyclomaticComplexity="1" maxCrapScore="2" minCrapScore="2" visitedClasses="0" numClasses="0" visitedMethods="0" numMethods="1" />
              <MetadataToken>100663297</MetadataToken>
              <Name>System.String Task_2_DynamicTypeIdentification.Express::get_Name()</Name>
              <FileRef uid="13" />
              <SequencePoints>
                <SequencePoint vc="0" uspid="117" ordinal="0" offset="0" sl="8" sc="30" el="8" ec="34" bec="0" bev="0" fileid="13" />
              </SequencePoints>
              <BranchPoints />
              <MethodPoint xsi:type="SequencePoint" vc="0" uspid="117" ordinal="0" offset="0" sl="8" sc="30" el="8" ec="34" bec="0" bev="0" fileid="13" />
            </Method>
            <Method visited="true" cyclomaticComplexity="1" nPathComplexity="0" sequenceCoverage="100" branchCoverage="100" crapScore="1" isConstructor="false" isStatic="false" isGetter="false" isSetter="true">
              <Summary numSequencePoints="1" visitedSequencePoints="1" numBranchPoints="1" visitedBranchPoints="1" sequenceCoverage="100" branchCoverage="100" maxCyclomaticComplexity="1" minCyclomaticComplexity="1" maxCrapScore="1" minCrapScore="1" visitedClasses="0" numClasses="0" visitedMethods="1" numMethods="1" />
              <MetadataToken>100663298</MetadataToken>
              <Name>System.Void Task_2_DynamicTypeIdentification.Express::set_Name(System.String)</Name>
              <FileRef uid="13" />
              <SequencePoints>
                <SequencePoint vc="12" uspid="118" ordinal="0" offset="0" sl="8" sc="35" el="8" ec="39" bec="0" bev="0" fileid="13" />
              </SequencePoints>
              <BranchPoints />
              <MethodPoint xsi:type="SequencePoint" vc="12" uspid="118" ordinal="0" offset="0" sl="8" sc="35" el="8" ec="39" bec="0" bev="0" fileid="13" />
            </Method>
            <Method visited="true" cyclomaticComplexity="7" nPathComplexity="32" sequenceCoverage="96.15" branchCoverage="90.91" crapScore="7.00" isConstructor="false" isStatic="false" isGetter="true" isSetter="false">
              <Summary numSequencePoints="26" visitedSequencePoints="25" numBranchPoints="11" visitedBranchPoints="10" sequenceCoverage="96.15" branchCoverage="90.91" maxCyclomaticComplexity="7" minCyclomaticComplexity="7" maxCrapScore="7.00" minCrapScore="7.00" visitedClasses="0" numClasses="0" visitedMethods="1" numMethods="1" />
              <MetadataToken>100663299</MetadataToken>
              <Name>System.Boolean Task_2_DynamicTypeIdentification.Express::get_AbleToUsing()</Name>
              <FileRef uid="13" />
              <SequencePoints>
                <SequencePoint vc="3" uspid="119" ordinal="0" offset="0" sl="13" sc="13" el="13" ec="14" bec="0" bev="0" fileid="13" />
                <SequencePoint vc="3" uspid="120" ordinal="1" offset="1" sl="14" sc="17" el="14" ec="48" bec="0" bev="0" fileid="13" />
                <SequencePoint vc="3" uspid="121" ordinal="2" offset="3" sl="15" sc="17" el="15" ec="50" bec="0" bev="0" fileid="13" />
                <SequencePoint vc="3" uspid="122" ordinal="3" offset="5" sl="16" sc="17" el="16" ec="48" bec="0" bev="0" fileid="13" />
                <SequencePoint vc="3" uspid="123" ordinal="4" offset="7" sl="18" sc="17" el="18" ec="53" bec="4" bev="4" fileid="13" />
                <SequencePoint vc="2" uspid="124" ordinal="5" offset="36" sl="19" sc="21" el="19" ec="34" bec="0" bev="0" fileid="13" />
                <SequencePoint vc="1" uspid="125" ordinal="6" offset="41" sl="21" sc="17" el="21" ec="24" bec="0" bev="0" fileid="13" />
                <SequencePoint vc="1" uspid="126" ordinal="7" offset="42" sl="21" sc="37" el="21" ec="41" bec="0" bev="0" fileid="13" />
                <SequencePoint vc="4" uspid="127" ordinal="8" offset="57" sl="21" sc="26" el="21" ec="33" bec="0" bev="0" fileid="13" />
                <SequencePoint vc="4" uspid="128" ordinal="9" offset="66" sl="22" sc="17" el="22" ec="18" bec="0" bev="0" fileid="13" />
                <SequencePoint vc="4" uspid="129" ordinal="10" offset="67" sl="23" sc="21" el="23" ec="43" bec="2" bev="2" fileid="13" />
                <SequencePoint vc="1" uspid="130" ordinal="11" offset="83" sl="24" sc="21" el="24" ec="22" bec="0" bev="0" fileid="13" />
                <SequencePoint vc="1" uspid="131" ordinal="12" offset="84" sl="25" sc="25" el="25" ec="51" bec="0" bev="0" fileid="13" />
                <SequencePoint vc="1" uspid="132" ordinal="13" offset="86" sl="26" sc="25" el="26" ec="34" bec="0" bev="0" fileid="13" />
                <SequencePoint vc="3" uspid="133" ordinal="14" offset="88" sl="29" sc="21" el="29" ec="45" bec="2" bev="2" fileid="13" />
                <SequencePoint vc="2" uspid="134" ordinal="15" offset="104" sl="30" sc="21" el="30" ec="22" bec="0" bev="0" fileid="13" />
                <SequencePoint vc="2" uspid="135" ordinal="16" offset="105" sl="31" sc="25" el="31" ec="53" bec="0" bev="0" fileid="13" />
                <SequencePoint vc="2" uspid="136" ordinal="17" offset="107" sl="32" sc="25" el="32" ec="34" bec="0" bev="0" fileid="13" />
                <SequencePoint vc="1" uspid="137" ordinal="18" offset="109" sl="35" sc="21" el="35" ec="43" bec="2" bev="1" fileid="13" />
                <SequencePoint vc="1" uspid="138" ordinal="19" offset="125" sl="36" sc="21" el="36" ec="22" bec="0" bev="0" fileid="13" />
                <SequencePoint vc="1" uspid="139" ordinal="20" offset="126" sl="37" sc="25" el="37" ec="51" bec="0" bev="0" fileid="13" />
                <SequencePoint vc="1" uspid="140" ordinal="21" offset="128" sl="38" sc="25" el="38" ec="34" bec="0" bev="0" fileid="13" />
                <SequencePoint vc="0" uspid="141" ordinal="22" offset="130" sl="40" sc="17" el="40" ec="18" bec="0" bev="0" fileid="13" />
                <SequencePoint vc="5" uspid="142" ordinal="23" offset="131" sl="21" sc="34" el="21" ec="36" bec="0" bev="0" fileid="13" />
                <SequencePoint vc="1" uspid="143" ordinal="24" offset="157" sl="42" sc="17" el="44" ec="40" bec="0" bev="0" fileid="13" />
                <SequencePoint vc="3" uspid="144" ordinal="25" offset="166" sl="45" sc="13" el="45" ec="14" bec="0" bev="0" fileid="13" />
              </SequencePoints>
              <BranchPoints>
                <BranchPoint vc="2" uspid="145" ordinal="0" offset="13" sl="18" path="0" offsetend="15" fileid="13" />
                <BranchPoint vc="1" uspid="146" ordinal="1" offset="13" sl="18" path="1" offsetend="31" fileid="13" />
                <BranchPoint vc="2" uspid="147" ordinal="2" offset="34" sl="18" path="0" offsetend="36" fileid="13" />
                <BranchPoint vc="1" uspid="148" ordinal="3" offset="34" sl="18" path="1" offsetend="41" fileid="13" />
                <BranchPoint vc="1" uspid="149" ordinal="4" offset="81" sl="23" path="0" offsetend="83" fileid="13" />
                <BranchPoint vc="3" uspid="150" ordinal="5" offset="81" sl="23" path="1" offsetend="88" fileid="13" />
                <BranchPoint vc="2" uspid="151" ordinal="6" offset="102" sl="29" path="0" offsetend="104" fileid="13" />
                <BranchPoint vc="1" uspid="152" ordinal="7" offset="102" sl="29" path="1" offsetend="109" fileid="13" />
                <BranchPoint vc="1" uspid="153" ordinal="8" offset="123" sl="35" path="0" offsetend="125" fileid="13" />
                <BranchPoint vc="0" uspid="154" ordinal="9" offset="123" sl="35" path="1" offsetend="130" fileid="13" />
              </BranchPoints>
              <MethodPoint xsi:type="SequencePoint" vc="3" uspid="119" ordinal="0" offset="0" sl="13" sc="13" el="13" ec="14" bec="0" bev="0" fileid="13" />
            </Method>
            <Method visited="true" cyclomaticComplexity="5" nPathComplexity="8" sequenceCoverage="100" branchCoverage="100" crapScore="5" isConstructor="false" isStatic="false" isGetter="true" isSetter="false">
              <Summary numSequencePoints="12" visitedSequencePoints="12" numBranchPoints="7" visitedBranchPoints="7" sequenceCoverage="100" branchCoverage="100" maxCyclomaticComplexity="5" minCyclomaticComplexity="5" maxCrapScore="5" minCrapScore="5" visitedClasses="0" numClasses="0" visitedMethods="1" numMethods="1" />
              <MetadataToken>100663300</MetadataToken>
              <Name>System.Int32 Task_2_DynamicTypeIdentification.Express::get_PassengerCount()</Name>
              <FileRef uid="13" />
              <SequencePoints>
                <SequencePoint vc="3" uspid="157" ordinal="0" offset="0" sl="51" sc="13" el="51" ec="14" bec="0" bev="0" fileid="13" />
                <SequencePoint vc="3" uspid="158" ordinal="1" offset="1" sl="52" sc="17" el="52" ec="53" bec="4" bev="4" fileid="13" />
                <SequencePoint vc="2" uspid="159" ordinal="2" offset="30" sl="53" sc="21" el="53" ec="30" bec="0" bev="0" fileid="13" />
                <SequencePoint vc="1" uspid="160" ordinal="3" offset="34" sl="55" sc="17" el="55" ec="40" bec="0" bev="0" fileid="13" />
                <SequencePoint vc="1" uspid="161" ordinal="4" offset="36" sl="57" sc="17" el="57" ec="24" bec="0" bev="0" fileid="13" />
                <SequencePoint vc="1" uspid="162" ordinal="5" offset="37" sl="57" sc="37" el="57" ec="41" bec="0" bev="0" fileid="13" />
                <SequencePoint vc="3" uspid="163" ordinal="6" offset="51" sl="57" sc="26" el="57" ec="33" bec="0" bev="0" fileid="13" />
                <SequencePoint vc="3" uspid="164" ordinal="7" offset="60" sl="58" sc="21" el="58" ec="45" bec="2" bev="2" fileid="13" />
                <SequencePoint vc="2" uspid="165" ordinal="8" offset="76" sl="59" sc="25" el="59" ec="80" bec="0" bev="0" fileid="13" />
                <SequencePoint vc="4" uspid="166" ordinal="9" offset="91" sl="57" sc="34" el="57" ec="36" bec="0" bev="0" fileid="13" />
                <SequencePoint vc="1" uspid="167" ordinal="10" offset="117" sl="61" sc="17" el="61" ec="39" bec="0" bev="0" fileid="13" />
                <SequencePoint vc="3" uspid="168" ordinal="11" offset="121" sl="62" sc="13" el="62" ec="14" bec="0" bev="0" fileid="13" />
              </SequencePoints>
              <BranchPoints>
                <BranchPoint vc="2" uspid="169" ordinal="0" offset="7" sl="52" path="0" offsetend="9" fileid="13" />
                <BranchPoint vc="1" uspid="170" ordinal="1" offset="7" sl="52" path="1" offsetend="25" fileid="13" />
                <BranchPoint vc="2" uspid="171" ordinal="2" offset="28" sl="52" path="0" offsetend="30" fileid="13" />
                <BranchPoint vc="1" uspid="172" ordinal="3" offset="28" sl="52" path="1" offsetend="34" fileid="13" />
                <BranchPoint vc="2" uspid="173" ordinal="4" offset="74" sl="58" path="0" offsetend="76" fileid="13" />
                <BranchPoint vc="1" uspid="174" ordinal="5" offset="74" sl="58" path="1" offsetend="91" fileid="13" />
              </BranchPoints>
              <MethodPoint xsi:type="SequencePoint" vc="3" uspid="157" ordinal="0" offset="0" sl="51" sc="13" el="51" ec="14" bec="0" bev="0" fileid="13" />
            </Method>
            <Method visited="true" cyclomaticComplexity="1" nPathComplexity="0" sequenceCoverage="100" branchCoverage="100" crapScore="1" isConstructor="false" isStatic="false" isGetter="true" isSetter="false">
              <Summary numSequencePoints="1" visitedSequencePoints="1" numBranchPoints="1" visitedBranchPoints="1" sequenceCoverage="100" branchCoverage="100" maxCyclomaticComplexity="1" minCyclomaticComplexity="1" maxCrapScore="1" minCrapScore="1" visitedClasses="0" numClasses="0" visitedMethods="1" numMethods="1" />
              <MetadataToken>100663301</MetadataToken>
              <Name>System.Collections.Generic.List`1&lt;Task_2_DynamicTypeIdentification.TrainCar&gt; Task_2_DynamicTypeIdentification.Express::get_Cars()</Name>
              <FileRef uid="13" />
              <SequencePoints>
                <SequencePoint vc="22" uspid="177" ordinal="0" offset="0" sl="65" sc="38" el="65" ec="42" bec="0" bev="0" fileid="13" />
              </SequencePoints>
              <BranchPoints />
              <MethodPoint xsi:type="SequencePoint" vc="22" uspid="177" ordinal="0" offset="0" sl="65" sc="38" el="65" ec="42" bec="0" bev="0" fileid="13" />
            </Method>
            <Method visited="true" cyclomaticComplexity="1" nPathComplexity="0" sequenceCoverage="100" branchCoverage="100" crapScore="1" isConstructor="false" isStatic="false" isGetter="false" isSetter="true">
              <Summary numSequencePoints="1" visitedSequencePoints="1" numBranchPoints="1" visitedBranchPoints="1" sequenceCoverage="100" branchCoverage="100" maxCyclomaticComplexity="1" minCyclomaticComplexity="1" maxCrapScore="1" minCrapScore="1" visitedClasses="0" numClasses="0" visitedMethods="1" numMethods="1" />
              <MetadataToken>100663302</MetadataToken>
              <Name>System.Void Task_2_DynamicTypeIdentification.Express::set_Cars(System.Collections.Generic.List`1&lt;Task_2_DynamicTypeIdentification.TrainCar&gt;)</Name>
              <FileRef uid="13" />
              <SequencePoints>
                <SequencePoint vc="12" uspid="178" ordinal="0" offset="0" sl="65" sc="43" el="65" ec="47" bec="0" bev="0" fileid="13" />
              </SequencePoints>
              <BranchPoints />
              <MethodPoint xsi:type="SequencePoint" vc="12" uspid="178" ordinal="0" offset="0" sl="65" sc="43" el="65" ec="47" bec="0" bev="0" fileid="13" />
            </Method>
            <Method visited="true" cyclomaticComplexity="1" nPathComplexity="0" sequenceCoverage="100" branchCoverage="100" crapScore="1" isConstructor="true" isStatic="false" isGetter="false" isSetter="false">
              <Summary numSequencePoints="5" visitedSequencePoints="5" numBranchPoints="1" visitedBranchPoints="1" sequenceCoverage="100" branchCoverage="100" maxCyclomaticComplexity="1" minCyclomaticComplexity="1" maxCrapScore="1" minCrapScore="1" visitedClasses="0" numClasses="0" visitedMethods="1" numMethods="1" />
              <MetadataToken>100663303</MetadataToken>
              <Name>System.Void Task_2_DynamicTypeIdentification.Express::.ctor(System.String,System.Collections.Generic.List`1&lt;Task_2_DynamicTypeIdentification.TrainCar&gt;)</Name>
              <FileRef uid="13" />
              <SequencePoints>
                <SequencePoint vc="12" uspid="179" ordinal="0" offset="0" sl="67" sc="9" el="67" ec="57" bec="0" bev="0" fileid="13" />
                <SequencePoint vc="12" uspid="180" ordinal="1" offset="7" sl="68" sc="9" el="68" ec="10" bec="0" bev="0" fileid="13" />
                <SequencePoint vc="12" uspid="181" ordinal="2" offset="8" sl="69" sc="13" el="69" ec="25" bec="0" bev="0" fileid="13" />
                <SequencePoint vc="12" uspid="182" ordinal="3" offset="16" sl="70" sc="13" el="70" ec="25" bec="0" bev="0" fileid="13" />
                <SequencePoint vc="12" uspid="183" ordinal="4" offset="24" sl="71" sc="9" el="71" ec="10" bec="0" bev="0" fileid="13" />
              </SequencePoints>
              <BranchPoints />
              <MethodPoint xsi:type="SequencePoint" vc="12" uspid="179" ordinal="0" offset="0" sl="67" sc="9" el="67" ec="57" bec="0" bev="0" fileid="13" />
            </Method>
            <Method visited="false" cyclomaticComplexity="6" nPathComplexity="8" sequenceCoverage="0" branchCoverage="0" crapScore="42" isConstructor="false" isStatic="false" isGetter="false" isSetter="false">
              <Summary numSequencePoints="18" visitedSequencePoints="0" numBranchPoints="7" visitedBranchPoints="0" sequenceCoverage="0" branchCoverage="0" maxCyclomaticComplexity="6" minCyclomaticComplexity="6" maxCrapScore="42" minCrapScore="42" visitedClasses="0" numClasses="0" visitedMethods="0" numMethods="1" />
              <MetadataToken>100663304</MetadataToken>
              <Name>System.String Task_2_DynamicTypeIdentification.Express::ToString()</Name>
              <FileRef uid="13" />
              <SequencePoints>
                <SequencePoint vc="0" uspid="184" ordinal="0" offset="0" sl="74" sc="9" el="74" ec="10" bec="0" bev="0" fileid="13" />
                <SequencePoint vc="0" uspid="185" ordinal="1" offset="1" sl="75" sc="13" el="75" ec="50" bec="0" bev="0" fileid="13" />
                <SequencePoint vc="0" uspid="186" ordinal="2" offset="23" sl="76" sc="13" el="76" ec="80" bec="2" bev="0" fileid="13" />
                <SequencePoint vc="0" uspid="187" ordinal="3" offset="55" sl="78" sc="13" el="78" ec="49" bec="4" bev="0" fileid="13" />
                <SequencePoint vc="0" uspid="188" ordinal="4" offset="84" sl="79" sc="13" el="79" ec="14" bec="0" bev="0" fileid="13" />
                <SequencePoint vc="0" uspid="189" ordinal="5" offset="85" sl="80" sc="17" el="80" ec="49" bec="0" bev="0" fileid="13" />
                <SequencePoint vc="0" uspid="190" ordinal="6" offset="97" sl="81" sc="17" el="81" ec="29" bec="0" bev="0" fileid="13" />
                <SequencePoint vc="0" uspid="191" ordinal="7" offset="101" sl="84" sc="13" el="84" ec="43" bec="0" bev="0" fileid="13" />
                <SequencePoint vc="0" uspid="192" ordinal="8" offset="113" sl="86" sc="13" el="86" ec="20" bec="0" bev="0" fileid="13" />
                <SequencePoint vc="0" uspid="193" ordinal="9" offset="114" sl="86" sc="33" el="86" ec="37" bec="0" bev="0" fileid="13" />
                <SequencePoint vc="0" uspid="194" ordinal="10" offset="128" sl="86" sc="22" el="86" ec="29" bec="0" bev="0" fileid="13" />
                <SequencePoint vc="0" uspid="195" ordinal="11" offset="137" sl="87" sc="13" el="87" ec="14" bec="0" bev="0" fileid="13" />
                <SequencePoint vc="0" uspid="196" ordinal="12" offset="138" sl="88" sc="17" el="88" ec="38" bec="0" bev="0" fileid="13" />
                <SequencePoint vc="0" uspid="197" ordinal="13" offset="157" sl="89" sc="13" el="89" ec="14" bec="0" bev="0" fileid="13" />
                <SequencePoint vc="0" uspid="198" ordinal="14" offset="158" sl="86" sc="30" el="86" ec="32" bec="0" bev="0" fileid="13" />
                <SequencePoint vc="0" uspid="199" ordinal="15" offset="184" sl="91" sc="13" el="91" ec="62" bec="0" bev="0" fileid="13" />
                <SequencePoint vc="0" uspid="200" ordinal="16" offset="212" sl="92" sc="13" el="92" ec="25" bec="0" bev="0" fileid="13" />
                <SequencePoint vc="0" uspid="201" ordinal="17" offset="216" sl="93" sc="9" el="93" ec="10" bec="0" bev="0" fileid="13" />
              </SequencePoints>
              <BranchPoints>
                <BranchPoint vc="0" uspid="202" ordinal="0" offset="30" sl="76" path="0" offsetend="32" fileid="13" />
                <BranchPoint vc="0" uspid="203" ordinal="1" offset="30" sl="76" path="1" offsetend="39" fileid="13" />
                <BranchPoint vc="0" uspid="204" ordinal="2" offset="61" sl="78" path="0" offsetend="63" fileid="13" />
                <BranchPoint vc="0" uspid="205" ordinal="3" offset="61" sl="78" path="1" offsetend="79" fileid="13" />
                <BranchPoint vc="0" uspid="206" ordinal="4" offset="82" sl="78" path="0" offsetend="84" fileid="13" />
                <BranchPoint vc="0" uspid="207" ordinal="5" offset="82" sl="78" path="1" offsetend="101" fileid="13" />
              </BranchPoints>
              <MethodPoint xsi:type="SequencePoint" vc="0" uspid="184" ordinal="0" offset="0" sl="74" sc="9" el="74" ec="10" bec="0" bev="0" fileid="13" />
            </Method>
          </Methods>
        </Class>
        <Class>
          <Summary numSequencePoints="33" visitedSequencePoints="0" numBranchPoints="7" visitedBranchPoints="0" sequenceCoverage="0" branchCoverage="0" maxCyclomaticComplexity="1" minCyclomaticComplexity="1" maxCrapScore="2" minCrapScore="2" visitedClasses="0" numClasses="1" visitedMethods="0" numMethods="7" />
          <FullName>Task_2_DynamicTypeIdentification.Program</FullName>
          <Methods>
            <Method visited="false" cyclomaticComplexity="1" nPathComplexity="0" sequenceCoverage="0" branchCoverage="0" crapScore="2" isConstructor="false" isStatic="true" isGetter="false" isSetter="false">
              <Summary numSequencePoints="8" visitedSequencePoints="0" numBranchPoints="1" visitedBranchPoints="0" sequenceCoverage="0" branchCoverage="0" maxCyclomaticComplexity="1" minCyclomaticComplexity="1" maxCrapScore="2" minCrapScore="2" visitedClasses="0" numClasses="0" visitedMethods="0" numMethods="1" />
              <MetadataToken>100663305</MetadataToken>
              <Name>System.Void Task_2_DynamicTypeIdentification.Program::Main(System.String[])</Name>
              <FileRef uid="14" />
              <SequencePoints>
                <SequencePoint vc="0" uspid="210" ordinal="0" offset="0" sl="57" sc="9" el="57" ec="10" bec="0" bev="0" fileid="14" />
                <SequencePoint vc="0" uspid="211" ordinal="1" offset="1" sl="58" sc="13" el="58" ec="104" bec="0" bev="0" fileid="14" />
                <SequencePoint vc="0" uspid="212" ordinal="2" offset="74" sl="59" sc="13" el="59" ec="102" bec="0" bev="0" fileid="14" />
                <SequencePoint vc="0" uspid="213" ordinal="3" offset="139" sl="60" sc="13" el="60" ec="93" bec="0" bev="0" fileid="14" />
                <SequencePoint vc="0" uspid="214" ordinal="4" offset="196" sl="62" sc="13" el="62" ec="44" bec="0" bev="0" fileid="14" />
                <SequencePoint vc="0" uspid="215" ordinal="5" offset="212" sl="63" sc="13" el="63" ec="54" bec="0" bev="0" fileid="14" />
                <SequencePoint vc="0" uspid="216" ordinal="6" offset="220" sl="65" sc="13" el="79" ec="33" bec="0" bev="0" fileid="14" />
                <SequencePoint vc="0" uspid="217" ordinal="7" offset="339" sl="80" sc="9" el="80" ec="10" bec="0" bev="0" fileid="14" />
              </SequencePoints>
              <BranchPoints />
              <MethodPoint xsi:type="SequencePoint" vc="0" uspid="210" ordinal="0" offset="0" sl="57" sc="9" el="57" ec="10" bec="0" bev="0" fileid="14" />
            </Method>
            <Method visited="false" cyclomaticComplexity="1" nPathComplexity="0" sequenceCoverage="0" branchCoverage="0" crapScore="2" isConstructor="false" isStatic="true" isGetter="false" isSetter="false">
              <Summary numSequencePoints="5" visitedSequencePoints="0" numBranchPoints="1" visitedBranchPoints="0" sequenceCoverage="0" branchCoverage="0" maxCyclomaticComplexity="1" minCyclomaticComplexity="1" maxCrapScore="2" minCrapScore="2" visitedClasses="0" numClasses="0" visitedMethods="0" numMethods="1" />
              <MetadataToken>100663306</MetadataToken>
              <Name>System.Int32 Task_2_DynamicTypeIdentification.Program::ChoosenTypeIndex()</Name>
              <FileRef uid="14" />
              <SequencePoints>
                <SequencePoint vc="0" uspid="218" ordinal="0" offset="0" sl="83" sc="9" el="83" ec="10" bec="0" bev="0" fileid="14" />
                <SequencePoint vc="0" uspid="219" ordinal="1" offset="1" sl="84" sc="13" el="86" ec="58" bec="0" bev="0" fileid="14" />
                <SequencePoint vc="0" uspid="220" ordinal="2" offset="22" sl="88" sc="13" el="88" ec="93" bec="0" bev="0" fileid="14" />
                <SequencePoint vc="0" uspid="221" ordinal="3" offset="40" sl="89" sc="13" el="89" ec="32" bec="0" bev="0" fileid="14" />
                <SequencePoint vc="0" uspid="222" ordinal="4" offset="44" sl="90" sc="9" el="90" ec="10" bec="0" bev="0" fileid="14" />
              </SequencePoints>
              <BranchPoints />
              <MethodPoint xsi:type="SequencePoint" vc="0" uspid="218" ordinal="0" offset="0" sl="83" sc="9" el="83" ec="10" bec="0" bev="0" fileid="14" />
            </Method>
            <Method visited="false" cyclomaticComplexity="1" nPathComplexity="0" sequenceCoverage="0" branchCoverage="0" crapScore="2" isConstructor="false" isStatic="true" isGetter="false" isSetter="false">
              <Summary numSequencePoints="4" visitedSequencePoints="0" numBranchPoints="1" visitedBranchPoints="0" sequenceCoverage="0" branchCoverage="0" maxCyclomaticComplexity="1" minCyclomaticComplexity="1" maxCrapScore="2" minCrapScore="2" visitedClasses="0" numClasses="0" visitedMethods="0" numMethods="1" />
              <MetadataToken>100663307</MetadataToken>
              <Name>System.Void Task_2_DynamicTypeIdentification.Program::PrintAllCars()</Name>
              <FileRef uid="14" />
              <SequencePoints>
                <SequencePoint vc="0" uspid="223" ordinal="0" offset="0" sl="94" sc="9" el="94" ec="10" bec="0" bev="0" fileid="14" />
                <SequencePoint vc="0" uspid="224" ordinal="1" offset="1" sl="95" sc="13" el="95" ec="44" bec="0" bev="0" fileid="14" />
                <SequencePoint vc="0" uspid="225" ordinal="2" offset="17" sl="96" sc="13" el="96" ec="54" bec="0" bev="0" fileid="14" />
                <SequencePoint vc="0" uspid="226" ordinal="3" offset="25" sl="97" sc="9" el="97" ec="10" bec="0" bev="0" fileid="14" />
              </SequencePoints>
              <BranchPoints />
              <MethodPoint xsi:type="SequencePoint" vc="0" uspid="223" ordinal="0" offset="0" sl="94" sc="9" el="94" ec="10" bec="0" bev="0" fileid="14" />
            </Method>
            <Method visited="false" cyclomaticComplexity="1" nPathComplexity="0" sequenceCoverage="0" branchCoverage="0" crapScore="2" isConstructor="false" isStatic="true" isGetter="false" isSetter="false">
              <Summary numSequencePoints="5" visitedSequencePoints="0" numBranchPoints="1" visitedBranchPoints="0" sequenceCoverage="0" branchCoverage="0" maxCyclomaticComplexity="1" minCyclomaticComplexity="1" maxCrapScore="2" minCrapScore="2" visitedClasses="0" numClasses="0" visitedMethods="0" numMethods="1" />
              <MetadataToken>100663308</MetadataToken>
              <Name>System.Void Task_2_DynamicTypeIdentification.Program::PerformFirstRequest()</Name>
              <FileRef uid="14" />
              <SequencePoints>
                <SequencePoint vc="0" uspid="227" ordinal="0" offset="0" sl="101" sc="9" el="101" ec="10" bec="0" bev="0" fileid="14" />
                <SequencePoint vc="0" uspid="228" ordinal="1" offset="1" sl="102" sc="13" el="102" ec="93" bec="0" bev="0" fileid="14" />
                <SequencePoint vc="0" uspid="229" ordinal="2" offset="17" sl="103" sc="13" el="103" ec="64" bec="0" bev="0" fileid="14" />
                <SequencePoint vc="0" uspid="230" ordinal="3" offset="39" sl="105" sc="13" el="105" ec="54" bec="0" bev="0" fileid="14" />
                <SequencePoint vc="0" uspid="231" ordinal="4" offset="47" sl="106" sc="9" el="106" ec="10" bec="0" bev="0" fileid="14" />
              </SequencePoints>
              <BranchPoints />
              <MethodPoint xsi:type="SequencePoint" vc="0" uspid="227" ordinal="0" offset="0" sl="101" sc="9" el="101" ec="10" bec="0" bev="0" fileid="14" />
            </Method>
            <Method visited="false" cyclomaticComplexity="1" nPathComplexity="0" sequenceCoverage="0" branchCoverage="0" crapScore="2" isConstructor="false" isStatic="true" isGetter="false" isSetter="false">
              <Summary numSequencePoints="5" visitedSequencePoints="0" numBranchPoints="1" visitedBranchPoints="0" sequenceCoverage="0" branchCoverage="0" maxCyclomaticComplexity="1" minCyclomaticComplexity="1" maxCrapScore="2" minCrapScore="2" visitedClasses="0" numClasses="0" visitedMethods="0" numMethods="1" />
              <MetadataToken>100663309</MetadataToken>
              <Name>System.Void Task_2_DynamicTypeIdentification.Program::PerformSecondRequest()</Name>
              <FileRef uid="14" />
              <SequencePoints>
                <SequencePoint vc="0" uspid="232" ordinal="0" offset="0" sl="109" sc="9" el="109" ec="10" bec="0" bev="0" fileid="14" />
                <SequencePoint vc="0" uspid="233" ordinal="1" offset="1" sl="110" sc="13" el="110" ec="84" bec="0" bev="0" fileid="14" />
                <SequencePoint vc="0" uspid="234" ordinal="2" offset="17" sl="111" sc="13" el="111" ec="61" bec="0" bev="0" fileid="14" />
                <SequencePoint vc="0" uspid="235" ordinal="3" offset="39" sl="113" sc="13" el="113" ec="54" bec="0" bev="0" fileid="14" />
                <SequencePoint vc="0" uspid="236" ordinal="4" offset="47" sl="114" sc="9" el="114" ec="10" bec="0" bev="0" fileid="14" />
              </SequencePoints>
              <BranchPoints />
              <MethodPoint xsi:type="SequencePoint" vc="0" uspid="232" ordinal="0" offset="0" sl="109" sc="9" el="109" ec="10" bec="0" bev="0" fileid="14" />
            </Method>
[...]
                <SequencePoint vc="0" uspid="449" ordinal="11" offset="113" sl="32" sc="9" el="32" ec="10" bec="0" bev="0" fileid="20" />
              </SequencePoints>
              <BranchPoints>
                <BranchPoint vc="0" uspid="450" ordinal="0" offset="7" sl="21" path="0" offsetend="9" fileid="20" />
                <BranchPoint vc="0" uspid="451" ordinal="1" offset="7" sl="21" path="1" offsetend="25" fileid="20" />
                <BranchPoint vc="0" uspid="452" ordinal="2" offset="28" sl="21" path="0" offsetend="30" fileid="20" />
                <BranchPoint vc="0" uspid="453" ordinal="3" offset="28" sl="21" path="1" offsetend="39" fileid="20" />
              </BranchPoints>
              <MethodPoint xsi:type="SequencePoint" vc="0" uspid="438" ordinal="0" offset="0" sl="20" sc="9" el="20" ec="10" bec="0" bev="0" fileid="20" />
            </Method>
          </Methods>
        </Class>
        <Class>
          <Summary numSequencePoints="18" visitedSequencePoints="17" numBranchPoints="10" visitedBranchPoints="9" sequenceCoverage="94.44" branchCoverage="90" maxCyclomaticComplexity="2" minCyclomaticComplexity="1" maxCrapScore="2" minCrapScore="1" visitedClasses="1" numClasses="1" visitedMethods="5" numMethods="6" />
          <FullName>Task_2_DynamicTypeIdentification.Locomotive</FullName>
          <Methods>
            <Method visited="true" cyclomaticComplexity="1" nPathComplexity="0" sequenceCoverage="100" branchCoverage="100" crapScore="1" isConstructor="false" isStatic="false" isGetter="true" isSetter="false">
              <Summary numSequencePoints="1" visitedSequencePoints="1" numBranchPoints="1" visitedBranchPoints="1" sequenceCoverage="100" branchCoverage="100" maxCyclomaticComplexity="1" minCyclomaticComplexity="1" maxCrapScore="1" minCrapScore="1" visitedClasses="0" numClasses="0" visitedMethods="1" numMethods="1" />
              <MetadataToken>100663342</MetadataToken>
              <Name>System.Int32 Task_2_DynamicTypeIdentification.Locomotive::get_EnginePower()</Name>
              <FileRef uid="21" />
              <SequencePoints>
                <SequencePoint vc="3" uspid="456" ordinal="0" offset="0" sl="12" sc="20" el="12" ec="32" bec="0" bev="0" fileid="21" />
              </SequencePoints>
              <BranchPoints />
              <MethodPoint xsi:type="SequencePoint" vc="3" uspid="456" ordinal="0" offset="0" sl="12" sc="20" el="12" ec="32" bec="0" bev="0" fileid="21" />
            </Method>
            <Method visited="true" cyclomaticComplexity="2" nPathComplexity="2" sequenceCoverage="100" branchCoverage="100" crapScore="2" isConstructor="false" isStatic="false" isGetter="false" isSetter="true">
              <Summary numSequencePoints="5" visitedSequencePoints="5" numBranchPoints="3" visitedBranchPoints="3" sequenceCoverage="100" branchCoverage="100" maxCyclomaticComplexity="2" minCyclomaticComplexity="2" maxCrapScore="2" minCrapScore="2" visitedClasses="0" numClasses="0" visitedMethods="1" numMethods="1" />
              <MetadataToken>100663343</MetadataToken>
              <Name>System.Void Task_2_DynamicTypeIdentification.Locomotive::set_EnginePower(System.Int32)</Name>
              <FileRef uid="21" />
              <SequencePoints>
                <SequencePoint vc="16" uspid="457" ordinal="0" offset="0" sl="14" sc="13" el="14" ec="14" bec="0" bev="0" fileid="21" />
                <SequencePoint vc="16" uspid="458" ordinal="1" offset="1" sl="15" sc="17" el="15" ec="32" bec="2" bev="2" fileid="21" />
                <SequencePoint vc="1" uspid="459" ordinal="2" offset="12" sl="16" sc="21" el="16" ec="84" bec="0" bev="0" fileid="21" />
                <SequencePoint vc="15" uspid="460" ordinal="3" offset="23" sl="18" sc="17" el="18" ec="38" bec="0" bev="0" fileid="21" />
                <SequencePoint vc="15" uspid="461" ordinal="4" offset="30" sl="19" sc="13" el="19" ec="14" bec="0" bev="0" fileid="21" />
              </SequencePoints>
              <BranchPoints>
                <BranchPoint vc="1" uspid="462" ordinal="0" offset="10" sl="15" path="0" offsetend="12" fileid="21" />
                <BranchPoint vc="15" uspid="463" ordinal="1" offset="10" sl="15" path="1" offsetend="23" fileid="21" />
              </BranchPoints>
              <MethodPoint xsi:type="SequencePoint" vc="16" uspid="457" ordinal="0" offset="0" sl="14" sc="13" el="14" ec="14" bec="0" bev="0" fileid="21" />
            </Method>
            <Method visited="true" cyclomaticComplexity="1" nPathComplexity="0" sequenceCoverage="100" branchCoverage="100" crapScore="1" isConstructor="false" isStatic="false" isGetter="true" isSetter="false">
              <Summary numSequencePoints="1" visitedSequencePoints="1" numBranchPoints="1" visitedBranchPoints="1" sequenceCoverage="100" branchCoverage="100" maxCyclomaticComplexity="1" minCyclomaticComplexity="1" maxCrapScore="1" minCrapScore="1" visitedClasses="0" numClasses="0" visitedMethods="1" numMethods="1" />
              <MetadataToken>100663344</MetadataToken>
              <Name>System.Int32 Task_2_DynamicTypeIdentification.Locomotive::get_MaxSpeed()</Name>
              <FileRef uid="21" />
              <SequencePoints>
                <SequencePoint vc="1" uspid="464" ordinal="0" offset="0" sl="24" sc="20" el="24" ec="29" bec="0" bev="0" fileid="21" />
              </SequencePoints>
              <BranchPoints />
              <MethodPoint xsi:type="SequencePoint" vc="1" uspid="464" ordinal="0" offset="0" sl="24" sc="20" el="24" ec="29" bec="0" bev="0" fileid="21" />
            </Method>
            <Method visited="true" cyclomaticComplexity="2" nPathComplexity="2" sequenceCoverage="100" branchCoverage="100" crapScore="2" isConstructor="false" isStatic="false" isGetter="false" isSetter="true">
              <Summary numSequencePoints="5" visitedSequencePoints="5" numBranchPoints="3" visitedBranchPoints="3" sequenceCoverage="100" branchCoverage="100" maxCyclomaticComplexity="2" minCyclomaticComplexity="2" maxCrapScore="2" minCrapScore="2" visitedClasses="0" numClasses="0" visitedMethods="1" numMethods="1" />
              <MetadataToken>100663345</MetadataToken>
              <Name>System.Void Task_2_DynamicTypeIdentification.Locomotive::set_MaxSpeed(System.Int32)</Name>
              <FileRef uid="21" />
              <SequencePoints>
                <SequencePoint vc="17" uspid="465" ordinal="0" offset="0" sl="26" sc="13" el="26" ec="14" bec="0" bev="0" fileid="21" />
                <SequencePoint vc="17" uspid="466" ordinal="1" offset="1" sl="27" sc="17" el="27" ec="32" bec="2" bev="2" fileid="21" />
                <SequencePoint vc="1" uspid="467" ordinal="2" offset="12" sl="28" sc="21" el="28" ec="81" bec="0" bev="0" fileid="21" />
                <SequencePoint vc="16" uspid="468" ordinal="3" offset="23" sl="30" sc="17" el="30" ec="35" bec="0" bev="0" fileid="21" />
                <SequencePoint vc="16" uspid="469" ordinal="4" offset="30" sl="31" sc="13" el="31" ec="14" bec="0" bev="0" fileid="21" />
              </SequencePoints>
              <BranchPoints>
                <BranchPoint vc="1" uspid="470" ordinal="0" offset="10" sl="27" path="0" offsetend="12" fileid="21" />
                <BranchPoint vc="16" uspid="471" ordinal="1" offset="10" sl="27" path="1" offsetend="23" fileid="21" />
              </BranchPoints>
              <MethodPoint xsi:type="SequencePoint" vc="17" uspid="465" ordinal="0" offset="0" sl="26" sc="13" el="26" ec="14" bec="0" bev="0" fileid="21" />
            </Method>
            <Method visited="true" cyclomaticComplexity="1" nPathComplexity="0" sequenceCoverage="100" branchCoverage="100" crapScore="1" isConstructor="true" isStatic="false" isGetter="false" isSetter="false">
              <Summary numSequencePoints="5" visitedSequencePoints="5" numBranchPoints="1" visitedBranchPoints="1" sequenceCoverage="100" branchCoverage="100" maxCyclomaticComplexity="1" minCyclomaticComplexity="1" maxCrapScore="1" minCrapScore="1" visitedClasses="0" numClasses="0" visitedMethods="1" numMethods="1" />
              <MetadataToken>100663346</MetadataToken>
              <Name>System.Void Task_2_DynamicTypeIdentification.Locomotive::.ctor(System.Int32,System.Int32,System.Int32,System.Int32)</Name>
              <FileRef uid="21" />
              <SequencePoints>
                <SequencePoint vc="17" uspid="472" ordinal="0" offset="0" sl="35" sc="13" el="35" ec="31" bec="0" bev="0" fileid="21" />
                <SequencePoint vc="17" uspid="473" ordinal="1" offset="9" sl="36" sc="9" el="36" ec="10" bec="0" bev="0" fileid="21" />
                <SequencePoint vc="17" uspid="474" ordinal="2" offset="10" sl="37" sc="13" el="37" ec="33" bec="0" bev="0" fileid="21" />
                <SequencePoint vc="16" uspid="475" ordinal="3" offset="19" sl="38" sc="13" el="38" ec="39" bec="0" bev="0" fileid="21" />
                <SequencePoint vc="15" uspid="476" ordinal="4" offset="27" sl="39" sc="9" el="39" ec="10" bec="0" bev="0" fileid="21" />
              </SequencePoints>
              <BranchPoints />
              <MethodPoint xsi:type="SequencePoint" vc="17" uspid="472" ordinal="0" offset="0" sl="35" sc="13" el="35" ec="31" bec="0" bev="0" fileid="21" />
            </Method>
            <Method visited="false" cyclomaticComplexity="1" nPathComplexity="0" sequenceCoverage="0" branchCoverage="0" crapScore="2" isConstructor="false" isStatic="false" isGetter="false" isSetter="false">
              <Summary numSequencePoints="1" visitedSequencePoints="0" numBranchPoints="1" visitedBranchPoints="0" sequenceCoverage="0" branchCoverage="0" maxCyclomaticComplexity="1" minCyclomaticComplexity="1" maxCrapScore="2" minCrapScore="2" visitedClasses="0" numClasses="0" visitedMethods="0" numMethods="1" />
              <MetadataToken>100663347</MetadataToken>
              <Name>System.String Task_2_DynamicTypeIdentification.Locomotive::ToString()</Name>
              <FileRef uid="21" />
              <SequencePoints>
                <SequencePoint vc="0" uspid="477" ordinal="0" offset="0" sl="42" sc="13" el="43" ec="77" bec="0" bev="0" fileid="21" />
              </SequencePoints>
              <BranchPoints />
              <MethodPoint xsi:type="SequencePoint" vc="0" uspid="477" ordinal="0" offset="0" sl="42" sc="13" el="43" ec="77" bec="0" bev="0" fileid="21" />
            </Method>
          </Methods>
        </Class>
        <Class>
          <Summary numSequencePoints="18" visitedSequencePoints="17" numBranchPoints="10" visitedBranchPoints="9" sequenceCoverage="94.44" branchCoverage="90" maxCyclomaticComplexity="2" minCyclomaticComplexity="1" maxCrapScore="2" minCrapScore="1" visitedClasses="1" numClasses="1" visitedMethods="5" numMethods="6" />
          <FullName>Task_2_DynamicTypeIdentification.TrainCar</FullName>
          <Methods>
            <Method visited="true" cyclomaticComplexity="1" nPathComplexity="0" sequenceCoverage="100" branchCoverage="100" crapScore="1" isConstructor="false" isStatic="false" isGetter="true" isSetter="false">
              <Summary numSequencePoints="1" visitedSequencePoints="1" numBranchPoints="1" visitedBranchPoints="1" sequenceCoverage="100" branchCoverage="100" maxCyclomaticComplexity="1" minCyclomaticComplexity="1" maxCrapScore="1" minCrapScore="1" visitedClasses="0" numClasses="0" visitedMethods="1" numMethods="1" />
              <MetadataToken>100663348</MetadataToken>
              <Name>System.Int32 Task_2_DynamicTypeIdentification.TrainCar::get_Mass()</Name>
              <FileRef uid="22" />
              <SequencePoints>
                <SequencePoint vc="7" uspid="478" ordinal="0" offset="0" sl="12" sc="20" el="12" ec="25" bec="0" bev="0" fileid="22" />
              </SequencePoints>
              <BranchPoints />
              <MethodPoint xsi:type="SequencePoint" vc="7" uspid="478" ordinal="0" offset="0" sl="12" sc="20" el="12" ec="25" bec="0" bev="0" fileid="22" />
            </Method>
            <Method visited="true" cyclomaticComplexity="2" nPathComplexity="2" sequenceCoverage="100" branchCoverage="100" crapScore="2" isConstructor="false" isStatic="false" isGetter="false" isSetter="true">
              <Summary numSequencePoints="5" visitedSequencePoints="5" numBranchPoints="3" visitedBranchPoints="3" sequenceCoverage="100" branchCoverage="100" maxCyclomaticComplexity="2" minCyclomaticComplexity="2" maxCrapScore="2" minCrapScore="2" visitedClasses="0" numClasses="0" visitedMethods="1" numMethods="1" />
              <MetadataToken>100663349</MetadataToken>
              <Name>System.Void Task_2_DynamicTypeIdentification.TrainCar::set_Mass(System.Int32)</Name>
              <FileRef uid="22" />
              <SequencePoints>
                <SequencePoint vc="53" uspid="479" ordinal="0" offset="0" sl="14" sc="13" el="14" ec="14" bec="0" bev="0" fileid="22" />
                <SequencePoint vc="53" uspid="480" ordinal="1" offset="1" sl="15" sc="17" el="15" ec="32" bec="2" bev="2" fileid="22" />
                <SequencePoint vc="1" uspid="481" ordinal="2" offset="12" sl="16" sc="21" el="16" ec="76" bec="0" bev="0" fileid="22" />
                <SequencePoint vc="52" uspid="482" ordinal="3" offset="23" sl="18" sc="17" el="18" ec="31" bec="0" bev="0" fileid="22" />
                <SequencePoint vc="52" uspid="483" ordinal="4" offset="30" sl="19" sc="13" el="19" ec="14" bec="0" bev="0" fileid="22" />
              </SequencePoints>
              <BranchPoints>
                <BranchPoint vc="1" uspid="484" ordinal="0" offset="10" sl="15" path="0" offsetend="12" fileid="22" />
                <BranchPoint vc="52" uspid="485" ordinal="1" offset="10" sl="15" path="1" offsetend="23" fileid="22" />
              </BranchPoints>
              <MethodPoint xsi:type="SequencePoint" vc="53" uspid="479" ordinal="0" offset="0" sl="14" sc="13" el="14" ec="14" bec="0" bev="0" fileid="22" />
            </Method>
            <Method visited="true" cyclomaticComplexity="1" nPathComplexity="0" sequenceCoverage="100" branchCoverage="100" crapScore="1" isConstructor="false" isStatic="false" isGetter="true" isSetter="false">
              <Summary numSequencePoints="1" visitedSequencePoints="1" numBranchPoints="1" visitedBranchPoints="1" sequenceCoverage="100" branchCoverage="100" maxCyclomaticComplexity="1" minCyclomaticComplexity="1" maxCrapScore="1" minCrapScore="1" visitedClasses="0" numClasses="0" visitedMethods="1" numMethods="1" />
              <MetadataToken>100663350</MetadataToken>
              <Name>System.Int32 Task_2_DynamicTypeIdentification.TrainCar::get_Length()</Name>
              <FileRef uid="22" />
              <SequencePoints>
                <SequencePoint vc="1" uspid="486" ordinal="0" offset="0" sl="24" sc="20" el="24" ec="27" bec="0" bev="0" fileid="22" />
              </SequencePoints>
              <BranchPoints />
              <MethodPoint xsi:type="SequencePoint" vc="1" uspid="486" ordinal="0" offset="0" sl="24" sc="20" el="24" ec="27" bec="0" bev="0" fileid="22" />
            </Method>
            <Method visited="true" cyclomaticComplexity="2" nPathComplexity="2" sequenceCoverage="100" branchCoverage="100" crapScore="2" isConstructor="false" isStatic="false" isGetter="false" isSetter="true">
              <Summary numSequencePoints="5" visitedSequencePoints="5" numBranchPoints="3" visitedBranchPoints="3" sequenceCoverage="100" branchCoverage="100" maxCyclomaticComplexity="2" minCyclomaticComplexity="2" maxCrapScore="2" minCrapScore="2" visitedClasses="0" numClasses="0" visitedMethods="1" numMethods="1" />
              <MetadataToken>100663351</MetadataToken>
              <Name>System.Void Task_2_DynamicTypeIdentification.TrainCar::set_Length(System.Int32)</Name>
              <FileRef uid="22" />
              <SequencePoints>
                <SequencePoint vc="52" uspid="487" ordinal="0" offset="0" sl="26" sc="13" el="26" ec="14" bec="0" bev="0" fileid="22" />
                <SequencePoint vc="52" uspid="488" ordinal="1" offset="1" sl="27" sc="17" el="27" ec="32" bec="2" bev="2" fileid="22" />
                <SequencePoint vc="1" uspid="489" ordinal="2" offset="12" sl="28" sc="21" el="28" ec="78" bec="0" bev="0" fileid="22" />
                <SequencePoint vc="51" uspid="490" ordinal="3" offset="23" sl="30" sc="17" el="30" ec="33" bec="0" bev="0" fileid="22" />
                <SequencePoint vc="51" uspid="491" ordinal="4" offset="30" sl="31" sc="13" el="31" ec="14" bec="0" bev="0" fileid="22" />
              </SequencePoints>
              <BranchPoints>
                <BranchPoint vc="1" uspid="492" ordinal="0" offset="10" sl="27" path="0" offsetend="12" fileid="22" />
                <BranchPoint vc="51" uspid="493" ordinal="1" offset="10" sl="27" path="1" offsetend="23" fileid="22" />
              </BranchPoints>
              <MethodPoint xsi:type="SequencePoint" vc="52" uspid="487" ordinal="0" offset="0" sl="26" sc="13" el="26" ec="14" bec="0" bev="0" fileid="22" />
            </Method>
            <Method visited="true" cyclomaticComplexity="1" nPathComplexity="0" sequenceCoverage="100" branchCoverage="100" crapScore="1" isConstructor="true" isStatic="false" isGetter="false" isSetter="false">
              <Summary numSequencePoints="5" visitedSequencePoints="5" numBranchPoints="1" visitedBranchPoints="1" sequenceCoverage="100" branchCoverage="100" maxCyclomaticComplexity="1" minCyclomaticComplexity="1" maxCrapScore="1" minCrapScore="1" visitedClasses="0" numClasses="0" visitedMethods="1" numMethods="1" />
              <MetadataToken>100663352</MetadataToken>
              <Name>System.Void Task_2_DynamicTypeIdentification.TrainCar::.ctor(System.Int32,System.Int32)</Name>
              <FileRef uid="22" />
              <SequencePoints>
                <SequencePoint vc="53" uspid="494" ordinal="0" offset="0" sl="34" sc="9" el="34" ec="46" bec="0" bev="0" fileid="22" />
                <SequencePoint vc="53" uspid="495" ordinal="1" offset="7" sl="35" sc="9" el="35" ec="10" bec="0" bev="0" fileid="22" />
                <SequencePoint vc="53" uspid="496" ordinal="2" offset="8" sl="36" sc="13" el="36" ec="25" bec="0" bev="0" fileid="22" />
                <SequencePoint vc="52" uspid="497" ordinal="3" offset="16" sl="37" sc="13" el="37" ec="29" bec="0" bev="0" fileid="22" />
                <SequencePoint vc="51" uspid="498" ordinal="4" offset="24" sl="38" sc="9" el="38" ec="10" bec="0" bev="0" fileid="22" />
              </SequencePoints>
              <BranchPoints />
              <MethodPoint xsi:type="SequencePoint" vc="53" uspid="494" ordinal="0" offset="0" sl="34" sc="9" el="34" ec="46" bec="0" bev="0" fileid="22" />
            </Method>
            <Method visited="false" cyclomaticComplexity="1" nPathComplexity="0" sequenceCoverage="0" branchCoverage="0" crapScore="2" isConstructor="false" isStatic="false" isGetter="false" isSetter="false">
              <Summary numSequencePoints="1" visitedSequencePoints="0" numBranchPoints="1" visitedBranchPoints="0" sequenceCoverage="0" branchCoverage="0" maxCyclomaticComplexity="1" minCyclomaticComplexity="1" maxCrapScore="2" minCrapScore="2" visitedClasses="0" numClasses="0" visitedMethods="0" numMethods="1" />
              <MetadataToken>100663353</MetadataToken>
              <Name>System.String Task_2_DynamicTypeIdentification.TrainCar::ToString()</Name>
              <FileRef uid="22" />
              <SequencePoints>
                <SequencePoint vc="0" uspid="499" ordinal="0" offset="0" sl="41" sc="13" el="41" ec="57" bec="0" bev="0" fileid="22" />
              </SequencePoints>
              <BranchPoints />
              <MethodPoint xsi:type="SequencePoint" vc="0" uspid="499" ordinal="0" offset="0" sl="41" sc="13" el="41" ec="57" bec="0" bev="0" fileid="22" />
            </Method>
          </Methods>
        </Class>
      </Classes>
    </Module>
  </Modules>
</CoverageSession>