<?xml version="1.0" encoding="utf-8"?>
<!DOCTYPE coverage SYSTEM "http://cobertura.sourceforge.net/xml/coverage-04.dtd">
<coverage line-rate="0.196411156621806" branch-rate="0.0945409429280397" lines-covered="2014" lines-valid="10254" branches-covered="381" branches-valid="4030" complexity="3810" version="0" timestamp="1698779143">
  <sources />
  <packages>
    <package name="CommunityToolkit.Mvvm" line-rate="0.0208333333333333" branch-rate="0.00992555831265509" complexity="714">
      <classes>
        <class name="CommunityToolkit.Mvvm.ArgumentNullException" filename="/_/src/CommunityToolkit.Mvvm/Properties/Polyfills/ArgumentNullException.cs" line-rate="1" branch-rate="1" complexity="NaN">
          <methods>
            <method name="ThrowIfNull" signature="(System.Object,System.String)" line-rate="1" branch-rate="1" complexity="NaN">
              <lines />
            </method>
            <method name="Throw" signature="(System.String)" line-rate="1" branch-rate="1" complexity="NaN">
              <lines />
            </method>
            <method name="ThrowIfNull" signature="(T,System.String)" line-rate="1" branch-rate="1" complexity="NaN">
              <lines />
            </method>
          </methods>
          <lines />
        </class>
        <class name="CommunityToolkit.Mvvm.Collections.Internals.ObservableGroupHelper" filename="/_/src/CommunityToolkit.Mvvm/Collections/Internals/ObservableGroupHelper.cs" line-rate="1" branch-rate="1" complexity="1">
          <methods>
            <method name=".cctor" signature="()" line-rate="1" branch-rate="1" complexity="1">
              <lines />
            </method>
          </methods>
          <lines />
        </class>
        <class name="CommunityToolkit.Mvvm.Collections.ObservableGroup`2" filename="/_/src/CommunityToolkit.Mvvm/Collections/ObservableGroup{TKey,TElement}.cs" line-rate="1" branch-rate="1" complexity="NaN">
          <methods>
            <method name="Key" signature="()" line-rate="1" branch-rate="1" complexity="NaN">
              <lines />
            </method>
            <method name="Key" signature="(TKey)" line-rate="1" branch-rate="1" complexity="NaN">
              <lines />
            </method>
            <method name="unityToolkit.Mvvm.Collections.IReadOnlyObservableGroup.get_Key" signature="()" line-rate="1" branch-rate="1" complexity="NaN">
              <lines />
            </method>
            <method name="unityToolkit.Mvvm.Collections.IReadOnlyObservableGroup.get_Item" signature="(System.Int32)" line-rate="1" branch-rate="1" complexity="NaN">
              <lines />
            </method>
            <method name=".ctor" signature="(TKey)" line-rate="1" branch-rate="1" complexity="NaN">
              <lines />
            </method>
            <method name=".ctor" signature="(System.Linq.IGrouping`2&lt;TKey,TElement&gt;)" line-rate="1" branch-rate="1" complexity="NaN">
              <lines />
            </method>
            <method name=".ctor" signature="(TKey,System.Collections.Generic.IEnumerable`1&lt;TElement&gt;)" line-rate="1" branch-rate="1" complexity="NaN">
              <lines />
            </method>
            <method name="TryGetList" signature="(System.Collections.Generic.List`1&lt;TElement&gt;&amp;)" line-rate="1" branch-rate="1" complexity="NaN">
              <lines />
            </method>
          </methods>
          <lines />
        </class>
        <class name="CommunityToolkit.Mvvm.Collections.ObservableGroupedCollection`2" filename="/_/src/CommunityToolkit.Mvvm/Collections/ObservableGroupedCollection{TKey,TElement}.cs" line-rate="1" branch-rate="1" complexity="2">
          <methods>
            <method name="em.Linq.ILookup&lt;TKey,TElement&gt;.get_Item" signature="(TKey)" line-rate="1" branch-rate="1" complexity="NaN">
              <lines />
            </method>
            <method name=".ctor" signature="()" line-rate="1" branch-rate="1" complexity="1">
              <lines />
            </method>
            <method name=".ctor" signature="(System.Collections.Generic.IEnumerable`1&lt;System.Linq.IGrouping`2&lt;TKey,TElement&gt;&gt;)" line-rate="1" branch-rate="1" complexity="NaN">
              <lines />
            </method>
            <method name="TryGetList" signature="(System.Collections.Generic.List`1&lt;CommunityToolkit.Mvvm.Collections.ObservableGroup`2&lt;TKey,TElement&gt;&gt;&amp;)" line-rate="1" branch-rate="1" complexity="NaN">
              <lines />
            </method>
            <method name="System.Linq.ILookup&lt;TKey,TElement&gt;.Contains" signature="(TKey)" line-rate="1" branch-rate="1" complexity="NaN">
              <lines />
            </method>
            <method name="System.Collections.Generic.IEnumerable&lt;System.Linq.IGrouping&lt;TKey,TElement&gt;&gt;.GetEnumerator" signature="()" line-rate="1" branch-rate="1" complexity="1">
              <lines />
            </method>
          </methods>
          <lines />
        </class>
        <class name="CommunityToolkit.Mvvm.Collections.ObservableGroupedCollectionExtensions" filename="/_/src/CommunityToolkit.Mvvm/Collections/ObservableGroupedCollectionExtensions.cs" line-rate="1" branch-rate="1" complexity="NaN">
          <methods>
            <method name="FirstGroupByKey" signature="(CommunityToolkit.Mvvm.Collections.ObservableGroupedCollection`2&lt;TKey,TElement&gt;,TKey)" line-rate="1" branch-rate="1" complexity="NaN">
              <lines />
            </method>
            <method name="FirstGroupByKeyOrDefault" signature="(CommunityToolkit.Mvvm.Collections.ObservableGroupedCollection`2&lt;TKey,TElement&gt;,TKey)" line-rate="1" branch-rate="1" complexity="NaN">
              <lines />
            </method>
            <method name="AddGroup" signature="(CommunityToolkit.Mvvm.Collections.ObservableGroupedCollection`2&lt;TKey,TElement&gt;,TKey)" line-rate="1" branch-rate="1" complexity="NaN">
              <lines />
            </method>
            <method name="AddGroup" signature="(CommunityToolkit.Mvvm.Collections.ObservableGroupedCollection`2&lt;TKey,TElement&gt;,System.Linq.IGrouping`2&lt;TKey,TElement&gt;)" line-rate="1" branch-rate="1" complexity="NaN">
              <lines />
            </method>
            <method name="AddGroup" signature="(CommunityToolkit.Mvvm.Collections.ObservableGroupedCollection`2&lt;TKey,TElement&gt;,TKey,System.Collections.Generic.IEnumerable`1&lt;TElement&gt;)" line-rate="1" branch-rate="1" complexity="NaN">
              <lines />
            </method>
            <method name="InsertGroup" signature="(CommunityToolkit.Mvvm.Collections.ObservableGroupedCollection`2&lt;TKey,TElement&gt;,TKey)" line-rate="1" branch-rate="1" complexity="NaN">
              <lines />
            </method>
            <method name="InsertGroup" signature="(CommunityToolkit.Mvvm.Collections.ObservableGroupedCollection`2&lt;TKey,TElement&gt;,System.Linq.IGrouping`2&lt;TKey,TElement&gt;)" line-rate="1" branch-rate="1" complexity="NaN">
              <lines />
            </method>
            <method name="InsertGroup" signature="(CommunityToolkit.Mvvm.Collections.ObservableGroupedCollection`2&lt;TKey,TElement&gt;,TKey,System.Collections.Generic.IEnumerable`1&lt;TElement&gt;)" line-rate="1" branch-rate="1" complexity="NaN">
              <lines />
            </method>
            <method name="InsertGroup" signature="(CommunityToolkit.Mvvm.Collections.ObservableGroupedCollection`2&lt;TKey,TElement&gt;,TKey,System.Collections.Generic.IComparer`1&lt;TKey&gt;)" line-rate="1" branch-rate="1" complexity="NaN">
              <lines />
            </method>
            <method name="InsertGroup" signature="(CommunityToolkit.Mvvm.Collections.ObservableGroupedCollection`2&lt;TKey,TElement&gt;,System.Linq.IGrouping`2&lt;TKey,TElement&gt;,System.Collections.Generic.IComparer`1&lt;TKey&gt;)" line-rate="1" branch-rate="1" complexity="NaN">
              <lines />
            </method>
            <method name="InsertGroup" signature="(CommunityToolkit.Mvvm.Collections.ObservableGroupedCollection`2&lt;TKey,TElement&gt;,TKey,System.Collections.Generic.IComparer`1&lt;TKey&gt;,System.Collections.Generic.IEnumerable`1&lt;TElement&gt;)" line-rate="1" branch-rate="1" complexity="NaN">
              <lines />
            </method>
            <method name="AddItem" signature="(CommunityToolkit.Mvvm.Collections.ObservableGroupedCollection`2&lt;TKey,TElement&gt;,TKey,TElement)" line-rate="1" branch-rate="1" complexity="NaN">
              <lines />
            </method>
            <method name="InsertItem" signature="(CommunityToolkit.Mvvm.Collections.ObservableGroupedCollection`2&lt;TKey,TElement&gt;,TKey,TElement)" line-rate="1" branch-rate="1" complexity="NaN">
              <lines />
            </method>
            <method name="InsertItem" signature="(CommunityToolkit.Mvvm.Collections.ObservableGroupedCollection`2&lt;TKey,TElement&gt;,TKey,System.Collections.Generic.IComparer`1&lt;TKey&gt;,TElement,System.Collections.Generic.IComparer`1&lt;TElement&gt;)" line-rate="1" branch-rate="1" complexity="NaN">
              <lines />
            </method>
            <method name="RemoveGroup" signature="(CommunityToolkit.Mvvm.Collections.ObservableGroupedCollection`2&lt;TKey,TValue&gt;,TKey)" line-rate="1" branch-rate="1" complexity="NaN">
              <lines />
            </method>
            <method name="RemoveItem" signature="(CommunityToolkit.Mvvm.Collections.ObservableGroupedCollection`2&lt;TKey,TValue&gt;,TKey,TValue,System.Boolean)" line-rate="1" branch-rate="1" complexity="NaN">
              <lines />
            </method>
          </methods>
          <lines />
        </class>
        <class name="CommunityToolkit.Mvvm.Collections.ReadOnlyObservableGroup`2" filename="/_/src/CommunityToolkit.Mvvm/Collections/ReadOnlyObservableGroup{TKey,TElement}.cs" line-rate="1" branch-rate="1" complexity="NaN">
          <methods>
            <method name="Key" signature="()" line-rate="1" branch-rate="1" complexity="NaN">
              <lines />
            </method>
            <method name="unityToolkit.Mvvm.Collections.IReadOnlyObservableGroup.get_Key" signature="()" line-rate="1" branch-rate="1" complexity="NaN">
              <lines />
            </method>
            <method name="unityToolkit.Mvvm.Collections.IReadOnlyObservableGroup.get_Item" signature="(System.Int32)" line-rate="1" branch-rate="1" complexity="NaN">
              <lines />
            </method>
            <method name=".ctor" signature="(TKey,System.Collections.ObjectModel.ObservableCollection`1&lt;TElement&gt;)" line-rate="1" branch-rate="1" complexity="NaN">
              <lines />
            </method>
            <method name=".ctor" signature="(CommunityToolkit.Mvvm.Collections.ObservableGroup`2&lt;TKey,TElement&gt;)" line-rate="1" branch-rate="1" complexity="NaN">
              <lines />
            </method>
          </methods>
          <lines />
        </class>
        <class name="CommunityToolkit.Mvvm.Collections.ReadOnlyObservableGroupedCollection`2" filename="/_/src/CommunityToolkit.Mvvm/Collections/ReadOnlyObservableGroupedCollection{TKey,TElement}.cs" line-rate="1" branch-rate="1" complexity="1">
          <methods>
            <method name="em.Linq.ILookup&lt;TKey,TElement&gt;.get_Item" signature="(TKey)" line-rate="1" branch-rate="1" complexity="NaN">
              <lines />
            </method>
            <method name=".ctor" signature="(System.Collections.ObjectModel.ObservableCollection`1&lt;CommunityToolkit.Mvvm.Collections.ObservableGroup`2&lt;TKey,TElement&gt;&gt;)" line-rate="1" branch-rate="1" complexity="NaN">
              <lines />
            </method>
            <method name=".ctor" signature="(System.Collections.ObjectModel.ObservableCollection`1&lt;CommunityToolkit.Mvvm.Collections.ReadOnlyObservableGroup`2&lt;TKey,TElement&gt;&gt;)" line-rate="1" branch-rate="1" complexity="NaN">
              <lines />
            </method>
            <method name="System.Linq.ILookup&lt;TKey,TElement&gt;.Contains" signature="(TKey)" line-rate="1" branch-rate="1" complexity="NaN">
              <lines />
            </method>
            <method name="System.Collections.Generic.IEnumerable&lt;System.Linq.IGrouping&lt;TKey,TElement&gt;&gt;.GetEnumerator" signature="()" line-rate="1" branch-rate="1" complexity="1">
              <lines />
            </method>
            <method name="OnSourceCollectionChanged" signature="(System.Object,System.Collections.Specialized.NotifyCollectionChangedEventArgs)" line-rate="1" branch-rate="1" complexity="NaN">
              <lines />
            </method>
            <method name="FirstGroupByKeyOrDefault" signature="(TKey)" line-rate="1" branch-rate="1" complexity="NaN">
              <lines />
            </method>
          </methods>
          <lines />
        </class>
        <class name="CommunityToolkit.Mvvm.ComponentModel.__Internals.__ObservableValidatorHelper" filename="/_/src/CommunityToolkit.Mvvm/ComponentModel/__Internals/__ObservableValidatorHelper.cs" line-rate="1" branch-rate="1" complexity="NaN">
          <methods>
            <method name="ValidateProperty" signature="(CommunityToolkit.Mvvm.ComponentModel.ObservableValidator,System.Object,System.String)" line-rate="1" branch-rate="1" complexity="NaN">
              <lines />
            </method>
          </methods>
          <lines />
        </class>
        <class name="CommunityToolkit.Mvvm.ComponentModel.__Internals.__TaskExtensions" filename="/_/src/CommunityToolkit.Mvvm/ComponentModel/__Internals/__TaskExtensions.cs" line-rate="1" branch-rate="1" complexity="2">
          <methods>
            <method name="GetAwaitableWithoutEndValidation" signature="(System.Threading.Tasks.Task)" line-rate="1" branch-rate="1" complexity="NaN">
              <lines />
            </method>
            <method name=".ctor" signature="(System.Threading.Tasks.Task)" line-rate="1" branch-rate="1" complexity="NaN">
              <lines />
            </method>
            <method name="GetAwaiter" signature="()" line-rate="1" branch-rate="1" complexity="1">
              <lines />
            </method>
            <method name="IsCompleted" signature="()" line-rate="1" branch-rate="1" complexity="NaN">
              <lines />
            </method>
            <method name=".ctor" signature="(System.Threading.Tasks.Task)" line-rate="1" branch-rate="1" complexity="NaN">
              <lines />
            </method>
            <method name="GetResult" signature="()" line-rate="1" branch-rate="1" complexity="1">
              <lines />
            </method>
            <method name="OnCompleted" signature="(System.Action)" line-rate="1" branch-rate="1" complexity="NaN">
              <lines />
            </method>
            <method name="UnsafeOnCompleted" signature="(System.Action)" line-rate="1" branch-rate="1" complexity="NaN">
              <lines />
            </method>
          </methods>
          <lines />
        </class>
        <class name="CommunityToolkit.Mvvm.ComponentModel.INotifyPropertyChangedAttribute" filename="/_/src/CommunityToolkit.Mvvm/ComponentModel/Attributes/INotifyPropertyChangedAttribute.cs" line-rate="1" branch-rate="1" complexity="1">
          <methods>
            <method name="IncludeAdditionalHelperMethods" signature="()" line-rate="1" branch-rate="1" complexity="NaN">
              <lines />
            </method>
            <method name="IncludeAdditionalHelperMethods" signature="(System.Boolean)" line-rate="1" branch-rate="1" complexity="NaN">
              <lines />
            </method>
            <method name=".ctor" signature="()" line-rate="1" branch-rate="1" complexity="1">
              <lines />
            </method>
          </methods>
          <lines />
        </class>
        <class name="CommunityToolkit.Mvvm.ComponentModel.NotifyCanExecuteChangedForAttribute" filename="/_/src/CommunityToolkit.Mvvm/ComponentModel/Attributes/NotifyCanExecuteChangedForAttribute.cs" line-rate="1" branch-rate="1" complexity="NaN">
          <methods>
            <method name="CommandNames" signature="()" line-rate="1" branch-rate="1" complexity="NaN">
              <lines />
            </method>
            <method name=".ctor" signature="(System.String)" line-rate="1" branch-rate="1" complexity="NaN">
              <lines />
            </method>
            <method name=".ctor" signature="(System.String,System.String[])" line-rate="1" branch-rate="1" complexity="NaN">
              <lines />
            </method>
          </methods>
          <lines />
        </class>
        <class name="CommunityToolkit.Mvvm.ComponentModel.NotifyPropertyChangedForAttribute" filename="/_/src/CommunityToolkit.Mvvm/ComponentModel/Attributes/NotifyPropertyChangedForAttribute.cs" line-rate="1" branch-rate="1" complexity="NaN">
          <methods>
            <method name="PropertyNames" signature="()" line-rate="1" branch-rate="1" complexity="NaN">
              <lines />
            </method>
            <method name=".ctor" signature="(System.String)" line-rate="1" branch-rate="1" complexity="NaN">
              <lines />
            </method>
            <method name=".ctor" signature="(System.String,System.String[])" line-rate="1" branch-rate="1" complexity="NaN">
              <lines />
            </method>
          </methods>
          <lines />
        </class>
        <class name="CommunityToolkit.Mvvm.ComponentModel.ObservableObject" filename="/_/src/CommunityToolkit.Mvvm/ComponentModel/ObservableObject.cs" line-rate="1" branch-rate="1" complexity="7">
          <methods>
            <method name="OnPropertyChanged" signature="(System.ComponentModel.PropertyChangedEventArgs)" line-rate="1" branch-rate="1" complexity="NaN">
              <lines />
            </method>
            <method name="OnPropertyChanging" signature="(System.ComponentModel.PropertyChangingEventArgs)" line-rate="1" branch-rate="1" complexity="NaN">
              <lines />
            </method>
            <method name="OnPropertyChanged" signature="(System.String)" line-rate="1" branch-rate="1" complexity="NaN">
              <lines />
            </method>
            <method name="OnPropertyChanging" signature="(System.String)" line-rate="1" branch-rate="1" complexity="NaN">
              <lines />
            </method>
            <method name="SetProperty" signature="(T&amp;,T,System.String)" line-rate="1" branch-rate="1" complexity="NaN">
              <lines />
            </method>
            <method name="SetProperty" signature="(T&amp;,T,System.Collections.Generic.IEqualityComparer`1&lt;T&gt;,System.String)" line-rate="1" branch-rate="1" complexity="NaN">
              <lines />
            </method>
            <method name="SetProperty" signature="(T,T,System.Action`1&lt;T&gt;,System.String)" line-rate="1" branch-rate="1" complexity="NaN">
              <lines />
            </method>
            <method name="SetProperty" signature="(T,T,System.Collections.Generic.IEqualityComparer`1&lt;T&gt;,System.Action`1&lt;T&gt;,System.String)" line-rate="1" branch-rate="1" complexity="NaN">
              <lines />
            </method>
            <method name="SetProperty" signature="(T,T,TModel,System.Action`2&lt;TModel,T&gt;,System.String)" line-rate="1" branch-rate="1" complexity="NaN">
              <lines />
            </method>
            <method name="SetProperty" signature="(T,T,System.Collections.Generic.IEqualityComparer`1&lt;T&gt;,TModel,System.Action`2&lt;TModel,T&gt;,System.String)" line-rate="1" branch-rate="1" complexity="NaN">
              <lines />
            </method>
            <method name="SetPropertyAndNotifyOnCompletion" signature="(CommunityToolkit.Mvvm.ComponentModel.ObservableObject/TaskNotifier&amp;,System.Threading.Tasks.Task,System.String)" line-rate="1" branch-rate="1" complexity="NaN">
              <lines />
            </method>
            <method name="SetPropertyAndNotifyOnCompletion" signature="(CommunityToolkit.Mvvm.ComponentModel.ObservableObject/TaskNotifier&amp;,System.Threading.Tasks.Task,System.Action`1&lt;System.Threading.Tasks.Task&gt;,System.String)" line-rate="1" branch-rate="1" complexity="NaN">
              <lines />
            </method>
            <method name="SetPropertyAndNotifyOnCompletion" signature="(CommunityToolkit.Mvvm.ComponentModel.ObservableObject/TaskNotifier`1&lt;T&gt;&amp;,System.Threading.Tasks.Task`1&lt;T&gt;,System.String)" line-rate="1" branch-rate="1" complexity="NaN">
              <lines />
            </method>
            <method name="SetPropertyAndNotifyOnCompletion" signature="(CommunityToolkit.Mvvm.ComponentModel.ObservableObject/TaskNotifier`1&lt;T&gt;&amp;,System.Threading.Tasks.Task`1&lt;T&gt;,System.Action`1&lt;System.Threading.Tasks.Task`1&lt;T&gt;&gt;,System.String)" line-rate="1" branch-rate="1" complexity="NaN">
              <lines />
            </method>
            <method name="SetPropertyAndNotifyOnCompletion" signature="(CommunityToolkit.Mvvm.ComponentModel.ObservableObject/ITaskNotifier`1&lt;TTask&gt;,TTask,System.Action`1&lt;TTask&gt;,System.String)" line-rate="1" branch-rate="1" complexity="NaN">
              <lines />
            </method>
            <method name="unityToolkit.Mvvm.ComponentModel.ObservableObject.ITaskNotifier&lt;System.Threading.Tasks.Task&gt;.get_Task" signature="()" line-rate="1" branch-rate="1" complexity="NaN">
              <lines />
            </method>
            <method name="unityToolkit.Mvvm.ComponentModel.ObservableObject.ITaskNotifier&lt;System.Threading.Tasks.Task&gt;.set_Task" signature="(System.Threading.Tasks.Task)" line-rate="1" branch-rate="1" complexity="NaN">
              <lines />
            </method>
            <method name=".ctor" signature="()" line-rate="1" branch-rate="1" complexity="1">
              <lines />
            </method>
            <method name="op_Implicit" signature="(CommunityToolkit.Mvvm.ComponentModel.ObservableObject/TaskNotifier)" line-rate="1" branch-rate="1" complexity="NaN">
              <lines />
            </method>
            <method name="unityToolkit.Mvvm.ComponentModel.ObservableObject.ITaskNotifier&lt;System.Threading.Tasks.Task&lt;T&gt;&gt;.get_Task" signature="()" line-rate="1" branch-rate="1" complexity="NaN">
              <lines />
            </method>
            <method name="unityToolkit.Mvvm.ComponentModel.ObservableObject.ITaskNotifier&lt;System.Threading.Tasks.Task&lt;T&gt;&gt;.set_Task" signature="(System.Threading.Tasks.Task`1&lt;T&gt;)" line-rate="1" branch-rate="1" complexity="NaN">
              <lines />
            </method>
            <method name=".ctor" signature="()" line-rate="1" branch-rate="1" complexity="1">
              <lines />
            </method>
            <method name="op_Implicit" signature="(CommunityToolkit.Mvvm.ComponentModel.ObservableObject/TaskNotifier`1&lt;T&gt;)" line-rate="1" branch-rate="1" complexity="NaN">
              <lines />
            </method>
            <method name="&gt;c__DisplayClass20_0`1/&lt;&lt;SetPropertyAndNotifyOnCompletion" signature="()" line-rate="1" branch-rate="1" complexity="5">
              <lines />
            </method>
          </methods>
          <lines />
        </class>
        <class name="CommunityToolkit.Mvvm.ComponentModel.ObservableRecipient" filename="/_/src/CommunityToolkit.Mvvm/ComponentModel/ObservableRecipient.cs" line-rate="1" branch-rate="1" complexity="3">
          <methods>
            <method name="Messenger" signature="()" line-rate="1" branch-rate="1" complexity="NaN">
              <lines />
            </method>
            <method name="IsActive" signature="()" line-rate="1" branch-rate="1" complexity="NaN">
              <lines />
            </method>
            <method name="IsActive" signature="(System.Boolean)" line-rate="1" branch-rate="1" complexity="NaN">
              <lines />
            </method>
            <method name=".ctor" signature="()" line-rate="1" branch-rate="1" complexity="1">
              <lines />
            </method>
            <method name=".ctor" signature="(CommunityToolkit.Mvvm.Messaging.IMessenger)" line-rate="1" branch-rate="1" complexity="NaN">
              <lines />
            </method>
            <method name="OnActivated" signature="()" line-rate="1" branch-rate="1" complexity="1">
              <lines />
            </method>
            <method name="OnDeactivated" signature="()" line-rate="1" branch-rate="1" complexity="1">
              <lines />
            </method>
            <method name="Broadcast" signature="(T,T,System.String)" line-rate="1" branch-rate="1" complexity="NaN">
              <lines />
            </method>
            <method name="SetProperty" signature="(T&amp;,T,System.Boolean,System.String)" line-rate="1" branch-rate="1" complexity="NaN">
              <lines />
            </method>
            <method name="SetProperty" signature="(T&amp;,T,System.Collections.Generic.IEqualityComparer`1&lt;T&gt;,System.Boolean,System.String)" line-rate="1" branch-rate="1" complexity="NaN">
              <lines />
            </method>
            <method name="SetProperty" signature="(T,T,System.Action`1&lt;T&gt;,System.Boolean,System.String)" line-rate="1" branch-rate="1" complexity="NaN">
              <lines />
            </method>
            <method name="SetProperty" signature="(T,T,System.Collections.Generic.IEqualityComparer`1&lt;T&gt;,System.Action`1&lt;T&gt;,System.Boolean,System.String)" line-rate="1" branch-rate="1" complexity="NaN">
              <lines />
            </method>
            <method name="SetProperty" signature="(T,T,TModel,System.Action`2&lt;TModel,T&gt;,System.Boolean,System.String)" line-rate="1" branch-rate="1" complexity="NaN">
              <lines />
            </method>
            <method name="SetProperty" signature="(T,T,System.Collections.Generic.IEqualityComparer`1&lt;T&gt;,TModel,System.Action`2&lt;TModel,T&gt;,System.Boolean,System.String)" line-rate="1" branch-rate="1" complexity="NaN">
              <lines />
            </method>
          </methods>
          <lines />
        </class>
        <class name="CommunityToolkit.Mvvm.ComponentModel.ObservableValidator" filename="/_/src/CommunityToolkit.Mvvm/ComponentModel/ObservableValidator.cs" line-rate="1" branch-rate="1" complexity="9">
          <methods>
            <method name="HasErrors" signature="()" line-rate="1" branch-rate="1" complexity="NaN">
              <lines />
            </method>
            <method name=".ctor" signature="()" line-rate="1" branch-rate="1" complexity="1">
              <lines />
            </method>
            <method name=".ctor" signature="(System.Collections.Generic.IDictionary`2&lt;System.Object,System.Object&gt;)" line-rate="1" branch-rate="1" complexity="NaN">
              <lines />
            </method>
            <method name=".ctor" signature="(System.IServiceProvider,System.Collections.Generic.IDictionary`2&lt;System.Object,System.Object&gt;)" line-rate="1" branch-rate="1" complexity="NaN">
              <lines />
            </method>
            <method name=".ctor" signature="(System.ComponentModel.DataAnnotations.ValidationContext)" line-rate="1" branch-rate="1" complexity="NaN">
              <lines />
            </method>
            <method name="SetProperty" signature="(T&amp;,T,System.Boolean,System.String)" line-rate="1" branch-rate="1" complexity="NaN">
              <lines />
            </method>
            <method name="SetProperty" signature="(T&amp;,T,System.Collections.Generic.IEqualityComparer`1&lt;T&gt;,System.Boolean,System.String)" line-rate="1" branch-rate="1" complexity="NaN">
              <lines />
            </method>
            <method name="SetProperty" signature="(T,T,System.Action`1&lt;T&gt;,System.Boolean,System.String)" line-rate="1" branch-rate="1" complexity="NaN">
              <lines />
            </method>
            <method name="SetProperty" signature="(T,T,System.Collections.Generic.IEqualityComparer`1&lt;T&gt;,System.Action`1&lt;T&gt;,System.Boolean,System.String)" line-rate="1" branch-rate="1" complexity="NaN">
              <lines />
            </method>
            <method name="SetProperty" signature="(T,T,TModel,System.Action`2&lt;TModel,T&gt;,System.Boolean,System.String)" line-rate="1" branch-rate="1" complexity="NaN">
              <lines />
            </method>
            <method name="SetProperty" signature="(T,T,System.Collections.Generic.IEqualityComparer`1&lt;T&gt;,TModel,System.Action`2&lt;TModel,T&gt;,System.Boolean,System.String)" line-rate="1" branch-rate="1" complexity="NaN">
              <lines />
            </method>
            <method name="TrySetProperty" signature="(T&amp;,T,System.Collections.Generic.IReadOnlyCollection`1&lt;System.ComponentModel.DataAnnotations.ValidationResult&gt;&amp;,System.String)" line-rate="1" branch-rate="1" complexity="NaN">
              <lines />
            </method>
            <method name="TrySetProperty" signature="(T&amp;,T,System.Collections.Generic.IEqualityComparer`1&lt;T&gt;,System.Collections.Generic.IReadOnlyCollection`1&lt;System.ComponentModel.DataAnnotations.ValidationResult&gt;&amp;,System.String)" line-rate="1" branch-rate="1" complexity="NaN">
              <lines />
            </method>
            <method name="TrySetProperty" signature="(T,T,System.Action`1&lt;T&gt;,System.Collections.Generic.IReadOnlyCollection`1&lt;System.ComponentModel.DataAnnotations.ValidationResult&gt;&amp;,System.String)" line-rate="1" branch-rate="1" complexity="NaN">
              <lines />
            </method>
            <method name="TrySetProperty" signature="(T,T,System.Collections.Generic.IEqualityComparer`1&lt;T&gt;,System.Action`1&lt;T&gt;,System.Collections.Generic.IReadOnlyCollection`1&lt;System.ComponentModel.DataAnnotations.ValidationResult&gt;&amp;,System.String)" line-rate="1" branch-rate="1" complexity="NaN">
              <lines />
            </method>
            <method name="TrySetProperty" signature="(T,T,TModel,System.Action`2&lt;TModel,T&gt;,System.Collections.Generic.IReadOnlyCollection`1&lt;System.ComponentModel.DataAnnotations.ValidationResult&gt;&amp;,System.String)" line-rate="1" branch-rate="1" complexity="NaN">
              <lines />
            </method>
            <method name="TrySetProperty" signature="(T,T,System.Collections.Generic.IEqualityComparer`1&lt;T&gt;,TModel,System.Action`2&lt;TModel,T&gt;,System.Collections.Generic.IReadOnlyCollection`1&lt;System.ComponentModel.DataAnnotations.ValidationResult&gt;&amp;,System.String)" line-rate="1" branch-rate="1" complexity="NaN">
              <lines />
            </method>
            <method name="ClearErrors" signature="(System.String)" line-rate="1" branch-rate="1" complexity="NaN">
              <lines />
            </method>
            <method name="GetErrors" signature="(System.String)" line-rate="1" branch-rate="1" complexity="NaN">
              <lines />
            </method>
            <method name="System.ComponentModel.INotifyDataErrorInfo.GetErrors" signature="(System.String)" line-rate="1" branch-rate="1" complexity="NaN">
              <lines />
            </method>
            <method name="ValidateAllProperties" signature="()" line-rate="1" branch-rate="1" complexity="2">
              <lines />
            </method>
            <method name="ValidateProperty" signature="(System.Object,System.String)" line-rate="1" branch-rate="1" complexity="NaN">
              <lines />
            </method>
            <method name="TryValidateProperty" signature="(System.Object,System.String,System.Collections.Generic.IReadOnlyCollection`1&lt;System.ComponentModel.DataAnnotations.ValidationResult&gt;&amp;)" line-rate="1" branch-rate="1" complexity="NaN">
              <lines />
            </method>
            <method name="ClearAllErrors" signature="()" line-rate="1" branch-rate="1" complexity="5">
              <lines />
            </method>
            <method name="ClearErrorsForProperty" signature="(System.String)" line-rate="1" branch-rate="1" complexity="NaN">
              <lines />
            </method>
            <method name="GetDisplayNameForProperty" signature="(System.String)" line-rate="1" branch-rate="1" complexity="NaN">
              <lines />
            </method>
            <method name=".cctor" signature="()" line-rate="1" branch-rate="1" complexity="1">
              <lines />
            </method>
          </methods>
          <lines />
        </class>
        <class name="CommunityToolkit.Mvvm.DependencyInjection.Ioc" filename="/_/src/CommunityToolkit.Mvvm/DependencyInjection/Ioc.cs" line-rate="1" branch-rate="1" complexity="9">
          <methods>
            <method name="Default" signature="()" line-rate="1" branch-rate="1" complexity="NaN">
              <lines />
            </method>
            <method name="GetService" signature="(System.Type)" line-rate="1" branch-rate="1" complexity="NaN">
              <lines />
            </method>
            <method name="GetService" signature="()" line-rate="1" branch-rate="1" complexity="2">
              <lines />
            </method>
            <method name="GetRequiredService" signature="()" line-rate="1" branch-rate="1" complexity="3">
              <lines />
            </method>
            <method name="ConfigureServices" signature="(System.IServiceProvider)" line-rate="1" branch-rate="1" complexity="NaN">
              <lines />
            </method>
            <method name="ThrowInvalidOperationExceptionForMissingInitialization" signature="()" line-rate="1" branch-rate="1" complexity="1">
              <lines />
            </method>
            <method name="ThrowInvalidOperationExceptionForUnregisteredType" signature="()" line-rate="1" branch-rate="1" complexity="1">
              <lines />
            </method>
            <method name="ThrowInvalidOperationExceptionForRepeatedConfiguration" signature="()" line-rate="1" branch-rate="1" complexity="1">
              <lines />
            </method>
            <method name=".cctor" signature="()" line-rate="1" branch-rate="1" complexity="1">
              <lines />
            </method>
          </methods>
          <lines />
        </class>
        <class name="CommunityToolkit.Mvvm.Input.AsyncRelayCommand" filename="/_/src/CommunityToolkit.Mvvm/Input/AsyncRelayCommand.cs" line-rate="1" branch-rate="1" complexity="21">
          <methods>
            <method name="ExecutionTask" signature="()" line-rate="1" branch-rate="1" complexity="NaN">
              <lines />
            </method>
            <method name="ExecutionTask" signature="(System.Threading.Tasks.Task)" line-rate="1" branch-rate="1" complexity="NaN">
              <lines />
            </method>
            <method name="CanBeCanceled" signature="()" line-rate="1" branch-rate="1" complexity="NaN">
              <lines />
            </method>
            <method name="IsCancellationRequested" signature="()" line-rate="1" branch-rate="1" complexity="NaN">
              <lines />
            </method>
            <method name="IsRunning" signature="()" line-rate="1" branch-rate="1" complexity="NaN">
              <lines />
            </method>
            <method name="unityToolkit.Mvvm.Input.Internals.ICancellationAwareCommand.get_IsCancellationSupported" signature="()" line-rate="1" branch-rate="1" complexity="NaN">
              <lines />
            </method>
            <method name=".ctor" signature="(System.Func`1&lt;System.Threading.Tasks.Task&gt;)" line-rate="1" branch-rate="1" complexity="NaN">
              <lines />
            </method>
            <method name=".ctor" signature="(System.Func`1&lt;System.Threading.Tasks.Task&gt;,CommunityToolkit.Mvvm.Input.AsyncRelayCommandOptions)" line-rate="1" branch-rate="1" complexity="NaN">
              <lines />
            </method>
            <method name=".ctor" signature="(System.Func`2&lt;System.Threading.CancellationToken,System.Threading.Tasks.Task&gt;)" line-rate="1" branch-rate="1" complexity="NaN">
              <lines />
            </method>
            <method name=".ctor" signature="(System.Func`2&lt;System.Threading.CancellationToken,System.Threading.Tasks.Task&gt;,CommunityToolkit.Mvvm.Input.AsyncRelayCommandOptions)" line-rate="1" branch-rate="1" complexity="NaN">
              <lines />
            </method>
            <method name=".ctor" signature="(System.Func`1&lt;System.Threading.Tasks.Task&gt;,System.Func`1&lt;System.Boolean&gt;)" line-rate="1" branch-rate="1" complexity="NaN">
              <lines />
            </method>
            <method name=".ctor" signature="(System.Func`1&lt;System.Threading.Tasks.Task&gt;,System.Func`1&lt;System.Boolean&gt;,CommunityToolkit.Mvvm.Input.AsyncRelayCommandOptions)" line-rate="1" branch-rate="1" complexity="NaN">
              <lines />
            </method>
            <method name=".ctor" signature="(System.Func`2&lt;System.Threading.CancellationToken,System.Threading.Tasks.Task&gt;,System.Func`1&lt;System.Boolean&gt;)" line-rate="1" branch-rate="1" complexity="NaN">
              <lines />
            </method>
            <method name=".ctor" signature="(System.Func`2&lt;System.Threading.CancellationToken,System.Threading.Tasks.Task&gt;,System.Func`1&lt;System.Boolean&gt;,CommunityToolkit.Mvvm.Input.AsyncRelayCommandOptions)" line-rate="1" branch-rate="1" complexity="NaN">
              <lines />
            </method>
            <method name="NotifyCanExecuteChanged" signature="()" line-rate="1" branch-rate="1" complexity="2">
              <lines />
            </method>
            <method name="CanExecute" signature="(System.Object)" line-rate="1" branch-rate="1" complexity="NaN">
              <lines />
            </method>
            <method name="Execute" signature="(System.Object)" line-rate="1" branch-rate="1" complexity="NaN">
              <lines />
            </method>
            <method name="ExecuteAsync" signature="(System.Object)" line-rate="1" branch-rate="1" complexity="NaN">
              <lines />
            </method>
            <method name="Cancel" signature="()" line-rate="1" branch-rate="1" complexity="5">
              <lines />
            </method>
            <method name=".cctor" signature="()" line-rate="1" branch-rate="1" complexity="1">
              <lines />
            </method>
            <method name="&lt;set_ExecutionTask" signature="()" line-rate="1" branch-rate="1" complexity="10">
              <lines />
            </method>
            <method name="AwaitAndThrowIfFailed" signature="()" line-rate="1" branch-rate="1" complexity="3">
              <lines />
            </method>
          </methods>
          <lines />
        </class>
        <class name="CommunityToolkit.Mvvm.Input.AsyncRelayCommand`1" filename="/_/src/CommunityToolkit.Mvvm/Input/AsyncRelayCommand{T}.cs" line-rate="1" branch-rate="1" complexity="17">
          <methods>
            <method name="ExecutionTask" signature="()" line-rate="1" branch-rate="1" complexity="NaN">
              <lines />
            </method>
            <method name="ExecutionTask" signature="(System.Threading.Tasks.Task)" line-rate="1" branch-rate="1" complexity="NaN">
              <lines />
            </method>
            <method name="CanBeCanceled" signature="()" line-rate="1" branch-rate="1" complexity="NaN">
              <lines />
            </method>
            <method name="IsCancellationRequested" signature="()" line-rate="1" branch-rate="1" complexity="NaN">
              <lines />
            </method>
            <method name="IsRunning" signature="()" line-rate="1" branch-rate="1" complexity="NaN">
              <lines />
            </method>
            <method name="unityToolkit.Mvvm.Input.Internals.ICancellationAwareCommand.get_IsCancellationSupported" signature="()" line-rate="1" branch-rate="1" complexity="NaN">
              <lines />
            </method>
            <method name=".ctor" signature="(System.Func`2&lt;T,System.Threading.Tasks.Task&gt;)" line-rate="1" branch-rate="1" complexity="NaN">
              <lines />
            </method>
            <method name=".ctor" signature="(System.Func`2&lt;T,System.Threading.Tasks.Task&gt;,CommunityToolkit.Mvvm.Input.AsyncRelayCommandOptions)" line-rate="1" branch-rate="1" complexity="NaN">
              <lines />
            </method>
            <method name=".ctor" signature="(System.Func`3&lt;T,System.Threading.CancellationToken,System.Threading.Tasks.Task&gt;)" line-rate="1" branch-rate="1" complexity="NaN">
              <lines />
            </method>
            <method name=".ctor" signature="(System.Func`3&lt;T,System.Threading.CancellationToken,System.Threading.Tasks.Task&gt;,CommunityToolkit.Mvvm.Input.AsyncRelayCommandOptions)" line-rate="1" branch-rate="1" complexity="NaN">
              <lines />
            </method>
            <method name=".ctor" signature="(System.Func`2&lt;T,System.Threading.Tasks.Task&gt;,System.Predicate`1&lt;T&gt;)" line-rate="1" branch-rate="1" complexity="NaN">
              <lines />
            </method>
            <method name=".ctor" signature="(System.Func`2&lt;T,System.Threading.Tasks.Task&gt;,System.Predicate`1&lt;T&gt;,CommunityToolkit.Mvvm.Input.AsyncRelayCommandOptions)" line-rate="1" branch-rate="1" complexity="NaN">
              <lines />
            </method>
            <method name=".ctor" signature="(System.Func`3&lt;T,System.Threading.CancellationToken,System.Threading.Tasks.Task&gt;,System.Predicate`1&lt;T&gt;)" line-rate="1" branch-rate="1" complexity="NaN">
              <lines />
            </method>
            <method name=".ctor" signature="(System.Func`3&lt;T,System.Threading.CancellationToken,System.Threading.Tasks.Task&gt;,System.Predicate`1&lt;T&gt;,CommunityToolkit.Mvvm.Input.AsyncRelayCommandOptions)" line-rate="1" branch-rate="1" complexity="NaN">
              <lines />
            </method>
            <method name="NotifyCanExecuteChanged" signature="()" line-rate="1" branch-rate="1" complexity="2">
              <lines />
            </method>
            <method name="CanExecute" signature="(T)" line-rate="1" branch-rate="1" complexity="NaN">
              <lines />
            </method>
            <method name="CanExecute" signature="(System.Object)" line-rate="1" branch-rate="1" complexity="NaN">
              <lines />
            </method>
            <method name="Execute" signature="(T)" line-rate="1" branch-rate="1" complexity="NaN">
              <lines />
            </method>
            <method name="Execute" signature="(System.Object)" line-rate="1" branch-rate="1" complexity="NaN">
              <lines />
            </method>
            <method name="ExecuteAsync" signature="(T)" line-rate="1" branch-rate="1" complexity="NaN">
              <lines />
            </method>
            <method name="ExecuteAsync" signature="(System.Object)" line-rate="1" branch-rate="1" complexity="NaN">
              <lines />
            </method>
            <method name="Cancel" signature="()" line-rate="1" branch-rate="1" complexity="5">
              <lines />
            </method>
            <method name="&lt;set_ExecutionTask" signature="()" line-rate="1" branch-rate="1" complexity="10">
              <lines />
            </method>
          </methods>
          <lines />
        </class>
        <class name="CommunityToolkit.Mvvm.Input.IAsyncRelayCommandExtensions" filename="/_/src/CommunityToolkit.Mvvm/Input/IAsyncRelayCommandExtensions.cs" line-rate="1" branch-rate="1" complexity="NaN">
          <methods>
            <method name="CreateCancelCommand" signature="(CommunityToolkit.Mvvm.Input.IAsyncRelayCommand)" line-rate="1" branch-rate="1" complexity="NaN">
              <lines />
            </method>
          </methods>
          <lines />
        </class>
        <class name="CommunityToolkit.Mvvm.Input.Internals.CancelCommand" filename="/_/src/CommunityToolkit.Mvvm/Input/Internals/CancelCommand.cs" line-rate="1" branch-rate="1" complexity="NaN">
          <methods>
            <method name=".ctor" signature="(CommunityToolkit.Mvvm.Input.IAsyncRelayCommand)" line-rate="1" branch-rate="1" complexity="NaN">
              <lines />
            </method>
            <method name="CanExecute" signature="(System.Object)" line-rate="1" branch-rate="1" complexity="NaN">
              <lines />
            </method>
            <method name="Execute" signature="(System.Object)" line-rate="1" branch-rate="1" complexity="NaN">
              <lines />
            </method>
            <method name="OnPropertyChanged" signature="(System.Object,System.ComponentModel.PropertyChangedEventArgs)" line-rate="1" branch-rate="1" complexity="NaN">
              <lines />
            </method>
          </methods>
          <lines />
        </class>
        <class name="CommunityToolkit.Mvvm.Input.Internals.DisabledCommand" filename="/_/src/CommunityToolkit.Mvvm/Input/Internals/DisabledCommand.cs" line-rate="1" branch-rate="1" complexity="1">
          <methods>
            <method name="Instance" signature="()" line-rate="1" branch-rate="1" complexity="NaN">
              <lines />
            </method>
            <method name="add_CanExecuteChanged" signature="(System.EventHandler)" line-rate="1" branch-rate="1" complexity="NaN">
              <lines />
            </method>
            <method name="remove_CanExecuteChanged" signature="(System.EventHandler)" line-rate="1" branch-rate="1" complexity="NaN">
              <lines />
            </method>
            <method name="CanExecute" signature="(System.Object)" line-rate="1" branch-rate="1" complexity="NaN">
              <lines />
            </method>
            <method name="Execute" signature="(System.Object)" line-rate="1" branch-rate="1" complexity="NaN">
              <lines />
            </method>
            <method name=".cctor" signature="()" line-rate="1" branch-rate="1" complexity="1">
              <lines />
            </method>
          </methods>
          <lines />
        </class>
        <class name="CommunityToolkit.Mvvm.Input.RelayCommand" filename="/_/src/CommunityToolkit.Mvvm/Input/RelayCommand.cs" line-rate="1" branch-rate="1" complexity="2">
          <methods>
            <method name=".ctor" signature="(System.Action)" line-rate="1" branch-rate="1" complexity="NaN">
              <lines />
            </method>
            <method name=".ctor" signature="(System.Action,System.Func`1&lt;System.Boolean&gt;)" line-rate="1" branch-rate="1" complexity="NaN">
              <lines />
            </method>
            <method name="NotifyCanExecuteChanged" signature="()" line-rate="1" branch-rate="1" complexity="2">
              <lines />
            </method>
            <method name="CanExecute" signature="(System.Object)" line-rate="1" branch-rate="1" complexity="NaN">
              <lines />
            </method>
            <method name="Execute" signature="(System.Object)" line-rate="1" branch-rate="1" complexity="NaN">
              <lines />
            </method>
          </methods>
          <lines />
        </class>
        <class name="CommunityToolkit.Mvvm.Input.RelayCommand`1" filename="/_/src/CommunityToolkit.Mvvm/Input/RelayCommand{T}.cs" line-rate="1" branch-rate="1" complexity="2">
          <methods>
            <method name=".ctor" signature="(System.Action`1&lt;T&gt;)" line-rate="1" branch-rate="1" complexity="NaN">
              <lines />
            </method>
            <method name=".ctor" signature="(System.Action`1&lt;T&gt;,System.Predicate`1&lt;T&gt;)" line-rate="1" branch-rate="1" complexity="NaN">
              <lines />
            </method>
            <method name="NotifyCanExecuteChanged" signature="()" line-rate="1" branch-rate="1" complexity="2">
              <lines />
            </method>
            <method name="CanExecute" signature="(T)" line-rate="1" branch-rate="1" complexity="NaN">
              <lines />
            </method>
            <method name="CanExecute" signature="(System.Object)" line-rate="1" branch-rate="1" complexity="NaN">
              <lines />
            </method>
            <method name="Execute" signature="(T)" line-rate="1" branch-rate="1" complexity="NaN">
              <lines />
            </method>
            <method name="Execute" signature="(System.Object)" line-rate="1" branch-rate="1" complexity="NaN">
              <lines />
            </method>
            <method name="TryGetCommandArgument" signature="(System.Object,T&amp;)" line-rate="1" branch-rate="1" complexity="NaN">
              <lines />
            </method>
            <method name="ThrowArgumentExceptionForInvalidCommandArgument" signature="(System.Object)" line-rate="1" branch-rate="1" complexity="NaN">
              <lines />
            </method>
          </methods>
          <lines />
        </class>
        <class name="CommunityToolkit.Mvvm.Input.RelayCommandAttribute" filename="/_/src/CommunityToolkit.Mvvm/Input/Attributes/RelayCommandAttribute.cs" line-rate="1" branch-rate="1" complexity="NaN">
          <methods>
            <method name="CanExecute" signature="()" line-rate="1" branch-rate="1" complexity="NaN">
              <lines />
            </method>
            <method name="CanExecute" signature="(System.String)" line-rate="1" branch-rate="1" complexity="NaN">
              <lines />
            </method>
            <method name="AllowConcurrentExecutions" signature="()" line-rate="1" branch-rate="1" complexity="NaN">
              <lines />
            </method>
            <method name="AllowConcurrentExecutions" signature="(System.Boolean)" line-rate="1" branch-rate="1" complexity="NaN">
              <lines />
            </method>
            <method name="FlowExceptionsToTaskScheduler" signature="()" line-rate="1" branch-rate="1" complexity="NaN">
              <lines />
            </method>
            <method name="FlowExceptionsToTaskScheduler" signature="(System.Boolean)" line-rate="1" branch-rate="1" complexity="NaN">
              <lines />
            </method>
            <method name="IncludeCancelCommand" signature="()" line-rate="1" branch-rate="1" complexity="NaN">
              <lines />
            </method>
            <method name="IncludeCancelCommand" signature="(System.Boolean)" line-rate="1" branch-rate="1" complexity="NaN">
              <lines />
            </method>
          </methods>
          <lines />
        </class>
        <class name="CommunityToolkit.Mvvm.Messaging.IMessengerExtensions" filename="/_/src/CommunityToolkit.Mvvm/Messaging/IMessengerExtensions.cs" line-rate="1" branch-rate="1" complexity="3">
          <methods>
            <method name="IsRegistered" signature="(CommunityToolkit.Mvvm.Messaging.IMessenger,System.Object)" line-rate="1" branch-rate="1" complexity="NaN">
              <lines />
            </method>
            <method name="RegisterAll" signature="(CommunityToolkit.Mvvm.Messaging.IMessenger,System.Object)" line-rate="1" branch-rate="1" complexity="NaN">
              <lines />
            </method>
            <method name="RegisterAll" signature="(CommunityToolkit.Mvvm.Messaging.IMessenger,System.Object,TToken)" line-rate="1" branch-rate="1" complexity="NaN">
              <lines />
            </method>
            <method name="Register" signature="(CommunityToolkit.Mvvm.Messaging.IMessenger,CommunityToolkit.Mvvm.Messaging.IRecipient`1&lt;TMessage&gt;)" line-rate="1" branch-rate="1" complexity="NaN">
              <lines />
            </method>
            <method name="Register" signature="(CommunityToolkit.Mvvm.Messaging.IMessenger,CommunityToolkit.Mvvm.Messaging.IRecipient`1&lt;TMessage&gt;,TToken)" line-rate="1" branch-rate="1" complexity="NaN">
              <lines />
            </method>
            <method name="Register" signature="(CommunityToolkit.Mvvm.Messaging.IMessenger,System.Object,CommunityToolkit.Mvvm.Messaging.MessageHandler`2&lt;System.Object,TMessage&gt;)" line-rate="1" branch-rate="1" complexity="NaN">
              <lines />
            </method>
            <method name="Register" signature="(CommunityToolkit.Mvvm.Messaging.IMessenger,TRecipient,CommunityToolkit.Mvvm.Messaging.MessageHandler`2&lt;TRecipient,TMessage&gt;)" line-rate="1" branch-rate="1" complexity="NaN">
              <lines />
            </method>
            <method name="Register" signature="(CommunityToolkit.Mvvm.Messaging.IMessenger,System.Object,TToken,CommunityToolkit.Mvvm.Messaging.MessageHandler`2&lt;System.Object,TMessage&gt;)" line-rate="1" branch-rate="1" complexity="NaN">
              <lines />
            </method>
            <method name="Unregister" signature="(CommunityToolkit.Mvvm.Messaging.IMessenger,System.Object)" line-rate="1" branch-rate="1" complexity="NaN">
              <lines />
            </method>
            <method name="Send" signature="(CommunityToolkit.Mvvm.Messaging.IMessenger)" line-rate="1" branch-rate="1" complexity="NaN">
              <lines />
            </method>
            <method name="Send" signature="(CommunityToolkit.Mvvm.Messaging.IMessenger,TMessage)" line-rate="1" branch-rate="1" complexity="NaN">
              <lines />
            </method>
            <method name="Send" signature="(CommunityToolkit.Mvvm.Messaging.IMessenger,TToken)" line-rate="1" branch-rate="1" complexity="NaN">
              <lines />
            </method>
            <method name=".cctor" signature="()" line-rate="1" branch-rate="1" complexity="1">
              <lines />
            </method>
            <method name=".cctor" signature="()" line-rate="1" branch-rate="1" complexity="1">
              <lines />
            </method>
            <method name=".cctor" signature="()" line-rate="1" branch-rate="1" complexity="1">
              <lines />
            </method>
          </methods>
          <lines />
        </class>
        <class name="CommunityToolkit.Mvvm.Messaging.IMessengerExtensions" filename="/_/src/CommunityToolkit.Mvvm/Messaging/IMessengerExtensions.Observables.cs" line-rate="1" branch-rate="1" complexity="2">
          <methods>
            <method name="CreateObservable" signature="(CommunityToolkit.Mvvm.Messaging.IMessenger)" line-rate="1" branch-rate="1" complexity="NaN">
              <lines />
            </method>
            <method name="CreateObservable" signature="(CommunityToolkit.Mvvm.Messaging.IMessenger,TToken)" line-rate="1" branch-rate="1" complexity="NaN">
              <lines />
            </method>
            <method name=".ctor" signature="(CommunityToolkit.Mvvm.Messaging.IMessenger)" line-rate="1" branch-rate="1" complexity="NaN">
              <lines />
            </method>
            <method name="Subscribe" signature="(System.IObserver`1&lt;TMessage&gt;)" line-rate="1" branch-rate="1" complexity="NaN">
              <lines />
            </method>
            <method name=".ctor" signature="(CommunityToolkit.Mvvm.Messaging.IMessenger,System.IObserver`1&lt;TMessage&gt;)" line-rate="1" branch-rate="1" complexity="NaN">
              <lines />
            </method>
            <method name="Receive" signature="(TMessage)" line-rate="1" branch-rate="1" complexity="NaN">
              <lines />
            </method>
            <method name="Dispose" signature="()" line-rate="1" branch-rate="1" complexity="1">
              <lines />
            </method>
            <method name=".ctor" signature="(CommunityToolkit.Mvvm.Messaging.IMessenger,TToken)" line-rate="1" branch-rate="1" complexity="NaN">
              <lines />
            </method>
            <method name="Subscribe" signature="(System.IObserver`1&lt;TMessage&gt;)" line-rate="1" branch-rate="1" complexity="NaN">
              <lines />
            </method>
            <method name=".ctor" signature="(CommunityToolkit.Mvvm.Messaging.IMessenger,System.IObserver`1&lt;TMessage&gt;,TToken)" line-rate="1" branch-rate="1" complexity="NaN">
              <lines />
            </method>
            <method name="Receive" signature="(TMessage)" line-rate="1" branch-rate="1" complexity="NaN">
              <lines />
            </method>
            <method name="Dispose" signature="()" line-rate="1" branch-rate="1" complexity="1">
              <lines />
            </method>
          </methods>
          <lines />
        </class>
        <class name="CommunityToolkit.Mvvm.Messaging.Internals.ArrayPoolBufferWriter`1" filename="/_/src/CommunityToolkit.Mvvm/Messaging/Internals/ArrayPoolBufferWriter{T}.cs" line-rate="1" branch-rate="1" complexity="3">
          <methods>
            <method name="Span" signature="()" line-rate="1" branch-rate="1" complexity="NaN">
              <lines />
            </method>
            <method name="Create" signature="()" line-rate="1" branch-rate="1" complexity="1">
              <lines />
            </method>
            <method name="Add" signature="(T)" line-rate="1" branch-rate="1" complexity="NaN">
              <lines />
            </method>
            <method name="Reset" signature="()" line-rate="1" branch-rate="1" complexity="1">
              <lines />
            </method>
            <method name="ResizeBufferAndAdd" signature="(T)" line-rate="1" branch-rate="1" complexity="NaN">
              <lines />
            </method>
            <method name="Dispose" signature="()" line-rate="1" branch-rate="1" complexity="1">
              <lines />
            </method>
          </methods>
          <lines />
        </class>
        <class name="CommunityToolkit.Mvvm.Messaging.Internals.MessageHandlerDispatcher" filename="/_/src/CommunityToolkit.Mvvm/Messaging/Internals/MessageHandlerDispatcher.cs" line-rate="1" branch-rate="1" complexity="NaN">
          <methods>
            <method name=".ctor" signature="(CommunityToolkit.Mvvm.Messaging.MessageHandler`2&lt;TRecipient,TMessage&gt;)" line-rate="1" branch-rate="1" complexity="NaN">
              <lines />
            </method>
            <method name="Invoke" signature="(System.Object,System.Object)" line-rate="1" branch-rate="1" complexity="NaN">
              <lines />
            </method>
          </methods>
          <lines />
        </class>
        <class name="CommunityToolkit.Mvvm.Messaging.Internals.Type2" filename="/_/src/CommunityToolkit.Mvvm/Messaging/Internals/Type2.cs" line-rate="1" branch-rate="1" complexity="1">
          <methods>
            <method name=".ctor" signature="(System.Type,System.Type)" line-rate="1" branch-rate="1" complexity="NaN">
              <lines />
            </method>
            <method name="Equals" signature="(CommunityToolkit.Mvvm.Messaging.Internals.Type2)" line-rate="1" branch-rate="1" complexity="NaN">
              <lines />
            </method>
            <method name="Equals" signature="(System.Object)" line-rate="1" branch-rate="1" complexity="NaN">
              <lines />
            </method>
            <method name="GetHashCode" signature="()" line-rate="1" branch-rate="1" complexity="1">
              <lines />
            </method>
          </methods>
          <lines />
        </class>
        <class name="CommunityToolkit.Mvvm.Messaging.Internals.Unit" filename="/_/src/CommunityToolkit.Mvvm/Messaging/Internals/Unit.cs" line-rate="1" branch-rate="1" complexity="1">
          <methods>
            <method name="Equals" signature="(CommunityToolkit.Mvvm.Messaging.Internals.Unit)" line-rate="1" branch-rate="1" complexity="NaN">
              <lines />
            </method>
            <method name="Equals" signature="(System.Object)" line-rate="1" branch-rate="1" complexity="NaN">
              <lines />
            </method>
            <method name="GetHashCode" signature="()" line-rate="1" branch-rate="1" complexity="1">
              <lines />
            </method>
          </methods>
          <lines />
        </class>
        <class name="CommunityToolkit.Mvvm.Messaging.Messages.AsyncCollectionRequestMessage`1" filename="/_/src/CommunityToolkit.Mvvm/Messaging/Messages/AsyncCollectionRequestMessage{T}.cs" line-rate="1" branch-rate="1" complexity="28">
          <methods>
            <method name="CancellationToken" signature="()" line-rate="1" branch-rate="1" complexity="NaN">
              <lines />
            </method>
            <method name="Reply" signature="(T)" line-rate="1" branch-rate="1" complexity="NaN">
              <lines />
            </method>
            <method name="Reply" signature="(System.Threading.Tasks.Task`1&lt;T&gt;)" line-rate="1" branch-rate="1" complexity="NaN">
              <lines />
            </method>
            <method name="Reply" signature="(System.Func`2&lt;System.Threading.CancellationToken,System.Threading.Tasks.Task`1&lt;T&gt;&gt;)" line-rate="1" branch-rate="1" complexity="NaN">
              <lines />
            </method>
            <method name=".ctor" signature="()" line-rate="1" branch-rate="1" complexity="1">
              <lines />
            </method>
            <method name="GetAsyncEnumerator" signature="()" line-rate="1" branch-rate="1" complexity="17">
              <lines />
            </method>
            <method name="GetResponsesAsync" signature="()" line-rate="1" branch-rate="1" complexity="10">
              <lines />
            </method>
          </methods>
          <lines />
        </class>
        <class name="CommunityToolkit.Mvvm.Messaging.Messages.AsyncRequestMessage`1" filename="/_/src/CommunityToolkit.Mvvm/Messaging/Messages/AsyncRequestMessage{T}.cs" line-rate="1" branch-rate="1" complexity="3">
          <methods>
            <method name="Response" signature="()" line-rate="1" branch-rate="1" complexity="NaN">
              <lines />
            </method>
            <method name="HasReceivedResponse" signature="()" line-rate="1" branch-rate="1" complexity="NaN">
              <lines />
            </method>
            <method name="HasReceivedResponse" signature="(System.Boolean)" line-rate="1" branch-rate="1" complexity="NaN">
              <lines />
            </method>
            <method name="Reply" signature="(T)" line-rate="1" branch-rate="1" complexity="NaN">
              <lines />
            </method>
            <method name="Reply" signature="(System.Threading.Tasks.Task`1&lt;T&gt;)" line-rate="1" branch-rate="1" complexity="NaN">
              <lines />
            </method>
            <method name="GetAwaiter" signature="()" line-rate="1" branch-rate="1" complexity="1">
              <lines />
            </method>
            <method name="ThrowInvalidOperationExceptionForNoResponseReceived" signature="()" line-rate="1" branch-rate="1" complexity="1">
              <lines />
            </method>
            <method name="ThrowInvalidOperationExceptionForDuplicateReply" signature="()" line-rate="1" branch-rate="1" complexity="1">
              <lines />
            </method>
          </methods>
          <lines />
        </class>
        <class name="CommunityToolkit.Mvvm.Messaging.Messages.CollectionRequestMessage`1" filename="/_/src/CommunityToolkit.Mvvm/Messaging/Messages/CollectionRequestMessage{T}.cs" line-rate="1" branch-rate="1" complexity="3">
          <methods>
            <method name="Responses" signature="()" line-rate="1" branch-rate="1" complexity="NaN">
              <lines />
            </method>
            <method name="Reply" signature="(T)" line-rate="1" branch-rate="1" complexity="NaN">
              <lines />
            </method>
            <method name="GetEnumerator" signature="()" line-rate="1" branch-rate="1" complexity="1">
              <lines />
            </method>
            <method name="System.Collections.IEnumerable.GetEnumerator" signature="()" line-rate="1" branch-rate="1" complexity="1">
              <lines />
            </method>
            <method name=".ctor" signature="()" line-rate="1" branch-rate="1" complexity="1">
              <lines />
            </method>
          </methods>
          <lines />
        </class>
        <class name="CommunityToolkit.Mvvm.Messaging.Messages.PropertyChangedMessage`1" filename="/_/src/CommunityToolkit.Mvvm/Messaging/Messages/PropertyChangedMessage{T}.cs" line-rate="1" branch-rate="1" complexity="NaN">
          <methods>
            <method name="Sender" signature="()" line-rate="1" branch-rate="1" complexity="NaN">
              <lines />
            </method>
            <method name="PropertyName" signature="()" line-rate="1" branch-rate="1" complexity="NaN">
              <lines />
            </method>
            <method name="OldValue" signature="()" line-rate="1" branch-rate="1" complexity="NaN">
              <lines />
            </method>
            <method name="NewValue" signature="()" line-rate="1" branch-rate="1" complexity="NaN">
              <lines />
            </method>
            <method name=".ctor" signature="(System.Object,System.String,T,T)" line-rate="1" branch-rate="1" complexity="NaN">
              <lines />
            </method>
          </methods>
          <lines />
        </class>
        <class name="CommunityToolkit.Mvvm.Messaging.Messages.RequestMessage`1" filename="/_/src/CommunityToolkit.Mvvm/Messaging/Messages/RequestMessage{T}.cs" line-rate="1" branch-rate="1" complexity="2">
          <methods>
            <method name="Response" signature="()" line-rate="1" branch-rate="1" complexity="NaN">
              <lines />
            </method>
            <method name="HasReceivedResponse" signature="()" line-rate="1" branch-rate="1" complexity="NaN">
              <lines />
            </method>
            <method name="HasReceivedResponse" signature="(System.Boolean)" line-rate="1" branch-rate="1" complexity="NaN">
              <lines />
            </method>
            <method name="Reply" signature="(T)" line-rate="1" branch-rate="1" complexity="NaN">
              <lines />
            </method>
            <method name="op_Implicit" signature="(CommunityToolkit.Mvvm.Messaging.Messages.RequestMessage`1&lt;T&gt;)" line-rate="1" branch-rate="1" complexity="NaN">
              <lines />
            </method>
            <method name="ThrowInvalidOperationExceptionForNoResponseReceived" signature="()" line-rate="1" branch-rate="1" complexity="1">
              <lines />
            </method>
            <method name="ThrowInvalidOperationExceptionForDuplicateReply" signature="()" line-rate="1" branch-rate="1" complexity="1">
              <lines />
            </method>
          </methods>
          <lines />
        </class>
        <class name="CommunityToolkit.Mvvm.Messaging.Messages.ValueChangedMessage`1" filename="/_/src/CommunityToolkit.Mvvm/Messaging/Messages/ValueChangedMessage{T}.cs" line-rate="1" branch-rate="1" complexity="NaN">
          <methods>
            <method name="Value" signature="()" line-rate="1" branch-rate="1" complexity="NaN">
              <lines />
            </method>
            <method name=".ctor" signature="(T)" line-rate="1" branch-rate="1" complexity="NaN">
              <lines />
            </method>
          </methods>
          <lines />
        </class>
        <class name="CommunityToolkit.Mvvm.Messaging.StrongReferenceMessenger" filename="/_/src/CommunityToolkit.Mvvm/Messaging/StrongReferenceMessenger.cs" line-rate="1" branch-rate="1" complexity="13">
          <methods>
            <method name="Default" signature="()" line-rate="1" branch-rate="1" complexity="NaN">
              <lines />
            </method>
            <method name="IsRegistered" signature="(System.Object,TToken)" line-rate="1" branch-rate="1" complexity="NaN">
              <lines />
            </method>
            <method name="Register" signature="(TRecipient,TToken,CommunityToolkit.Mvvm.Messaging.MessageHandler`2&lt;TRecipient,TMessage&gt;)" line-rate="1" branch-rate="1" complexity="NaN">
              <lines />
            </method>
            <method name="Register" signature="(CommunityToolkit.Mvvm.Messaging.IRecipient`1&lt;TMessage&gt;,TToken)" line-rate="1" branch-rate="1" complexity="NaN">
              <lines />
            </method>
            <method name="Register" signature="(System.Object,TToken,CommunityToolkit.Mvvm.Messaging.Internals.MessageHandlerDispatcher)" line-rate="1" branch-rate="1" complexity="NaN">
              <lines />
            </method>
            <method name="UnregisterAll" signature="(System.Object)" line-rate="1" branch-rate="1" complexity="NaN">
              <lines />
            </method>
            <method name="UnregisterAll" signature="(System.Object,TToken)" line-rate="1" branch-rate="1" complexity="NaN">
              <lines />
            </method>
            <method name="Unregister" signature="(System.Object,TToken)" line-rate="1" branch-rate="1" complexity="NaN">
              <lines />
            </method>
            <method name="Send" signature="(TMessage,TToken)" line-rate="1" branch-rate="1" complexity="NaN">
              <lines />
            </method>
            <method name="CommunityToolkit.Mvvm.Messaging.IMessenger.Cleanup" signature="()" line-rate="1" branch-rate="1" complexity="1">
              <lines />
            </method>
            <method name="Reset" signature="()" line-rate="1" branch-rate="1" complexity="2">
              <lines />
            </method>
            <method name="TryGetMapping" signature="(CommunityToolkit.Mvvm.Messaging.StrongReferenceMessenger/Mapping&amp;)" line-rate="1" branch-rate="1" complexity="NaN">
              <lines />
            </method>
            <method name="TryGetMapping" signature="(CommunityToolkit.Mvvm.Messaging.StrongReferenceMessenger/Mapping`1&lt;TToken&gt;&amp;)" line-rate="1" branch-rate="1" complexity="NaN">
              <lines />
            </method>
            <method name="GetOrAddMapping" signature="()" line-rate="1" branch-rate="1" complexity="2">
              <lines />
            </method>
            <method name="GetOrAddMapping" signature="()" line-rate="1" branch-rate="1" complexity="2">
              <lines />
            </method>
            <method name="ThrowInvalidOperationExceptionForDuplicateRegistration" signature="()" line-rate="1" branch-rate="1" complexity="1">
              <lines />
            </method>
            <method name=".ctor" signature="()" line-rate="1" branch-rate="1" complexity="1">
              <lines />
            </method>
            <method name=".cctor" signature="()" line-rate="1" branch-rate="1" complexity="1">
              <lines />
            </method>
            <method name="TypeArguments" signature="()" line-rate="1" branch-rate="1" complexity="NaN">
              <lines />
            </method>
            <method name=".ctor" signature="(System.Type)" line-rate="1" branch-rate="1" complexity="NaN">
              <lines />
            </method>
            <method name="Create" signature="()" line-rate="1" branch-rate="1" complexity="1">
              <lines />
            </method>
            <method name="TypeArguments" signature="()" line-rate="1" branch-rate="1" complexity="NaN">
              <lines />
            </method>
            <method name=".ctor" signature="(System.Type)" line-rate="1" branch-rate="1" complexity="NaN">
              <lines />
            </method>
            <method name="Create" signature="()" line-rate="1" branch-rate="1" complexity="1">
              <lines />
            </method>
            <method name=".ctor" signature="(System.Object)" line-rate="1" branch-rate="1" complexity="NaN">
              <lines />
            </method>
            <method name="Equals" signature="(CommunityToolkit.Mvvm.Messaging.StrongReferenceMessenger/Recipient)" line-rate="1" branch-rate="1" complexity="NaN">
              <lines />
            </method>
            <method name="Equals" signature="(System.Object)" line-rate="1" branch-rate="1" complexity="NaN">
              <lines />
            </method>
            <method name="GetHashCode" signature="()" line-rate="1" branch-rate="1" complexity="1">
              <lines />
            </method>
          </methods>
          <lines />
        </class>
        <class name="CommunityToolkit.Mvvm.Messaging.WeakReferenceMessenger" filename="/_/src/CommunityToolkit.Mvvm/Messaging/WeakReferenceMessenger.cs" line-rate="1" branch-rate="1" complexity="20">
          <methods>
            <method name="Default" signature="()" line-rate="1" branch-rate="1" complexity="NaN">
              <lines />
            </method>
            <method name=".ctor" signature="()" line-rate="1" branch-rate="1" complexity="2">
              <lines />
            </method>
            <method name="IsRegistered" signature="(System.Object,TToken)" line-rate="1" branch-rate="1" complexity="NaN">
              <lines />
            </method>
            <method name="Register" signature="(TRecipient,TToken,CommunityToolkit.Mvvm.Messaging.MessageHandler`2&lt;TRecipient,TMessage&gt;)" line-rate="1" branch-rate="1" complexity="NaN">
              <lines />
            </method>
            <method name="Register" signature="(CommunityToolkit.Mvvm.Messaging.IRecipient`1&lt;TMessage&gt;,TToken)" line-rate="1" branch-rate="1" complexity="NaN">
              <lines />
            </method>
            <method name="Register" signature="(System.Object,TToken,CommunityToolkit.Mvvm.Messaging.Internals.MessageHandlerDispatcher)" line-rate="1" branch-rate="1" complexity="NaN">
              <lines />
            </method>
            <method name="UnregisterAll" signature="(System.Object)" line-rate="1" branch-rate="1" complexity="NaN">
              <lines />
            </method>
            <method name="UnregisterAll" signature="(System.Object,TToken)" line-rate="1" branch-rate="1" complexity="NaN">
              <lines />
            </method>
            <method name="Unregister" signature="(System.Object,TToken)" line-rate="1" branch-rate="1" complexity="NaN">
              <lines />
            </method>
            <method name="Send" signature="(TMessage,TToken)" line-rate="1" branch-rate="1" complexity="NaN">
              <lines />
            </method>
            <method name="SendAll" signature="(System.ReadOnlySpan`1&lt;System.Object&gt;,System.Int32,TMessage)" line-rate="1" branch-rate="1" complexity="NaN">
              <lines />
            </method>
            <method name="Cleanup" signature="()" line-rate="1" branch-rate="1" complexity="2">
              <lines />
            </method>
            <method name="Reset" signature="()" line-rate="1" branch-rate="1" complexity="2">
              <lines />
            </method>
            <method name="CleanupWithNonBlockingLock" signature="()" line-rate="1" branch-rate="1" complexity="3">
              <lines />
            </method>
            <method name="CleanupWithoutLock" signature="()" line-rate="1" branch-rate="1" complexity="9">
              <lines />
            </method>
            <method name="ThrowInvalidOperationExceptionForDuplicateRegistration" signature="()" line-rate="1" branch-rate="1" complexity="1">
              <lines />
            </method>
            <method name=".cctor" signature="()" line-rate="1" branch-rate="1" complexity="1">
              <lines />
            </method>
          </methods>
          <lines />
        </class>
        <class name="Configuration" filename="/_/src/CommunityToolkit.Mvvm/Properties/Configuration.cs" line-rate="1" branch-rate="1" complexity="1">
          <methods>
            <method name="GetConfigurationValue" signature="(System.String)" line-rate="1" branch-rate="1" complexity="NaN">
              <lines />
            </method>
            <method name=".cctor" signature="()" line-rate="1" branch-rate="1" complexity="1">
              <lines />
            </method>
          </methods>
          <lines />
        </class>
        <class name="System.Collections.Generic.Dictionary2`2" filename="/_/src/CommunityToolkit.Mvvm/Messaging/Internals/System/Collections.Generic/Dictionary2.cs" line-rate="1" branch-rate="1" complexity="9">
          <methods>
            <method name="Count" signature="()" line-rate="1" branch-rate="1" complexity="NaN">
              <lines />
            </method>
            <method name="Item" signature="(TKey)" line-rate="1" branch-rate="1" complexity="NaN">
              <lines />
            </method>
            <method name=".ctor" signature="()" line-rate="1" branch-rate="1" complexity="1">
              <lines />
            </method>
            <method name="Clear" signature="()" line-rate="1" branch-rate="1" complexity="2">
              <lines />
            </method>
            <method name="ContainsKey" signature="(TKey)" line-rate="1" branch-rate="1" complexity="NaN">
              <lines />
            </method>
            <method name="TryGetValue" signature="(TKey,TValue&amp;)" line-rate="1" branch-rate="1" complexity="NaN">
              <lines />
            </method>
            <method name="TryRemove" signature="(TKey)" line-rate="1" branch-rate="1" complexity="NaN">
              <lines />
            </method>
            <method name="GetOrAddValueRef" signature="(TKey)" line-rate="1" branch-rate="1" complexity="NaN">
              <lines />
            </method>
            <method name="GetEnumerator" signature="()" line-rate="1" branch-rate="1" complexity="1">
              <lines />
            </method>
            <method name="FindValue" signature="(TKey)" line-rate="1" branch-rate="1" complexity="NaN">
              <lines />
            </method>
            <method name="Initialize" signature="(System.Int32)" line-rate="1" branch-rate="1" complexity="NaN">
              <lines />
            </method>
            <method name="Resize" signature="()" line-rate="1" branch-rate="1" complexity="3">
              <lines />
            </method>
            <method name="GetBucket" signature="(System.UInt32)" line-rate="1" branch-rate="1" complexity="NaN">
              <lines />
            </method>
            <method name="ThrowArgumentExceptionForKeyNotFound" signature="(TKey)" line-rate="1" branch-rate="1" complexity="NaN">
              <lines />
            </method>
            <method name=".ctor" signature="(System.Collections.Generic.Dictionary2`2&lt;TKey,TValue&gt;)" line-rate="1" branch-rate="1" complexity="NaN">
              <lines />
            </method>
            <method name="MoveNext" signature="()" line-rate="1" branch-rate="1" complexity="NaN">
              <lines />
            </method>
            <method name="GetKey" signature="()" line-rate="1" branch-rate="1" complexity="1">
              <lines />
            </method>
            <method name="GetValue" signature="()" line-rate="1" branch-rate="1" complexity="1">
              <lines />
            </method>
          </methods>
          <lines />
        </class>
        <class name="System.Collections.Generic.HashHelpers" filename="/_/src/CommunityToolkit.Mvvm/Messaging/Internals/System/Collections.Generic/HashHelpers.cs" line-rate="1" branch-rate="1" complexity="1">
          <methods>
            <method name="IsPrime" signature="(System.Int32)" line-rate="1" branch-rate="1" complexity="NaN">
              <lines />
            </method>
            <method name="GetPrime" signature="(System.Int32)" line-rate="1" branch-rate="1" complexity="NaN">
              <lines />
            </method>
            <method name="ExpandPrime" signature="(System.Int32)" line-rate="1" branch-rate="1" complexity="NaN">
              <lines />
            </method>
            <method name="GetFastModMultiplier" signature="(System.UInt32)" line-rate="1" branch-rate="1" complexity="NaN">
              <lines />
[...]
              <lines />
            </method>
            <method name="RequireXunitTestProperty" signature="(System.Boolean)" line-rate="1" branch-rate="1" complexity="NaN">
              <lines />
            </method>
          </methods>
          <lines />
        </class>
        <class name="Xunit.Runner.VisualStudio.VisualStudioRunnerLogger" filename="C:\Dev\xunit\xunit\src\xunit.runner.visualstudio\Utility\VisualStudioRunnerLogger.cs" line-rate="1" branch-rate="1" complexity="1">
          <methods>
            <method name="LockObject" signature="()" line-rate="1" branch-rate="1" complexity="NaN">
              <lines />
            </method>
            <method name=".ctor" signature="(LoggerHelper)" line-rate="1" branch-rate="1" complexity="NaN">
              <lines />
            </method>
            <method name="LogError" signature="(Xunit.StackFrameInfo,System.String)" line-rate="1" branch-rate="1" complexity="NaN">
              <lines />
            </method>
            <method name="LogImportantMessage" signature="(Xunit.StackFrameInfo,System.String)" line-rate="1" branch-rate="1" complexity="NaN">
              <lines />
            </method>
            <method name="LogMessage" signature="(Xunit.StackFrameInfo,System.String)" line-rate="1" branch-rate="1" complexity="NaN">
              <lines />
            </method>
            <method name="LogWarning" signature="(Xunit.StackFrameInfo,System.String)" line-rate="1" branch-rate="1" complexity="NaN">
              <lines />
            </method>
            <method name=".cctor" signature="()" line-rate="1" branch-rate="1" complexity="1">
              <lines />
            </method>
          </methods>
          <lines />
        </class>
        <class name="Xunit.Runner.VisualStudio.VsDiscoverySink" filename="C:\Dev\xunit\xunit\src\xunit.runner.visualstudio\Sinks\VsDiscoverySink.cs" line-rate="1" branch-rate="1" complexity="11">
          <methods>
            <method name="Finished" signature="()" line-rate="1" branch-rate="1" complexity="NaN">
              <lines />
            </method>
            <method name="TotalTests" signature="()" line-rate="1" branch-rate="1" complexity="NaN">
              <lines />
            </method>
            <method name="TotalTests" signature="(System.Int32)" line-rate="1" branch-rate="1" complexity="NaN">
              <lines />
            </method>
            <method name=".ctor" signature="(System.String,Xunit.Abstractions.ITestFrameworkDiscoverer,LoggerHelper,Microsoft.VisualStudio.TestPlatform.ObjectModel.Adapter.ITestCaseDiscoverySink,Xunit.Abstractions.ITestFrameworkDiscoveryOptions,Xunit.Runner.VisualStudio.TestPlatformContext,System.Func`1&lt;System.Boolean&gt;)" line-rate="1" branch-rate="1" complexity="NaN">
              <lines />
            </method>
            <method name="Dispose" signature="()" line-rate="1" branch-rate="1" complexity="1">
              <lines />
            </method>
            <method name="CreateVsTestCase" signature="(System.String,Xunit.TestCaseDescriptor,LoggerHelper,Xunit.Runner.VisualStudio.TestPlatformContext)" line-rate="1" branch-rate="1" complexity="NaN">
              <lines />
            </method>
            <method name="Escape" signature="(System.String)" line-rate="1" branch-rate="1" complexity="NaN">
              <lines />
            </method>
            <method name="Truncate" signature="(System.String)" line-rate="1" branch-rate="1" complexity="NaN">
              <lines />
            </method>
            <method name="Finish" signature="()" line-rate="1" branch-rate="1" complexity="1">
              <lines />
            </method>
            <method name="GetAddTraitThunk" signature="()" line-rate="1" branch-rate="1" complexity="3">
              <lines />
            </method>
            <method name="HandleCancellation" signature="(Xunit.MessageHandlerArgs)" line-rate="1" branch-rate="1" complexity="NaN">
              <lines />
            </method>
            <method name="HandleTestCaseDiscoveryMessage" signature="(Xunit.MessageHandlerArgs`1&lt;Xunit.Abstractions.ITestCaseDiscoveryMessage&gt;)" line-rate="1" branch-rate="1" complexity="NaN">
              <lines />
            </method>
            <method name="HandleDiscoveryCompleteMessage" signature="(Xunit.MessageHandlerArgs`1&lt;Xunit.Abstractions.IDiscoveryCompleteMessage&gt;)" line-rate="1" branch-rate="1" complexity="NaN">
              <lines />
            </method>
            <method name="Xunit.IMessageSinkWithTypes.OnMessageWithTypes" signature="(Xunit.Abstractions.IMessageSinkMessage,System.Collections.Generic.HashSet`1&lt;System.String&gt;)" line-rate="1" branch-rate="1" complexity="NaN">
              <lines />
            </method>
            <method name="SendExistingTestCases" signature="()" line-rate="1" branch-rate="1" complexity="5">
              <lines />
            </method>
            <method name="GuidFromString" signature="(System.String)" line-rate="1" branch-rate="1" complexity="NaN">
              <lines />
            </method>
            <method name=".cctor" signature="()" line-rate="1" branch-rate="1" complexity="1">
              <lines />
            </method>
          </methods>
          <lines />
        </class>
        <class name="Xunit.Runner.VisualStudio.VsExecutionDiscoverySink" filename="C:\Dev\xunit\xunit\src\xunit.runner.visualstudio\Sinks\VsExecutionDiscoverySink.cs" line-rate="1" branch-rate="1" complexity="1">
          <methods>
            <method name=".ctor" signature="(System.Func`1&lt;System.Boolean&gt;)" line-rate="1" branch-rate="1" complexity="NaN">
              <lines />
            </method>
            <method name="Finish" signature="()" line-rate="1" branch-rate="1" complexity="1">
              <lines />
            </method>
          </methods>
          <lines />
        </class>
        <class name="Xunit.Runner.VisualStudio.VsExecutionSink" filename="C:\Dev\xunit\xunit\src\xunit.runner.visualstudio\Sinks\VsExecutionSink.cs" line-rate="1" branch-rate="1" complexity="1">
          <methods>
            <method name="ExecutionSummary" signature="()" line-rate="1" branch-rate="1" complexity="NaN">
              <lines />
            </method>
            <method name="ExecutionSummary" signature="(Xunit.ExecutionSummary)" line-rate="1" branch-rate="1" complexity="NaN">
              <lines />
            </method>
            <method name="Finished" signature="()" line-rate="1" branch-rate="1" complexity="NaN">
              <lines />
            </method>
            <method name=".ctor" signature="(Xunit.IMessageSinkWithTypes,Microsoft.VisualStudio.TestPlatform.ObjectModel.Adapter.ITestExecutionRecorder,LoggerHelper,System.Collections.Generic.Dictionary`2&lt;System.String,Microsoft.VisualStudio.TestPlatform.ObjectModel.TestCase&gt;,Xunit.Abstractions.ITestFrameworkExecutionOptions,System.Func`1&lt;System.Boolean&gt;)" line-rate="1" branch-rate="1" complexity="NaN">
              <lines />
            </method>
            <method name="Dispose" signature="()" line-rate="1" branch-rate="1" complexity="1">
              <lines />
            </method>
            <method name="FindTestCase" signature="(Xunit.Abstractions.ITestCase)" line-rate="1" branch-rate="1" complexity="NaN">
              <lines />
            </method>
            <method name="TryAndReport" signature="(System.String,Xunit.Abstractions.ITestCase,System.Action)" line-rate="1" branch-rate="1" complexity="NaN">
              <lines />
            </method>
            <method name="HandleCancellation" signature="(Xunit.MessageHandlerArgs)" line-rate="1" branch-rate="1" complexity="NaN">
              <lines />
            </method>
            <method name="HandleErrorMessage" signature="(Xunit.MessageHandlerArgs`1&lt;Xunit.Abstractions.IErrorMessage&gt;)" line-rate="1" branch-rate="1" complexity="NaN">
              <lines />
            </method>
            <method name="HandleTestAssemblyFinished" signature="(Xunit.MessageHandlerArgs`1&lt;Xunit.Abstractions.ITestAssemblyFinished&gt;)" line-rate="1" branch-rate="1" complexity="NaN">
              <lines />
            </method>
            <method name="HandleTestFailed" signature="(Xunit.MessageHandlerArgs`1&lt;Xunit.Abstractions.ITestFailed&gt;)" line-rate="1" branch-rate="1" complexity="NaN">
              <lines />
            </method>
            <method name="HandleTestPassed" signature="(Xunit.MessageHandlerArgs`1&lt;Xunit.Abstractions.ITestPassed&gt;)" line-rate="1" branch-rate="1" complexity="NaN">
              <lines />
            </method>
            <method name="HandleTestSkipped" signature="(Xunit.MessageHandlerArgs`1&lt;Xunit.Abstractions.ITestSkipped&gt;)" line-rate="1" branch-rate="1" complexity="NaN">
              <lines />
            </method>
            <method name="HandleTestCaseStarting" signature="(Xunit.MessageHandlerArgs`1&lt;Xunit.Abstractions.ITestCaseStarting&gt;)" line-rate="1" branch-rate="1" complexity="NaN">
              <lines />
            </method>
            <method name="HandleTestCaseFinished" signature="(Xunit.MessageHandlerArgs`1&lt;Xunit.Abstractions.ITestCaseFinished&gt;)" line-rate="1" branch-rate="1" complexity="NaN">
              <lines />
            </method>
            <method name="HandleTestAssemblyCleanupFailure" signature="(Xunit.MessageHandlerArgs`1&lt;Xunit.Abstractions.ITestAssemblyCleanupFailure&gt;)" line-rate="1" branch-rate="1" complexity="NaN">
              <lines />
            </method>
            <method name="HandleTestCaseCleanupFailure" signature="(Xunit.MessageHandlerArgs`1&lt;Xunit.Abstractions.ITestCaseCleanupFailure&gt;)" line-rate="1" branch-rate="1" complexity="NaN">
              <lines />
            </method>
            <method name="HandleTestClassCleanupFailure" signature="(Xunit.MessageHandlerArgs`1&lt;Xunit.Abstractions.ITestClassCleanupFailure&gt;)" line-rate="1" branch-rate="1" complexity="NaN">
              <lines />
            </method>
            <method name="HandleTestCollectionCleanupFailure" signature="(Xunit.MessageHandlerArgs`1&lt;Xunit.Abstractions.ITestCollectionCleanupFailure&gt;)" line-rate="1" branch-rate="1" complexity="NaN">
              <lines />
            </method>
            <method name="HandleTestCleanupFailure" signature="(Xunit.MessageHandlerArgs`1&lt;Xunit.Abstractions.ITestCleanupFailure&gt;)" line-rate="1" branch-rate="1" complexity="NaN">
              <lines />
            </method>
            <method name="HandleTestMethodCleanupFailure" signature="(Xunit.MessageHandlerArgs`1&lt;Xunit.Abstractions.ITestMethodCleanupFailure&gt;)" line-rate="1" branch-rate="1" complexity="NaN">
              <lines />
            </method>
            <method name="WriteError" signature="(System.String,Xunit.Abstractions.IFailureInformation,System.Collections.Generic.IEnumerable`1&lt;Xunit.Abstractions.ITestCase&gt;)" line-rate="1" branch-rate="1" complexity="NaN">
              <lines />
            </method>
            <method name="MakeVsTestResult" signature="(Microsoft.VisualStudio.TestPlatform.ObjectModel.TestOutcome,Xunit.Abstractions.ITestResultMessage)" line-rate="1" branch-rate="1" complexity="NaN">
              <lines />
            </method>
            <method name="MakeVsTestResult" signature="(Microsoft.VisualStudio.TestPlatform.ObjectModel.TestOutcome,Xunit.Abstractions.ITestSkipped)" line-rate="1" branch-rate="1" complexity="NaN">
              <lines />
            </method>
            <method name="MakeVsTestResult" signature="(Microsoft.VisualStudio.TestPlatform.ObjectModel.TestOutcome,Xunit.Abstractions.ITestCase,System.String,System.Double,System.String)" line-rate="1" branch-rate="1" complexity="NaN">
              <lines />
            </method>
            <method name="GetAggregatedTestOutcome" signature="(Xunit.Abstractions.ITestCaseFinished)" line-rate="1" branch-rate="1" complexity="NaN">
              <lines />
            </method>
            <method name="OnMessageWithTypes" signature="(Xunit.Abstractions.IMessageSinkMessage,System.Collections.Generic.HashSet`1&lt;System.String&gt;)" line-rate="1" branch-rate="1" complexity="NaN">
              <lines />
            </method>
          </methods>
          <lines />
        </class>
        <class name="Xunit.Runner.VisualStudio.VsTestRunner" filename="C:\Dev\xunit\xunit\src\xunit.runner.visualstudio\VsTestRunner.cs" line-rate="1" branch-rate="1" complexity="3">
          <methods>
            <method name="Cancel" signature="()" line-rate="1" branch-rate="1" complexity="1">
              <lines />
            </method>
            <method name="Microsoft.VisualStudio.TestPlatform.ObjectModel.Adapter.ITestDiscoverer.DiscoverTests" signature="(System.Collections.Generic.IEnumerable`1&lt;System.String&gt;,Microsoft.VisualStudio.TestPlatform.ObjectModel.Adapter.IDiscoveryContext,Microsoft.VisualStudio.TestPlatform.ObjectModel.Logging.IMessageLogger,Microsoft.VisualStudio.TestPlatform.ObjectModel.Adapter.ITestCaseDiscoverySink)" line-rate="1" branch-rate="1" complexity="NaN">
              <lines />
            </method>
            <method name="PrintHeader" signature="(LoggerHelper)" line-rate="1" branch-rate="1" complexity="NaN">
              <lines />
            </method>
            <method name="Microsoft.VisualStudio.TestPlatform.ObjectModel.Adapter.ITestExecutor.RunTests" signature="(System.Collections.Generic.IEnumerable`1&lt;System.String&gt;,Microsoft.VisualStudio.TestPlatform.ObjectModel.Adapter.IRunContext,Microsoft.VisualStudio.TestPlatform.ObjectModel.Adapter.IFrameworkHandle)" line-rate="1" branch-rate="1" complexity="NaN">
              <lines />
            </method>
            <method name="Microsoft.VisualStudio.TestPlatform.ObjectModel.Adapter.ITestExecutor.RunTests" signature="(System.Collections.Generic.IEnumerable`1&lt;Microsoft.VisualStudio.TestPlatform.ObjectModel.TestCase&gt;,Microsoft.VisualStudio.TestPlatform.ObjectModel.Adapter.IRunContext,Microsoft.VisualStudio.TestPlatform.ObjectModel.Adapter.IFrameworkHandle)" line-rate="1" branch-rate="1" complexity="NaN">
              <lines />
            </method>
            <method name="ContainsAppX" signature="(System.Collections.Generic.IEnumerable`1&lt;System.String&gt;)" line-rate="1" branch-rate="1" complexity="NaN">
              <lines />
            </method>
            <method name="DiscoverTests" signature="(System.Collections.Generic.IEnumerable`1&lt;System.String&gt;,LoggerHelper,Xunit.Runner.VisualStudio.TestPlatformContext,Xunit.Runner.VisualStudio.RunSettings,System.Func`4&lt;System.String,Xunit.Abstractions.ITestFrameworkDiscoverer,Xunit.Abstractions.ITestFrameworkDiscoveryOptions,TVisitor&gt;,System.Action`4&lt;System.String,Xunit.Abstractions.ITestFrameworkDiscoverer,Xunit.Abstractions.ITestFrameworkDiscoveryOptions,TVisitor&gt;)" line-rate="1" branch-rate="1" complexity="NaN">
              <lines />
            </method>
            <method name="DiscoverTestsInSource" signature="(Xunit.XunitFrontController,LoggerHelper,Xunit.Runner.VisualStudio.TestPlatformContext,Xunit.Runner.VisualStudio.RunSettings,System.Func`4&lt;System.String,Xunit.Abstractions.ITestFrameworkDiscoverer,Xunit.Abstractions.ITestFrameworkDiscoveryOptions,TVisitor&gt;,System.Action`4&lt;System.String,Xunit.Abstractions.ITestFrameworkDiscoverer,Xunit.Abstractions.ITestFrameworkDiscoveryOptions,TVisitor&gt;,System.String,System.Boolean,Xunit.TestAssemblyConfiguration)" line-rate="1" branch-rate="1" complexity="NaN">
              <lines />
            </method>
            <method name="GetConfigurationStreamForAssembly" signature="(System.String)" line-rate="1" branch-rate="1" complexity="NaN">
              <lines />
            </method>
            <method name="GetTestProperty" signature="()" line-rate="1" branch-rate="1" complexity="1">
              <lines />
            </method>
            <method name="IsXunitTestAssembly" signature="(System.String)" line-rate="1" branch-rate="1" complexity="NaN">
              <lines />
            </method>
            <method name="GetAssemblyFileName" signature="(System.String)" line-rate="1" branch-rate="1" complexity="NaN">
              <lines />
            </method>
            <method name="LoadConfiguration" signature="(System.String)" line-rate="1" branch-rate="1" complexity="NaN">
              <lines />
            </method>
            <method name="RunTests" signature="(Microsoft.VisualStudio.TestPlatform.ObjectModel.Adapter.IRunContext,Microsoft.VisualStudio.TestPlatform.ObjectModel.Adapter.IFrameworkHandle,LoggerHelper,Xunit.Runner.VisualStudio.TestPlatformContext,Xunit.Runner.VisualStudio.RunSettings,System.Func`1&lt;System.Collections.Generic.List`1&lt;Xunit.Runner.VisualStudio.AssemblyRunInfo&gt;&gt;)" line-rate="1" branch-rate="1" complexity="NaN">
              <lines />
            </method>
            <method name="RunTestsInAssembly" signature="(Microsoft.VisualStudio.TestPlatform.ObjectModel.Adapter.IRunContext,Microsoft.VisualStudio.TestPlatform.ObjectModel.Adapter.IFrameworkHandle,LoggerHelper,Xunit.Runner.VisualStudio.TestPlatformContext,Xunit.Runner.VisualStudio.RunSettings,Xunit.IMessageSinkWithTypes,Xunit.Runner.VisualStudio.AssemblyRunInfo)" line-rate="1" branch-rate="1" complexity="NaN">
              <lines />
            </method>
            <method name="RunTestsInAssemblyAsync" signature="(Microsoft.VisualStudio.TestPlatform.ObjectModel.Adapter.IRunContext,Microsoft.VisualStudio.TestPlatform.ObjectModel.Adapter.IFrameworkHandle,LoggerHelper,Xunit.Runner.VisualStudio.TestPlatformContext,Xunit.Runner.VisualStudio.RunSettings,Xunit.IMessageSinkWithTypes,Xunit.Runner.VisualStudio.AssemblyRunInfo)" line-rate="1" branch-rate="1" complexity="NaN">
              <lines />
            </method>
            <method name="GetRunnerReporter" signature="(LoggerHelper,Xunit.Runner.VisualStudio.RunSettings,System.Collections.Generic.IEnumerable`1&lt;System.String&gt;)" line-rate="1" branch-rate="1" complexity="NaN">
              <lines />
            </method>
            <method name="GetAvailableRunnerReporters" signature="(System.Collections.Generic.IEnumerable`1&lt;System.String&gt;)" line-rate="1" branch-rate="1" complexity="NaN">
              <lines />
            </method>
            <method name="GetVsTestCases" signature="(System.String,Xunit.Abstractions.ITestFrameworkDiscoverer,Xunit.Runner.VisualStudio.VsExecutionDiscoverySink,LoggerHelper,Xunit.Runner.VisualStudio.TestPlatformContext)" line-rate="1" branch-rate="1" complexity="NaN">
              <lines />
            </method>
            <method name=".cctor" signature="()" line-rate="1" branch-rate="1" complexity="1">
              <lines />
            </method>
            <method name="Name" signature="()" line-rate="1" branch-rate="1" complexity="NaN">
              <lines />
            </method>
            <method name="TraitNames" signature="()" line-rate="1" branch-rate="1" complexity="NaN">
              <lines />
            </method>
            <method name="VSTestCase" signature="()" line-rate="1" branch-rate="1" complexity="NaN">
              <lines />
            </method>
            <method name="TestCase" signature="()" line-rate="1" branch-rate="1" complexity="NaN">
              <lines />
            </method>
            <method name="UniqueID" signature="()" line-rate="1" branch-rate="1" complexity="NaN">
              <lines />
            </method>
            <method name=".ctor" signature="(System.String,Xunit.TestCaseDescriptor,Xunit.Abstractions.ITestCase,LoggerHelper,Xunit.Runner.VisualStudio.TestPlatformContext)" line-rate="1" branch-rate="1" complexity="NaN">
              <lines />
            </method>
          </methods>
          <lines />
        </class>
      </classes>
    </package>
  </packages>
</coverage>